#! /mingw64/bin/vvp
:ivl_version "12.0 (stable)";
:ivl_delay_selection "TYPICAL";
:vpi_time_precision + 0;
:vpi_module "C:\msys64\mingw64\lib\ivl\system.vpi";
:vpi_module "C:\msys64\mingw64\lib\ivl\vhdl_sys.vpi";
:vpi_module "C:\msys64\mingw64\lib\ivl\vhdl_textio.vpi";
:vpi_module "C:\msys64\mingw64\lib\ivl\v2005_math.vpi";
:vpi_module "C:\msys64\mingw64\lib\ivl\va_math.vpi";
S_000002d6bda765c0 .scope module, "ALU_test" "ALU_test" 2 2;
 .timescale 0 0;
v000002d6bdb5aa20_0 .net "P", 0 0, L_000002d6bdb5afc0;  1 drivers
v000002d6bdb5b880_0 .net "V", 0 0, L_000002d6bdaf6ef0;  1 drivers
v000002d6bdb5b9c0_0 .net "ZR", 0 0, L_000002d6bdb5af20;  1 drivers
v000002d6bdb5b920_0 .var "a", 15 0;
v000002d6bdb5ae80_0 .var "b", 15 0;
v000002d6bdb5ba60_0 .net "carry", 0 0, L_000002d6bdc0ea50;  1 drivers
v000002d6bdb5b2e0_0 .net "s", 15 0, L_000002d6bdbbadf0;  1 drivers
v000002d6bdb5ad40_0 .net "sn", 0 0, L_000002d6bdb5aac0;  1 drivers
S_000002d6bda76750 .scope module, "M" "ALU" 2 8, 3 20 0, S_000002d6bda765c0;
 .timescale 0 0;
    .port_info 0 /INPUT 16 "a";
    .port_info 1 /INPUT 16 "b";
    .port_info 2 /OUTPUT 16 "s";
    .port_info 3 /OUTPUT 1 "sign";
    .port_info 4 /OUTPUT 1 "zero";
    .port_info 5 /OUTPUT 1 "carry";
    .port_info 6 /OUTPUT 1 "parity";
    .port_info 7 /OUTPUT 1 "overflow";
L_000002d6bdaf74a0 .functor AND 1, L_000002d6bdb5b060, L_000002d6bdb5b100, C4<1>, C4<1>;
L_000002d6bdaf6a90 .functor NOT 1, L_000002d6bdbb93b0, C4<0>, C4<0>, C4<0>;
L_000002d6bdaf7970 .functor AND 1, L_000002d6bdaf74a0, L_000002d6bdaf6a90, C4<1>, C4<1>;
L_000002d6bdaf6e80 .functor NOT 1, L_000002d6bdbb8f50, C4<0>, C4<0>, C4<0>;
L_000002d6bdaf7510 .functor NOT 1, L_000002d6bdbba350, C4<0>, C4<0>, C4<0>;
L_000002d6bdaf72e0 .functor AND 1, L_000002d6bdaf6e80, L_000002d6bdaf7510, C4<1>, C4<1>;
L_000002d6bdaf7740 .functor AND 1, L_000002d6bdaf72e0, L_000002d6bdbb8ff0, C4<1>, C4<1>;
L_000002d6bdaf6ef0 .functor OR 1, L_000002d6bdaf7970, L_000002d6bdaf7740, C4<0>, C4<0>;
v000002d6bdb5a840_0 .net *"_ivl_10", 0 0, L_000002d6bdaf74a0;  1 drivers
v000002d6bdb5bec0_0 .net *"_ivl_13", 0 0, L_000002d6bdbb93b0;  1 drivers
v000002d6bdb5b740_0 .net *"_ivl_14", 0 0, L_000002d6bdaf6a90;  1 drivers
v000002d6bdb5b420_0 .net *"_ivl_16", 0 0, L_000002d6bdaf7970;  1 drivers
v000002d6bdb5b4c0_0 .net *"_ivl_19", 0 0, L_000002d6bdbb8f50;  1 drivers
v000002d6bdb5ab60_0 .net *"_ivl_20", 0 0, L_000002d6bdaf6e80;  1 drivers
v000002d6bdb5bce0_0 .net *"_ivl_23", 0 0, L_000002d6bdbba350;  1 drivers
v000002d6bdb5b560_0 .net *"_ivl_24", 0 0, L_000002d6bdaf7510;  1 drivers
v000002d6bdb5bd80_0 .net *"_ivl_26", 0 0, L_000002d6bdaf72e0;  1 drivers
v000002d6bdb5a8e0_0 .net *"_ivl_29", 0 0, L_000002d6bdbb8ff0;  1 drivers
v000002d6bdb5aca0_0 .net *"_ivl_30", 0 0, L_000002d6bdaf7740;  1 drivers
v000002d6bdb5b240_0 .net *"_ivl_7", 0 0, L_000002d6bdb5b060;  1 drivers
v000002d6bdb5bb00_0 .net *"_ivl_9", 0 0, L_000002d6bdb5b100;  1 drivers
v000002d6bdb5b600_0 .net "a", 15 0, v000002d6bdb5b920_0;  1 drivers
v000002d6bdb5bc40_0 .net "b", 15 0, v000002d6bdb5ae80_0;  1 drivers
v000002d6bdb5bba0 .array "c", 0 2;
v000002d6bdb5bba0_0 .net v000002d6bdb5bba0 0, 0 0, L_000002d6bdb5db90; 1 drivers
v000002d6bdb5bba0_1 .net v000002d6bdb5bba0 1, 0 0, L_000002d6bdc0a300; 1 drivers
v000002d6bdb5bba0_2 .net v000002d6bdb5bba0 2, 0 0, L_000002d6bdc0d120; 1 drivers
v000002d6bdb5b6a0_0 .net "carry", 0 0, L_000002d6bdc0ea50;  alias, 1 drivers
v000002d6bdb5be20_0 .net "overflow", 0 0, L_000002d6bdaf6ef0;  alias, 1 drivers
v000002d6bdb5a980_0 .net "parity", 0 0, L_000002d6bdb5afc0;  alias, 1 drivers
v000002d6bdb5b7e0_0 .net "s", 15 0, L_000002d6bdbbadf0;  alias, 1 drivers
v000002d6bdb5ac00_0 .net "sign", 0 0, L_000002d6bdb5aac0;  alias, 1 drivers
v000002d6bdb5b1a0_0 .net "zero", 0 0, L_000002d6bdb5af20;  alias, 1 drivers
L_000002d6bdb5aac0 .part L_000002d6bdbbadf0, 15, 1;
L_000002d6bdb5af20 .reduce/nor L_000002d6bdbbadf0;
L_000002d6bdb5afc0 .reduce/xnor L_000002d6bdbbadf0;
L_000002d6bdb5b060 .part v000002d6bdb5b920_0, 15, 1;
L_000002d6bdb5b100 .part v000002d6bdb5ae80_0, 15, 1;
L_000002d6bdbb93b0 .part L_000002d6bdbbadf0, 15, 1;
L_000002d6bdbb8f50 .part v000002d6bdb5b920_0, 15, 1;
L_000002d6bdbba350 .part v000002d6bdb5ae80_0, 15, 1;
L_000002d6bdbb8ff0 .part L_000002d6bdbbadf0, 15, 1;
L_000002d6bdbb9130 .part v000002d6bdb5b920_0, 0, 4;
L_000002d6bdbba710 .part v000002d6bdb5ae80_0, 0, 4;
L_000002d6bdbb9810 .part v000002d6bdb5b920_0, 4, 4;
L_000002d6bdbba850 .part v000002d6bdb5ae80_0, 4, 4;
L_000002d6bdbb84b0 .part v000002d6bdb5b920_0, 8, 4;
L_000002d6bdbb91d0 .part v000002d6bdb5ae80_0, 8, 4;
L_000002d6bdbbb930 .part v000002d6bdb5b920_0, 12, 4;
L_000002d6bdbbaad0 .part v000002d6bdb5ae80_0, 12, 4;
L_000002d6bdbbadf0 .concat8 [ 4 4 4 4], L_000002d6bdbb82d0, L_000002d6bdbba670, L_000002d6bdbb8410, L_000002d6bdbbba70;
S_000002d6bdab4df0 .scope module, "a0" "adder4" 3 33, 4 31 0, S_000002d6bda76750;
 .timescale 0 0;
    .port_info 0 /INPUT 4 "a";
    .port_info 1 /INPUT 4 "b";
    .port_info 2 /OUTPUT 4 "s";
    .port_info 3 /OUTPUT 1 "cout";
    .port_info 4 /INPUT 1 "cin";
L_000002d6bdaf6f60 .functor XOR 1, L_000002d6bdbb8230, L_000002d6bdbb8a50, C4<0>, C4<0>;
L_000002d6bdaf6c50 .functor XOR 1, L_000002d6bdbb9e50, L_000002d6bdbb9450, C4<0>, C4<0>;
L_000002d6bdaf6cc0 .functor XOR 1, L_000002d6bdbba490, L_000002d6bdbb94f0, C4<0>, C4<0>;
L_000002d6bdaf7350 .functor XOR 1, L_000002d6bdbba3f0, L_000002d6bdbb9090, C4<0>, C4<0>;
L_000002d6bdaf6fd0 .functor AND 1, L_000002d6bdbb9bd0, L_000002d6bdbb89b0, C4<1>, C4<1>;
L_000002d6bdaf75f0 .functor AND 1, L_000002d6bdbb9d10, L_000002d6bdbb8cd0, C4<1>, C4<1>;
L_000002d6bdaf70b0 .functor AND 1, L_000002d6bdbb96d0, L_000002d6bdbb98b0, C4<1>, C4<1>;
L_000002d6bdaf7120 .functor AND 1, L_000002d6bdbb8730, L_000002d6bdbb9630, C4<1>, C4<1>;
L_000002d6bdbbf0c8 .functor BUFT 1, C4<0>, C4<0>, C4<0>, C4<0>;
L_000002d6bdaf7660 .functor AND 1, L_000002d6bdaf6f60, L_000002d6bdbbf0c8, C4<1>, C4<1>;
L_000002d6bdaf7190 .functor OR 1, L_000002d6bdaf6fd0, L_000002d6bdaf7660, C4<0>, C4<0>;
L_000002d6bdaf7200 .functor AND 1, L_000002d6bdaf6c50, L_000002d6bdaf6fd0, C4<1>, C4<1>;
L_000002d6bdaf7270 .functor OR 1, L_000002d6bdaf75f0, L_000002d6bdaf7200, C4<0>, C4<0>;
L_000002d6bdaf7430 .functor AND 1, L_000002d6bdaf6c50, L_000002d6bdaf6f60, C4<1>, C4<1>;
L_000002d6bdaf73c0 .functor AND 1, L_000002d6bdaf7430, L_000002d6bdbbf0c8, C4<1>, C4<1>;
L_000002d6bdaf7580 .functor OR 1, L_000002d6bdaf7270, L_000002d6bdaf73c0, C4<0>, C4<0>;
L_000002d6bdb5dd50 .functor AND 1, L_000002d6bdaf6cc0, L_000002d6bdaf75f0, C4<1>, C4<1>;
L_000002d6bdb5e1b0 .functor OR 1, L_000002d6bdaf70b0, L_000002d6bdb5dd50, C4<0>, C4<0>;
L_000002d6bdb5d6c0 .functor AND 1, L_000002d6bdaf6cc0, L_000002d6bdaf6c50, C4<1>, C4<1>;
L_000002d6bdb5d7a0 .functor AND 1, L_000002d6bdb5d6c0, L_000002d6bdaf6fd0, C4<1>, C4<1>;
L_000002d6bdb5d880 .functor OR 1, L_000002d6bdb5e1b0, L_000002d6bdb5d7a0, C4<0>, C4<0>;
L_000002d6bdb5d570 .functor AND 1, L_000002d6bdaf6cc0, L_000002d6bdaf6c50, C4<1>, C4<1>;
L_000002d6bdb5dab0 .functor AND 1, L_000002d6bdb5d570, L_000002d6bdaf6f60, C4<1>, C4<1>;
L_000002d6bdb5e220 .functor AND 1, L_000002d6bdb5dab0, L_000002d6bdbbf0c8, C4<1>, C4<1>;
L_000002d6bdb5d810 .functor OR 1, L_000002d6bdb5d880, L_000002d6bdb5e220, C4<0>, C4<0>;
L_000002d6bdb5d8f0 .functor AND 1, L_000002d6bdaf7350, L_000002d6bdaf70b0, C4<1>, C4<1>;
L_000002d6bdb5dff0 .functor OR 1, L_000002d6bdaf7120, L_000002d6bdb5d8f0, C4<0>, C4<0>;
L_000002d6bdb5d730 .functor AND 1, L_000002d6bdaf7350, L_000002d6bdaf6cc0, C4<1>, C4<1>;
L_000002d6bdb5e140 .functor AND 1, L_000002d6bdb5d730, L_000002d6bdaf75f0, C4<1>, C4<1>;
L_000002d6bdb5ddc0 .functor OR 1, L_000002d6bdb5dff0, L_000002d6bdb5e140, C4<0>, C4<0>;
L_000002d6bdb5d960 .functor AND 1, L_000002d6bdaf7350, L_000002d6bdaf6cc0, C4<1>, C4<1>;
L_000002d6bdb5d5e0 .functor AND 1, L_000002d6bdb5d960, L_000002d6bdaf6c50, C4<1>, C4<1>;
L_000002d6bdb5d9d0 .functor AND 1, L_000002d6bdb5d5e0, L_000002d6bdaf6fd0, C4<1>, C4<1>;
L_000002d6bdb5dea0 .functor OR 1, L_000002d6bdb5ddc0, L_000002d6bdb5d9d0, C4<0>, C4<0>;
L_000002d6bdb5d500 .functor AND 1, L_000002d6bdaf7350, L_000002d6bdaf6cc0, C4<1>, C4<1>;
L_000002d6bdb5da40 .functor AND 1, L_000002d6bdb5d500, L_000002d6bdaf6c50, C4<1>, C4<1>;
L_000002d6bdb5db20 .functor AND 1, L_000002d6bdb5da40, L_000002d6bdaf6f60, C4<1>, C4<1>;
L_000002d6bdb5e0d0 .functor AND 1, L_000002d6bdb5db20, L_000002d6bdbbf0c8, C4<1>, C4<1>;
L_000002d6bdb5db90 .functor OR 1, L_000002d6bdb5dea0, L_000002d6bdb5e0d0, C4<0>, C4<0>;
L_000002d6bdb5dc00 .functor XOR 1, L_000002d6bdaf6f60, L_000002d6bdbbf0c8, C4<0>, C4<0>;
L_000002d6bdb5d650 .functor XOR 1, L_000002d6bdaf6c50, L_000002d6bdaf7190, C4<0>, C4<0>;
L_000002d6bdb5e060 .functor XOR 1, L_000002d6bdaf6cc0, L_000002d6bdaf7580, C4<0>, C4<0>;
L_000002d6bdb5dc70 .functor XOR 1, L_000002d6bdaf7350, L_000002d6bdb5d810, C4<0>, C4<0>;
v000002d6bdaf5a20_0 .net *"_ivl_1", 0 0, L_000002d6bdbb8230;  1 drivers
v000002d6bdaf5ca0_0 .net *"_ivl_100", 0 0, L_000002d6bdb5da40;  1 drivers
v000002d6bdaf67e0_0 .net *"_ivl_102", 0 0, L_000002d6bdb5db20;  1 drivers
v000002d6bdaf4b20_0 .net *"_ivl_104", 0 0, L_000002d6bdb5e0d0;  1 drivers
v000002d6bdaf6420_0 .net *"_ivl_110", 0 0, L_000002d6bdb5dc00;  1 drivers
v000002d6bdaf5700_0 .net *"_ivl_114", 0 0, L_000002d6bdb5d650;  1 drivers
v000002d6bdaf4ee0_0 .net *"_ivl_118", 0 0, L_000002d6bdb5e060;  1 drivers
v000002d6bdaf57a0_0 .net *"_ivl_123", 0 0, L_000002d6bdb5dc70;  1 drivers
v000002d6bdaf5fc0_0 .net *"_ivl_13", 0 0, L_000002d6bdbba490;  1 drivers
v000002d6bdaf5f20_0 .net *"_ivl_15", 0 0, L_000002d6bdbb94f0;  1 drivers
v000002d6bdaf5840_0 .net *"_ivl_19", 0 0, L_000002d6bdbba3f0;  1 drivers
v000002d6bdaf6380_0 .net *"_ivl_21", 0 0, L_000002d6bdbb9090;  1 drivers
v000002d6bdaf4bc0_0 .net *"_ivl_25", 0 0, L_000002d6bdbb9bd0;  1 drivers
v000002d6bdaf6240_0 .net *"_ivl_27", 0 0, L_000002d6bdbb89b0;  1 drivers
v000002d6bdaf5ac0_0 .net *"_ivl_3", 0 0, L_000002d6bdbb8a50;  1 drivers
v000002d6bdaf6920_0 .net *"_ivl_31", 0 0, L_000002d6bdbb9d10;  1 drivers
v000002d6bdaf62e0_0 .net *"_ivl_33", 0 0, L_000002d6bdbb8cd0;  1 drivers
v000002d6bdaf4c60_0 .net *"_ivl_37", 0 0, L_000002d6bdbb96d0;  1 drivers
v000002d6bdaf4f80_0 .net *"_ivl_39", 0 0, L_000002d6bdbb98b0;  1 drivers
v000002d6bdaf5020_0 .net *"_ivl_43", 0 0, L_000002d6bdbb8730;  1 drivers
v000002d6bdaf50c0_0 .net *"_ivl_45", 0 0, L_000002d6bdbb9630;  1 drivers
v000002d6bdaf64c0_0 .net *"_ivl_48", 0 0, L_000002d6bdaf7660;  1 drivers
v000002d6bdaf6560_0 .net *"_ivl_52", 0 0, L_000002d6bdaf7200;  1 drivers
v000002d6bdaf5b60_0 .net *"_ivl_54", 0 0, L_000002d6bdaf7270;  1 drivers
v000002d6bdaf6600_0 .net *"_ivl_56", 0 0, L_000002d6bdaf7430;  1 drivers
v000002d6bdaf5c00_0 .net *"_ivl_58", 0 0, L_000002d6bdaf73c0;  1 drivers
v000002d6bdaf66a0_0 .net *"_ivl_62", 0 0, L_000002d6bdb5dd50;  1 drivers
v000002d6bdaf5d40_0 .net *"_ivl_64", 0 0, L_000002d6bdb5e1b0;  1 drivers
v000002d6bdaf6740_0 .net *"_ivl_66", 0 0, L_000002d6bdb5d6c0;  1 drivers
v000002d6bdabff40_0 .net *"_ivl_68", 0 0, L_000002d6bdb5d7a0;  1 drivers
v000002d6bdacd100_0 .net *"_ivl_7", 0 0, L_000002d6bdbb9e50;  1 drivers
v000002d6bdae73e0_0 .net *"_ivl_70", 0 0, L_000002d6bdb5d880;  1 drivers
v000002d6bdb52f40_0 .net *"_ivl_72", 0 0, L_000002d6bdb5d570;  1 drivers
v000002d6bdb525e0_0 .net *"_ivl_74", 0 0, L_000002d6bdb5dab0;  1 drivers
v000002d6bdb531c0_0 .net *"_ivl_76", 0 0, L_000002d6bdb5e220;  1 drivers
v000002d6bdb52cc0_0 .net *"_ivl_80", 0 0, L_000002d6bdb5d8f0;  1 drivers
v000002d6bdb53bc0_0 .net *"_ivl_82", 0 0, L_000002d6bdb5dff0;  1 drivers
v000002d6bdb53080_0 .net *"_ivl_84", 0 0, L_000002d6bdb5d730;  1 drivers
v000002d6bdb52ea0_0 .net *"_ivl_86", 0 0, L_000002d6bdb5e140;  1 drivers
v000002d6bdb51f00_0 .net *"_ivl_88", 0 0, L_000002d6bdb5ddc0;  1 drivers
v000002d6bdb51fa0_0 .net *"_ivl_9", 0 0, L_000002d6bdbb9450;  1 drivers
v000002d6bdb53620_0 .net *"_ivl_90", 0 0, L_000002d6bdb5d960;  1 drivers
v000002d6bdb52680_0 .net *"_ivl_92", 0 0, L_000002d6bdb5d5e0;  1 drivers
v000002d6bdb53260_0 .net *"_ivl_94", 0 0, L_000002d6bdb5d9d0;  1 drivers
v000002d6bdb53580_0 .net *"_ivl_96", 0 0, L_000002d6bdb5dea0;  1 drivers
v000002d6bdb52d60_0 .net *"_ivl_98", 0 0, L_000002d6bdb5d500;  1 drivers
v000002d6bdb527c0_0 .net "a", 3 0, L_000002d6bdbb9130;  1 drivers
v000002d6bdb52a40_0 .net "b", 3 0, L_000002d6bdbba710;  1 drivers
v000002d6bdb533a0_0 .net "c1", 0 0, L_000002d6bdaf7190;  1 drivers
v000002d6bdb52860_0 .net "c2", 0 0, L_000002d6bdaf7580;  1 drivers
v000002d6bdb51e60_0 .net "c3", 0 0, L_000002d6bdb5d810;  1 drivers
v000002d6bdb52360_0 .net "cin", 0 0, L_000002d6bdbbf0c8;  1 drivers
v000002d6bdb52ae0_0 .net "cout", 0 0, L_000002d6bdb5db90;  alias, 1 drivers
v000002d6bdb52e00_0 .net "g0", 0 0, L_000002d6bdaf6fd0;  1 drivers
v000002d6bdb52040_0 .net "g1", 0 0, L_000002d6bdaf75f0;  1 drivers
v000002d6bdb529a0_0 .net "g2", 0 0, L_000002d6bdaf70b0;  1 drivers
v000002d6bdb52720_0 .net "g3", 0 0, L_000002d6bdaf7120;  1 drivers
v000002d6bdb53120_0 .net "p0", 0 0, L_000002d6bdaf6f60;  1 drivers
v000002d6bdb53c60_0 .net "p1", 0 0, L_000002d6bdaf6c50;  1 drivers
v000002d6bdb520e0_0 .net "p2", 0 0, L_000002d6bdaf6cc0;  1 drivers
v000002d6bdb536c0_0 .net "p3", 0 0, L_000002d6bdaf7350;  1 drivers
v000002d6bdb52180_0 .net "s", 3 0, L_000002d6bdbb82d0;  1 drivers
L_000002d6bdbb8230 .part L_000002d6bdbb9130, 0, 1;
L_000002d6bdbb8a50 .part L_000002d6bdbba710, 0, 1;
L_000002d6bdbb9e50 .part L_000002d6bdbb9130, 1, 1;
L_000002d6bdbb9450 .part L_000002d6bdbba710, 1, 1;
L_000002d6bdbba490 .part L_000002d6bdbb9130, 2, 1;
L_000002d6bdbb94f0 .part L_000002d6bdbba710, 2, 1;
L_000002d6bdbba3f0 .part L_000002d6bdbb9130, 3, 1;
L_000002d6bdbb9090 .part L_000002d6bdbba710, 3, 1;
L_000002d6bdbb9bd0 .part L_000002d6bdbb9130, 0, 1;
L_000002d6bdbb89b0 .part L_000002d6bdbba710, 0, 1;
L_000002d6bdbb9d10 .part L_000002d6bdbb9130, 1, 1;
L_000002d6bdbb8cd0 .part L_000002d6bdbba710, 1, 1;
L_000002d6bdbb96d0 .part L_000002d6bdbb9130, 2, 1;
L_000002d6bdbb98b0 .part L_000002d6bdbba710, 2, 1;
L_000002d6bdbb8730 .part L_000002d6bdbb9130, 3, 1;
L_000002d6bdbb9630 .part L_000002d6bdbba710, 3, 1;
L_000002d6bdbb82d0 .concat8 [ 1 1 1 1], L_000002d6bdb5dc00, L_000002d6bdb5d650, L_000002d6bdb5e060, L_000002d6bdb5dc70;
S_000002d6bdaff090 .scope module, "a1" "adder4" 3 34, 4 31 0, S_000002d6bda76750;
 .timescale 0 0;
    .port_info 0 /INPUT 4 "a";
    .port_info 1 /INPUT 4 "b";
    .port_info 2 /OUTPUT 4 "s";
    .port_info 3 /OUTPUT 1 "cout";
    .port_info 4 /INPUT 1 "cin";
L_000002d6bdb5dce0 .functor XOR 1, L_000002d6bdbb9db0, L_000002d6bdbba7b0, C4<0>, C4<0>;
L_000002d6bdb5e290 .functor XOR 1, L_000002d6bdbb9f90, L_000002d6bdbb9590, C4<0>, C4<0>;
L_000002d6bdb5e300 .functor XOR 1, L_000002d6bdbb8910, L_000002d6bdbb9ef0, C4<0>, C4<0>;
L_000002d6bdb5de30 .functor XOR 1, L_000002d6bdbb9770, L_000002d6bdbb9270, C4<0>, C4<0>;
L_000002d6bdb5df10 .functor AND 1, L_000002d6bdbb8d70, L_000002d6bdbb8af0, C4<1>, C4<1>;
L_000002d6bdb5e370 .functor AND 1, L_000002d6bdbb8b90, L_000002d6bdbba530, C4<1>, C4<1>;
L_000002d6bdb5df80 .functor AND 1, L_000002d6bdbb9c70, L_000002d6bdbb8e10, C4<1>, C4<1>;
L_000002d6bdb5e3e0 .functor AND 1, L_000002d6bdbb9950, L_000002d6bdbba5d0, C4<1>, C4<1>;
L_000002d6bdc0ad80 .functor AND 1, L_000002d6bdb5dce0, L_000002d6bdb5db90, C4<1>, C4<1>;
L_000002d6bdc0a760 .functor OR 1, L_000002d6bdb5df10, L_000002d6bdc0ad80, C4<0>, C4<0>;
L_000002d6bdc0ae60 .functor AND 1, L_000002d6bdb5e290, L_000002d6bdb5df10, C4<1>, C4<1>;
L_000002d6bdc0adf0 .functor OR 1, L_000002d6bdb5e370, L_000002d6bdc0ae60, C4<0>, C4<0>;
L_000002d6bdc0aa00 .functor AND 1, L_000002d6bdb5e290, L_000002d6bdb5dce0, C4<1>, C4<1>;
L_000002d6bdc0b020 .functor AND 1, L_000002d6bdc0aa00, L_000002d6bdb5db90, C4<1>, C4<1>;
L_000002d6bdc0af40 .functor OR 1, L_000002d6bdc0adf0, L_000002d6bdc0b020, C4<0>, C4<0>;
L_000002d6bdc0aae0 .functor AND 1, L_000002d6bdb5e300, L_000002d6bdb5e370, C4<1>, C4<1>;
L_000002d6bdc0ab50 .functor OR 1, L_000002d6bdb5df80, L_000002d6bdc0aae0, C4<0>, C4<0>;
L_000002d6bdc0abc0 .functor AND 1, L_000002d6bdb5e300, L_000002d6bdb5e290, C4<1>, C4<1>;
L_000002d6bdc0a5a0 .functor AND 1, L_000002d6bdc0abc0, L_000002d6bdb5df10, C4<1>, C4<1>;
L_000002d6bdc0a920 .functor OR 1, L_000002d6bdc0ab50, L_000002d6bdc0a5a0, C4<0>, C4<0>;
L_000002d6bdc0a7d0 .functor AND 1, L_000002d6bdb5e300, L_000002d6bdb5e290, C4<1>, C4<1>;
L_000002d6bdc0a6f0 .functor AND 1, L_000002d6bdc0a7d0, L_000002d6bdb5dce0, C4<1>, C4<1>;
L_000002d6bdc0a840 .functor AND 1, L_000002d6bdc0a6f0, L_000002d6bdb5db90, C4<1>, C4<1>;
L_000002d6bdc0ad10 .functor OR 1, L_000002d6bdc0a920, L_000002d6bdc0a840, C4<0>, C4<0>;
L_000002d6bdc0afb0 .functor AND 1, L_000002d6bdb5de30, L_000002d6bdb5df80, C4<1>, C4<1>;
L_000002d6bdc0a680 .functor OR 1, L_000002d6bdb5e3e0, L_000002d6bdc0afb0, C4<0>, C4<0>;
L_000002d6bdc0ac30 .functor AND 1, L_000002d6bdb5de30, L_000002d6bdb5e300, C4<1>, C4<1>;
L_000002d6bdc0a8b0 .functor AND 1, L_000002d6bdc0ac30, L_000002d6bdb5e370, C4<1>, C4<1>;
L_000002d6bdc0a610 .functor OR 1, L_000002d6bdc0a680, L_000002d6bdc0a8b0, C4<0>, C4<0>;
L_000002d6bdc0a1b0 .functor AND 1, L_000002d6bdb5de30, L_000002d6bdb5e300, C4<1>, C4<1>;
L_000002d6bdc0a990 .functor AND 1, L_000002d6bdc0a1b0, L_000002d6bdb5e290, C4<1>, C4<1>;
L_000002d6bdc0aed0 .functor AND 1, L_000002d6bdc0a990, L_000002d6bdb5df10, C4<1>, C4<1>;
L_000002d6bdc0aa70 .functor OR 1, L_000002d6bdc0a610, L_000002d6bdc0aed0, C4<0>, C4<0>;
L_000002d6bdc0aca0 .functor AND 1, L_000002d6bdb5de30, L_000002d6bdb5e300, C4<1>, C4<1>;
L_000002d6bdc0a140 .functor AND 1, L_000002d6bdc0aca0, L_000002d6bdb5e290, C4<1>, C4<1>;
L_000002d6bdc0a220 .functor AND 1, L_000002d6bdc0a140, L_000002d6bdb5dce0, C4<1>, C4<1>;
L_000002d6bdc0a290 .functor AND 1, L_000002d6bdc0a220, L_000002d6bdb5db90, C4<1>, C4<1>;
L_000002d6bdc0a300 .functor OR 1, L_000002d6bdc0aa70, L_000002d6bdc0a290, C4<0>, C4<0>;
L_000002d6bdc0a370 .functor XOR 1, L_000002d6bdb5dce0, L_000002d6bdb5db90, C4<0>, C4<0>;
L_000002d6bdc0a3e0 .functor XOR 1, L_000002d6bdb5e290, L_000002d6bdc0a760, C4<0>, C4<0>;
L_000002d6bdc0a450 .functor XOR 1, L_000002d6bdb5e300, L_000002d6bdc0af40, C4<0>, C4<0>;
L_000002d6bdc0a4c0 .functor XOR 1, L_000002d6bdb5de30, L_000002d6bdc0ad10, C4<0>, C4<0>;
v000002d6bdb53440_0 .net *"_ivl_1", 0 0, L_000002d6bdbb9db0;  1 drivers
v000002d6bdb53d00_0 .net *"_ivl_100", 0 0, L_000002d6bdc0a140;  1 drivers
v000002d6bdb52b80_0 .net *"_ivl_102", 0 0, L_000002d6bdc0a220;  1 drivers
v000002d6bdb534e0_0 .net *"_ivl_104", 0 0, L_000002d6bdc0a290;  1 drivers
v000002d6bdb52900_0 .net *"_ivl_110", 0 0, L_000002d6bdc0a370;  1 drivers
v000002d6bdb52220_0 .net *"_ivl_114", 0 0, L_000002d6bdc0a3e0;  1 drivers
v000002d6bdb53b20_0 .net *"_ivl_118", 0 0, L_000002d6bdc0a450;  1 drivers
v000002d6bdb52c20_0 .net *"_ivl_123", 0 0, L_000002d6bdc0a4c0;  1 drivers
v000002d6bdb53940_0 .net *"_ivl_13", 0 0, L_000002d6bdbb8910;  1 drivers
v000002d6bdb52fe0_0 .net *"_ivl_15", 0 0, L_000002d6bdbb9ef0;  1 drivers
v000002d6bdb53300_0 .net *"_ivl_19", 0 0, L_000002d6bdbb9770;  1 drivers
v000002d6bdb522c0_0 .net *"_ivl_21", 0 0, L_000002d6bdbb9270;  1 drivers
v000002d6bdb53760_0 .net *"_ivl_25", 0 0, L_000002d6bdbb8d70;  1 drivers
v000002d6bdb53800_0 .net *"_ivl_27", 0 0, L_000002d6bdbb8af0;  1 drivers
v000002d6bdb538a0_0 .net *"_ivl_3", 0 0, L_000002d6bdbba7b0;  1 drivers
v000002d6bdb52400_0 .net *"_ivl_31", 0 0, L_000002d6bdbb8b90;  1 drivers
v000002d6bdb539e0_0 .net *"_ivl_33", 0 0, L_000002d6bdbba530;  1 drivers
v000002d6bdb53a80_0 .net *"_ivl_37", 0 0, L_000002d6bdbb9c70;  1 drivers
v000002d6bdb524a0_0 .net *"_ivl_39", 0 0, L_000002d6bdbb8e10;  1 drivers
v000002d6bdb52540_0 .net *"_ivl_43", 0 0, L_000002d6bdbb9950;  1 drivers
v000002d6bdb54190_0 .net *"_ivl_45", 0 0, L_000002d6bdbba5d0;  1 drivers
v000002d6bdb53f10_0 .net *"_ivl_48", 0 0, L_000002d6bdc0ad80;  1 drivers
v000002d6bdb554f0_0 .net *"_ivl_52", 0 0, L_000002d6bdc0ae60;  1 drivers
v000002d6bdb558b0_0 .net *"_ivl_54", 0 0, L_000002d6bdc0adf0;  1 drivers
v000002d6bdb54f50_0 .net *"_ivl_56", 0 0, L_000002d6bdc0aa00;  1 drivers
v000002d6bdb55770_0 .net *"_ivl_58", 0 0, L_000002d6bdc0b020;  1 drivers
v000002d6bdb54870_0 .net *"_ivl_62", 0 0, L_000002d6bdc0aae0;  1 drivers
v000002d6bdb55090_0 .net *"_ivl_64", 0 0, L_000002d6bdc0ab50;  1 drivers
v000002d6bdb542d0_0 .net *"_ivl_66", 0 0, L_000002d6bdc0abc0;  1 drivers
v000002d6bdb54ff0_0 .net *"_ivl_68", 0 0, L_000002d6bdc0a5a0;  1 drivers
v000002d6bdb551d0_0 .net *"_ivl_7", 0 0, L_000002d6bdbb9f90;  1 drivers
v000002d6bdb55950_0 .net *"_ivl_70", 0 0, L_000002d6bdc0a920;  1 drivers
v000002d6bdb55270_0 .net *"_ivl_72", 0 0, L_000002d6bdc0a7d0;  1 drivers
v000002d6bdb553b0_0 .net *"_ivl_74", 0 0, L_000002d6bdc0a6f0;  1 drivers
v000002d6bdb55b30_0 .net *"_ivl_76", 0 0, L_000002d6bdc0a840;  1 drivers
v000002d6bdb55d10_0 .net *"_ivl_80", 0 0, L_000002d6bdc0afb0;  1 drivers
v000002d6bdb540f0_0 .net *"_ivl_82", 0 0, L_000002d6bdc0a680;  1 drivers
v000002d6bdb55590_0 .net *"_ivl_84", 0 0, L_000002d6bdc0ac30;  1 drivers
v000002d6bdb547d0_0 .net *"_ivl_86", 0 0, L_000002d6bdc0a8b0;  1 drivers
v000002d6bdb54230_0 .net *"_ivl_88", 0 0, L_000002d6bdc0a610;  1 drivers
v000002d6bdb54910_0 .net *"_ivl_9", 0 0, L_000002d6bdbb9590;  1 drivers
v000002d6bdb55130_0 .net *"_ivl_90", 0 0, L_000002d6bdc0a1b0;  1 drivers
v000002d6bdb54730_0 .net *"_ivl_92", 0 0, L_000002d6bdc0a990;  1 drivers
v000002d6bdb54a50_0 .net *"_ivl_94", 0 0, L_000002d6bdc0aed0;  1 drivers
v000002d6bdb559f0_0 .net *"_ivl_96", 0 0, L_000002d6bdc0aa70;  1 drivers
v000002d6bdb54550_0 .net *"_ivl_98", 0 0, L_000002d6bdc0aca0;  1 drivers
v000002d6bdb55c70_0 .net "a", 3 0, L_000002d6bdbb9810;  1 drivers
v000002d6bdb54370_0 .net "b", 3 0, L_000002d6bdbba850;  1 drivers
v000002d6bdb55310_0 .net "c1", 0 0, L_000002d6bdc0a760;  1 drivers
v000002d6bdb53e70_0 .net "c2", 0 0, L_000002d6bdc0af40;  1 drivers
v000002d6bdb55450_0 .net "c3", 0 0, L_000002d6bdc0ad10;  1 drivers
v000002d6bdb55630_0 .net "cin", 0 0, L_000002d6bdb5db90;  alias, 1 drivers
v000002d6bdb55a90_0 .net "cout", 0 0, L_000002d6bdc0a300;  alias, 1 drivers
v000002d6bdb54eb0_0 .net "g0", 0 0, L_000002d6bdb5df10;  1 drivers
v000002d6bdb556d0_0 .net "g1", 0 0, L_000002d6bdb5e370;  1 drivers
v000002d6bdb55810_0 .net "g2", 0 0, L_000002d6bdb5df80;  1 drivers
v000002d6bdb53fb0_0 .net "g3", 0 0, L_000002d6bdb5e3e0;  1 drivers
v000002d6bdb549b0_0 .net "p0", 0 0, L_000002d6bdb5dce0;  1 drivers
v000002d6bdb55bd0_0 .net "p1", 0 0, L_000002d6bdb5e290;  1 drivers
v000002d6bdb54050_0 .net "p2", 0 0, L_000002d6bdb5e300;  1 drivers
v000002d6bdb54410_0 .net "p3", 0 0, L_000002d6bdb5de30;  1 drivers
v000002d6bdb544b0_0 .net "s", 3 0, L_000002d6bdbba670;  1 drivers
L_000002d6bdbb9db0 .part L_000002d6bdbb9810, 0, 1;
L_000002d6bdbba7b0 .part L_000002d6bdbba850, 0, 1;
L_000002d6bdbb9f90 .part L_000002d6bdbb9810, 1, 1;
L_000002d6bdbb9590 .part L_000002d6bdbba850, 1, 1;
L_000002d6bdbb8910 .part L_000002d6bdbb9810, 2, 1;
L_000002d6bdbb9ef0 .part L_000002d6bdbba850, 2, 1;
L_000002d6bdbb9770 .part L_000002d6bdbb9810, 3, 1;
L_000002d6bdbb9270 .part L_000002d6bdbba850, 3, 1;
L_000002d6bdbb8d70 .part L_000002d6bdbb9810, 0, 1;
L_000002d6bdbb8af0 .part L_000002d6bdbba850, 0, 1;
L_000002d6bdbb8b90 .part L_000002d6bdbb9810, 1, 1;
L_000002d6bdbba530 .part L_000002d6bdbba850, 1, 1;
L_000002d6bdbb9c70 .part L_000002d6bdbb9810, 2, 1;
L_000002d6bdbb8e10 .part L_000002d6bdbba850, 2, 1;
L_000002d6bdbb9950 .part L_000002d6bdbb9810, 3, 1;
L_000002d6bdbba5d0 .part L_000002d6bdbba850, 3, 1;
L_000002d6bdbba670 .concat8 [ 1 1 1 1], L_000002d6bdc0a370, L_000002d6bdc0a3e0, L_000002d6bdc0a450, L_000002d6bdc0a4c0;
S_000002d6bdb55e30 .scope module, "a2" "adder4" 3 35, 4 31 0, S_000002d6bda76750;
 .timescale 0 0;
    .port_info 0 /INPUT 4 "a";
    .port_info 1 /INPUT 4 "b";
    .port_info 2 /OUTPUT 4 "s";
    .port_info 3 /OUTPUT 1 "cout";
    .port_info 4 /INPUT 1 "cin";
L_000002d6bdbbe170 .functor XOR 1, L_000002d6bdbba0d0, L_000002d6bdbb8190, C4<0>, C4<0>;
L_000002d6bdbbedb0 .functor XOR 1, L_000002d6bdbb9a90, L_000002d6bdbb99f0, C4<0>, C4<0>;
L_000002d6bdbbecd0 .functor XOR 1, L_000002d6bdbb9b30, L_000002d6bdbb8690, C4<0>, C4<0>;
L_000002d6bdbbee90 .functor XOR 1, L_000002d6bdbb80f0, L_000002d6bdbba030, C4<0>, C4<0>;
L_000002d6bdbbe8e0 .functor AND 1, L_000002d6bdbb8c30, L_000002d6bdbb87d0, C4<1>, C4<1>;
L_000002d6bdbbe720 .functor AND 1, L_000002d6bdbb9310, L_000002d6bdbba170, C4<1>, C4<1>;
L_000002d6bdbbef70 .functor AND 1, L_000002d6bdbb8370, L_000002d6bdbba210, C4<1>, C4<1>;
L_000002d6bdbbe4f0 .functor AND 1, L_000002d6bdbb8eb0, L_000002d6bdbba2b0, C4<1>, C4<1>;
L_000002d6bdbbe9c0 .functor AND 1, L_000002d6bdbbe170, L_000002d6bdc0a300, C4<1>, C4<1>;
L_000002d6bdbbe950 .functor OR 1, L_000002d6bdbbe8e0, L_000002d6bdbbe9c0, C4<0>, C4<0>;
L_000002d6bdbbef00 .functor AND 1, L_000002d6bdbbedb0, L_000002d6bdbbe8e0, C4<1>, C4<1>;
L_000002d6bdbbe250 .functor OR 1, L_000002d6bdbbe720, L_000002d6bdbbef00, C4<0>, C4<0>;
L_000002d6bdbbefe0 .functor AND 1, L_000002d6bdbbedb0, L_000002d6bdbbe170, C4<1>, C4<1>;
L_000002d6bdbbe6b0 .functor AND 1, L_000002d6bdbbefe0, L_000002d6bdc0a300, C4<1>, C4<1>;
L_000002d6bdbbe5d0 .functor OR 1, L_000002d6bdbbe250, L_000002d6bdbbe6b0, C4<0>, C4<0>;
L_000002d6bdbbe640 .functor AND 1, L_000002d6bdbbecd0, L_000002d6bdbbe720, C4<1>, C4<1>;
L_000002d6bdbbe100 .functor OR 1, L_000002d6bdbbef70, L_000002d6bdbbe640, C4<0>, C4<0>;
L_000002d6bdbbe1e0 .functor AND 1, L_000002d6bdbbecd0, L_000002d6bdbbedb0, C4<1>, C4<1>;
L_000002d6bdbbea30 .functor AND 1, L_000002d6bdbbe1e0, L_000002d6bdbbe8e0, C4<1>, C4<1>;
L_000002d6bdbbe2c0 .functor OR 1, L_000002d6bdbbe100, L_000002d6bdbbea30, C4<0>, C4<0>;
L_000002d6bdbbe560 .functor AND 1, L_000002d6bdbbecd0, L_000002d6bdbbedb0, C4<1>, C4<1>;
L_000002d6bdbbe330 .functor AND 1, L_000002d6bdbbe560, L_000002d6bdbbe170, C4<1>, C4<1>;
L_000002d6bdbbe3a0 .functor AND 1, L_000002d6bdbbe330, L_000002d6bdc0a300, C4<1>, C4<1>;
L_000002d6bdbbe790 .functor OR 1, L_000002d6bdbbe2c0, L_000002d6bdbbe3a0, C4<0>, C4<0>;
L_000002d6bdbbeb80 .functor AND 1, L_000002d6bdbbee90, L_000002d6bdbbef70, C4<1>, C4<1>;
L_000002d6bdbbeaa0 .functor OR 1, L_000002d6bdbbe4f0, L_000002d6bdbbeb80, C4<0>, C4<0>;
L_000002d6bdbbe410 .functor AND 1, L_000002d6bdbbee90, L_000002d6bdbbecd0, C4<1>, C4<1>;
L_000002d6bdbbeb10 .functor AND 1, L_000002d6bdbbe410, L_000002d6bdbbe720, C4<1>, C4<1>;
L_000002d6bdbbe800 .functor OR 1, L_000002d6bdbbeaa0, L_000002d6bdbbeb10, C4<0>, C4<0>;
L_000002d6bdbbe480 .functor AND 1, L_000002d6bdbbee90, L_000002d6bdbbecd0, C4<1>, C4<1>;
L_000002d6bdbbebf0 .functor AND 1, L_000002d6bdbbe480, L_000002d6bdbbedb0, C4<1>, C4<1>;
L_000002d6bdbbe870 .functor AND 1, L_000002d6bdbbebf0, L_000002d6bdbbe8e0, C4<1>, C4<1>;
L_000002d6bdbbec60 .functor OR 1, L_000002d6bdbbe800, L_000002d6bdbbe870, C4<0>, C4<0>;
L_000002d6bdbbed40 .functor AND 1, L_000002d6bdbbee90, L_000002d6bdbbecd0, C4<1>, C4<1>;
L_000002d6bdc0a530 .functor AND 1, L_000002d6bdbbed40, L_000002d6bdbbedb0, C4<1>, C4<1>;
L_000002d6bdc0cd30 .functor AND 1, L_000002d6bdc0a530, L_000002d6bdbbe170, C4<1>, C4<1>;
L_000002d6bdc0cb70 .functor AND 1, L_000002d6bdc0cd30, L_000002d6bdc0a300, C4<1>, C4<1>;
L_000002d6bdc0d120 .functor OR 1, L_000002d6bdbbec60, L_000002d6bdc0cb70, C4<0>, C4<0>;
L_000002d6bdc0d350 .functor XOR 1, L_000002d6bdbbe170, L_000002d6bdc0a300, C4<0>, C4<0>;
L_000002d6bdc0ca20 .functor XOR 1, L_000002d6bdbbedb0, L_000002d6bdbbe950, C4<0>, C4<0>;
L_000002d6bdc0d430 .functor XOR 1, L_000002d6bdbbecd0, L_000002d6bdbbe5d0, C4<0>, C4<0>;
L_000002d6bdc0d510 .functor XOR 1, L_000002d6bdbbee90, L_000002d6bdbbe790, C4<0>, C4<0>;
v000002d6bdb545f0_0 .net *"_ivl_1", 0 0, L_000002d6bdbba0d0;  1 drivers
v000002d6bdb54690_0 .net *"_ivl_100", 0 0, L_000002d6bdc0a530;  1 drivers
v000002d6bdb54af0_0 .net *"_ivl_102", 0 0, L_000002d6bdc0cd30;  1 drivers
v000002d6bdb54b90_0 .net *"_ivl_104", 0 0, L_000002d6bdc0cb70;  1 drivers
v000002d6bdb54c30_0 .net *"_ivl_110", 0 0, L_000002d6bdc0d350;  1 drivers
v000002d6bdb54cd0_0 .net *"_ivl_114", 0 0, L_000002d6bdc0ca20;  1 drivers
v000002d6bdb54d70_0 .net *"_ivl_118", 0 0, L_000002d6bdc0d430;  1 drivers
v000002d6bdb54e10_0 .net *"_ivl_123", 0 0, L_000002d6bdc0d510;  1 drivers
v000002d6bdb56d40_0 .net *"_ivl_13", 0 0, L_000002d6bdbb9b30;  1 drivers
v000002d6bdb560c0_0 .net *"_ivl_15", 0 0, L_000002d6bdbb8690;  1 drivers
v000002d6bdb57c40_0 .net *"_ivl_19", 0 0, L_000002d6bdbb80f0;  1 drivers
v000002d6bdb571a0_0 .net *"_ivl_21", 0 0, L_000002d6bdbba030;  1 drivers
v000002d6bdb57420_0 .net *"_ivl_25", 0 0, L_000002d6bdbb8c30;  1 drivers
v000002d6bdb57380_0 .net *"_ivl_27", 0 0, L_000002d6bdbb87d0;  1 drivers
v000002d6bdb56480_0 .net *"_ivl_3", 0 0, L_000002d6bdbb8190;  1 drivers
v000002d6bdb572e0_0 .net *"_ivl_31", 0 0, L_000002d6bdbb9310;  1 drivers
v000002d6bdb56980_0 .net *"_ivl_33", 0 0, L_000002d6bdbba170;  1 drivers
v000002d6bdb579c0_0 .net *"_ivl_37", 0 0, L_000002d6bdbb8370;  1 drivers
v000002d6bdb57ec0_0 .net *"_ivl_39", 0 0, L_000002d6bdbba210;  1 drivers
v000002d6bdb568e0_0 .net *"_ivl_43", 0 0, L_000002d6bdbb8eb0;  1 drivers
v000002d6bdb56520_0 .net *"_ivl_45", 0 0, L_000002d6bdbba2b0;  1 drivers
v000002d6bdb56fc0_0 .net *"_ivl_48", 0 0, L_000002d6bdbbe9c0;  1 drivers
v000002d6bdb56200_0 .net *"_ivl_52", 0 0, L_000002d6bdbbef00;  1 drivers
v000002d6bdb56de0_0 .net *"_ivl_54", 0 0, L_000002d6bdbbe250;  1 drivers
v000002d6bdb567a0_0 .net *"_ivl_56", 0 0, L_000002d6bdbbefe0;  1 drivers
v000002d6bdb56b60_0 .net *"_ivl_58", 0 0, L_000002d6bdbbe6b0;  1 drivers
v000002d6bdb57740_0 .net *"_ivl_62", 0 0, L_000002d6bdbbe640;  1 drivers
v000002d6bdb56160_0 .net *"_ivl_64", 0 0, L_000002d6bdbbe100;  1 drivers
v000002d6bdb565c0_0 .net *"_ivl_66", 0 0, L_000002d6bdbbe1e0;  1 drivers
v000002d6bdb56340_0 .net *"_ivl_68", 0 0, L_000002d6bdbbea30;  1 drivers
v000002d6bdb562a0_0 .net *"_ivl_7", 0 0, L_000002d6bdbb9a90;  1 drivers
v000002d6bdb576a0_0 .net *"_ivl_70", 0 0, L_000002d6bdbbe2c0;  1 drivers
v000002d6bdb57a60_0 .net *"_ivl_72", 0 0, L_000002d6bdbbe560;  1 drivers
v000002d6bdb57100_0 .net *"_ivl_74", 0 0, L_000002d6bdbbe330;  1 drivers
v000002d6bdb57920_0 .net *"_ivl_76", 0 0, L_000002d6bdbbe3a0;  1 drivers
v000002d6bdb56a20_0 .net *"_ivl_80", 0 0, L_000002d6bdbbeb80;  1 drivers
v000002d6bdb57240_0 .net *"_ivl_82", 0 0, L_000002d6bdbbeaa0;  1 drivers
v000002d6bdb56660_0 .net *"_ivl_84", 0 0, L_000002d6bdbbe410;  1 drivers
v000002d6bdb574c0_0 .net *"_ivl_86", 0 0, L_000002d6bdbbeb10;  1 drivers
v000002d6bdb57560_0 .net *"_ivl_88", 0 0, L_000002d6bdbbe800;  1 drivers
v000002d6bdb57b00_0 .net *"_ivl_9", 0 0, L_000002d6bdbb99f0;  1 drivers
v000002d6bdb57600_0 .net *"_ivl_90", 0 0, L_000002d6bdbbe480;  1 drivers
v000002d6bdb577e0_0 .net *"_ivl_92", 0 0, L_000002d6bdbbebf0;  1 drivers
v000002d6bdb57ce0_0 .net *"_ivl_94", 0 0, L_000002d6bdbbe870;  1 drivers
v000002d6bdb56020_0 .net *"_ivl_96", 0 0, L_000002d6bdbbec60;  1 drivers
v000002d6bdb56700_0 .net *"_ivl_98", 0 0, L_000002d6bdbbed40;  1 drivers
v000002d6bdb57ba0_0 .net "a", 3 0, L_000002d6bdbb84b0;  1 drivers
v000002d6bdb56e80_0 .net "b", 3 0, L_000002d6bdbb91d0;  1 drivers
v000002d6bdb56840_0 .net "c1", 0 0, L_000002d6bdbbe950;  1 drivers
v000002d6bdb56c00_0 .net "c2", 0 0, L_000002d6bdbbe5d0;  1 drivers
v000002d6bdb56f20_0 .net "c3", 0 0, L_000002d6bdbbe790;  1 drivers
v000002d6bdb57880_0 .net "cin", 0 0, L_000002d6bdc0a300;  alias, 1 drivers
v000002d6bdb563e0_0 .net "cout", 0 0, L_000002d6bdc0d120;  alias, 1 drivers
v000002d6bdb56ca0_0 .net "g0", 0 0, L_000002d6bdbbe8e0;  1 drivers
v000002d6bdb57d80_0 .net "g1", 0 0, L_000002d6bdbbe720;  1 drivers
v000002d6bdb57e20_0 .net "g2", 0 0, L_000002d6bdbbef70;  1 drivers
v000002d6bdb56ac0_0 .net "g3", 0 0, L_000002d6bdbbe4f0;  1 drivers
v000002d6bdb57060_0 .net "p0", 0 0, L_000002d6bdbbe170;  1 drivers
v000002d6bdb59440_0 .net "p1", 0 0, L_000002d6bdbbedb0;  1 drivers
v000002d6bdb587c0_0 .net "p2", 0 0, L_000002d6bdbbecd0;  1 drivers
v000002d6bdb58040_0 .net "p3", 0 0, L_000002d6bdbbee90;  1 drivers
v000002d6bdb59760_0 .net "s", 3 0, L_000002d6bdbb8410;  1 drivers
L_000002d6bdbba0d0 .part L_000002d6bdbb84b0, 0, 1;
L_000002d6bdbb8190 .part L_000002d6bdbb91d0, 0, 1;
L_000002d6bdbb9a90 .part L_000002d6bdbb84b0, 1, 1;
L_000002d6bdbb99f0 .part L_000002d6bdbb91d0, 1, 1;
L_000002d6bdbb9b30 .part L_000002d6bdbb84b0, 2, 1;
L_000002d6bdbb8690 .part L_000002d6bdbb91d0, 2, 1;
L_000002d6bdbb80f0 .part L_000002d6bdbb84b0, 3, 1;
L_000002d6bdbba030 .part L_000002d6bdbb91d0, 3, 1;
L_000002d6bdbb8c30 .part L_000002d6bdbb84b0, 0, 1;
L_000002d6bdbb87d0 .part L_000002d6bdbb91d0, 0, 1;
L_000002d6bdbb9310 .part L_000002d6bdbb84b0, 1, 1;
L_000002d6bdbba170 .part L_000002d6bdbb91d0, 1, 1;
L_000002d6bdbb8370 .part L_000002d6bdbb84b0, 2, 1;
L_000002d6bdbba210 .part L_000002d6bdbb91d0, 2, 1;
L_000002d6bdbb8eb0 .part L_000002d6bdbb84b0, 3, 1;
L_000002d6bdbba2b0 .part L_000002d6bdbb91d0, 3, 1;
L_000002d6bdbb8410 .concat8 [ 1 1 1 1], L_000002d6bdc0d350, L_000002d6bdc0ca20, L_000002d6bdc0d430, L_000002d6bdc0d510;
S_000002d6bdb5bff0 .scope module, "a3" "adder4" 3 36, 4 31 0, S_000002d6bda76750;
 .timescale 0 0;
    .port_info 0 /INPUT 4 "a";
    .port_info 1 /INPUT 4 "b";
    .port_info 2 /OUTPUT 4 "s";
    .port_info 3 /OUTPUT 1 "cout";
    .port_info 4 /INPUT 1 "cin";
L_000002d6bdc0c630 .functor XOR 1, L_000002d6bdbb8550, L_000002d6bdbb8870, C4<0>, C4<0>;
L_000002d6bdc0ce10 .functor XOR 1, L_000002d6bdbb85f0, L_000002d6bdbbac10, C4<0>, C4<0>;
L_000002d6bdc0cbe0 .functor XOR 1, L_000002d6bdbbb610, L_000002d6bdbbbcf0, C4<0>, C4<0>;
L_000002d6bdc0ca90 .functor XOR 1, L_000002d6bdbbab70, L_000002d6bdbbbbb0, C4<0>, C4<0>;
L_000002d6bdc0d0b0 .functor AND 1, L_000002d6bdbbbb10, L_000002d6bdbbbc50, C4<1>, C4<1>;
L_000002d6bdc0cfd0 .functor AND 1, L_000002d6bdbbb890, L_000002d6bdbbb4d0, C4<1>, C4<1>;
L_000002d6bdc0d200 .functor AND 1, L_000002d6bdbba990, L_000002d6bdbbaa30, C4<1>, C4<1>;
L_000002d6bdc0d3c0 .functor AND 1, L_000002d6bdbba8f0, L_000002d6bdbbacb0, C4<1>, C4<1>;
L_000002d6bdc0d040 .functor AND 1, L_000002d6bdc0c630, L_000002d6bdc0d120, C4<1>, C4<1>;
L_000002d6bdc0c6a0 .functor OR 1, L_000002d6bdc0d0b0, L_000002d6bdc0d040, C4<0>, C4<0>;
L_000002d6bdc0c940 .functor AND 1, L_000002d6bdc0ce10, L_000002d6bdc0d0b0, C4<1>, C4<1>;
L_000002d6bdc0cb00 .functor OR 1, L_000002d6bdc0cfd0, L_000002d6bdc0c940, C4<0>, C4<0>;
L_000002d6bdc0d270 .functor AND 1, L_000002d6bdc0ce10, L_000002d6bdc0c630, C4<1>, C4<1>;
L_000002d6bdc0d2e0 .functor AND 1, L_000002d6bdc0d270, L_000002d6bdc0d120, C4<1>, C4<1>;
L_000002d6bdc0c710 .functor OR 1, L_000002d6bdc0cb00, L_000002d6bdc0d2e0, C4<0>, C4<0>;
L_000002d6bdc0d4a0 .functor AND 1, L_000002d6bdc0cbe0, L_000002d6bdc0cfd0, C4<1>, C4<1>;
L_000002d6bdc0c860 .functor OR 1, L_000002d6bdc0d200, L_000002d6bdc0d4a0, C4<0>, C4<0>;
L_000002d6bdc0c780 .functor AND 1, L_000002d6bdc0cbe0, L_000002d6bdc0ce10, C4<1>, C4<1>;
L_000002d6bdc0ce80 .functor AND 1, L_000002d6bdc0c780, L_000002d6bdc0d0b0, C4<1>, C4<1>;
L_000002d6bdc0c7f0 .functor OR 1, L_000002d6bdc0c860, L_000002d6bdc0ce80, C4<0>, C4<0>;
L_000002d6bdc0cc50 .functor AND 1, L_000002d6bdc0cbe0, L_000002d6bdc0ce10, C4<1>, C4<1>;
L_000002d6bdc0ccc0 .functor AND 1, L_000002d6bdc0cc50, L_000002d6bdc0c630, C4<1>, C4<1>;
L_000002d6bdc0cf60 .functor AND 1, L_000002d6bdc0ccc0, L_000002d6bdc0d120, C4<1>, C4<1>;
L_000002d6bdc0c8d0 .functor OR 1, L_000002d6bdc0c7f0, L_000002d6bdc0cf60, C4<0>, C4<0>;
L_000002d6bdc0c9b0 .functor AND 1, L_000002d6bdc0ca90, L_000002d6bdc0d200, C4<1>, C4<1>;
L_000002d6bdc0cef0 .functor OR 1, L_000002d6bdc0d3c0, L_000002d6bdc0c9b0, C4<0>, C4<0>;
L_000002d6bdc0cda0 .functor AND 1, L_000002d6bdc0ca90, L_000002d6bdc0cbe0, C4<1>, C4<1>;
L_000002d6bdc0d190 .functor AND 1, L_000002d6bdc0cda0, L_000002d6bdc0cfd0, C4<1>, C4<1>;
L_000002d6bdbbee20 .functor OR 1, L_000002d6bdc0cef0, L_000002d6bdc0d190, C4<0>, C4<0>;
L_000002d6bdc0ef90 .functor AND 1, L_000002d6bdc0ca90, L_000002d6bdc0cbe0, C4<1>, C4<1>;
L_000002d6bdc0e7b0 .functor AND 1, L_000002d6bdc0ef90, L_000002d6bdc0ce10, C4<1>, C4<1>;
L_000002d6bdc0f230 .functor AND 1, L_000002d6bdc0e7b0, L_000002d6bdc0d0b0, C4<1>, C4<1>;
L_000002d6bdc0e820 .functor OR 1, L_000002d6bdbbee20, L_000002d6bdc0f230, C4<0>, C4<0>;
L_000002d6bdc0f380 .functor AND 1, L_000002d6bdc0ca90, L_000002d6bdc0cbe0, C4<1>, C4<1>;
L_000002d6bdc0f000 .functor AND 1, L_000002d6bdc0f380, L_000002d6bdc0ce10, C4<1>, C4<1>;
L_000002d6bdc0ec80 .functor AND 1, L_000002d6bdc0f000, L_000002d6bdc0c630, C4<1>, C4<1>;
L_000002d6bdc0f2a0 .functor AND 1, L_000002d6bdc0ec80, L_000002d6bdc0d120, C4<1>, C4<1>;
L_000002d6bdc0ea50 .functor OR 1, L_000002d6bdc0e820, L_000002d6bdc0f2a0, C4<0>, C4<0>;
L_000002d6bdc0eb30 .functor XOR 1, L_000002d6bdc0c630, L_000002d6bdc0d120, C4<0>, C4<0>;
L_000002d6bdc0f150 .functor XOR 1, L_000002d6bdc0ce10, L_000002d6bdc0c6a0, C4<0>, C4<0>;
L_000002d6bdc0e890 .functor XOR 1, L_000002d6bdc0cbe0, L_000002d6bdc0c710, C4<0>, C4<0>;
L_000002d6bdc0e900 .functor XOR 1, L_000002d6bdc0ca90, L_000002d6bdc0c8d0, C4<0>, C4<0>;
v000002d6bdb599e0_0 .net *"_ivl_1", 0 0, L_000002d6bdbb8550;  1 drivers
v000002d6bdb5a520_0 .net *"_ivl_100", 0 0, L_000002d6bdc0f000;  1 drivers
v000002d6bdb5a3e0_0 .net *"_ivl_102", 0 0, L_000002d6bdc0ec80;  1 drivers
v000002d6bdb59940_0 .net *"_ivl_104", 0 0, L_000002d6bdc0f2a0;  1 drivers
v000002d6bdb591c0_0 .net *"_ivl_110", 0 0, L_000002d6bdc0eb30;  1 drivers
v000002d6bdb5a340_0 .net *"_ivl_114", 0 0, L_000002d6bdc0f150;  1 drivers
v000002d6bdb58f40_0 .net *"_ivl_118", 0 0, L_000002d6bdc0e890;  1 drivers
v000002d6bdb58cc0_0 .net *"_ivl_123", 0 0, L_000002d6bdc0e900;  1 drivers
v000002d6bdb589a0_0 .net *"_ivl_13", 0 0, L_000002d6bdbbb610;  1 drivers
v000002d6bdb5a700_0 .net *"_ivl_15", 0 0, L_000002d6bdbbbcf0;  1 drivers
v000002d6bdb59da0_0 .net *"_ivl_19", 0 0, L_000002d6bdbbab70;  1 drivers
v000002d6bdb58a40_0 .net *"_ivl_21", 0 0, L_000002d6bdbbbbb0;  1 drivers
v000002d6bdb59260_0 .net *"_ivl_25", 0 0, L_000002d6bdbbbb10;  1 drivers
v000002d6bdb58180_0 .net *"_ivl_27", 0 0, L_000002d6bdbbbc50;  1 drivers
v000002d6bdb594e0_0 .net *"_ivl_3", 0 0, L_000002d6bdbb8870;  1 drivers
v000002d6bdb58360_0 .net *"_ivl_31", 0 0, L_000002d6bdbbb890;  1 drivers
v000002d6bdb58ea0_0 .net *"_ivl_33", 0 0, L_000002d6bdbbb4d0;  1 drivers
v000002d6bdb59120_0 .net *"_ivl_37", 0 0, L_000002d6bdbba990;  1 drivers
v000002d6bdb59620_0 .net *"_ivl_39", 0 0, L_000002d6bdbbaa30;  1 drivers
v000002d6bdb59800_0 .net *"_ivl_43", 0 0, L_000002d6bdbba8f0;  1 drivers
v000002d6bdb5a5c0_0 .net *"_ivl_45", 0 0, L_000002d6bdbbacb0;  1 drivers
v000002d6bdb58d60_0 .net *"_ivl_48", 0 0, L_000002d6bdc0d040;  1 drivers
v000002d6bdb580e0_0 .net *"_ivl_52", 0 0, L_000002d6bdc0c940;  1 drivers
v000002d6bdb58220_0 .net *"_ivl_54", 0 0, L_000002d6bdc0cb00;  1 drivers
v000002d6bdb59f80_0 .net *"_ivl_56", 0 0, L_000002d6bdc0d270;  1 drivers
v000002d6bdb598a0_0 .net *"_ivl_58", 0 0, L_000002d6bdc0d2e0;  1 drivers
v000002d6bdb59bc0_0 .net *"_ivl_62", 0 0, L_000002d6bdc0d4a0;  1 drivers
v000002d6bdb5a480_0 .net *"_ivl_64", 0 0, L_000002d6bdc0c860;  1 drivers
v000002d6bdb5a660_0 .net *"_ivl_66", 0 0, L_000002d6bdc0c780;  1 drivers
v000002d6bdb59580_0 .net *"_ivl_68", 0 0, L_000002d6bdc0ce80;  1 drivers
v000002d6bdb58ae0_0 .net *"_ivl_7", 0 0, L_000002d6bdbb85f0;  1 drivers
v000002d6bdb5a160_0 .net *"_ivl_70", 0 0, L_000002d6bdc0c7f0;  1 drivers
v000002d6bdb582c0_0 .net *"_ivl_72", 0 0, L_000002d6bdc0cc50;  1 drivers
v000002d6bdb593a0_0 .net *"_ivl_74", 0 0, L_000002d6bdc0ccc0;  1 drivers
v000002d6bdb585e0_0 .net *"_ivl_76", 0 0, L_000002d6bdc0cf60;  1 drivers
v000002d6bdb59c60_0 .net *"_ivl_80", 0 0, L_000002d6bdc0c9b0;  1 drivers
v000002d6bdb5a200_0 .net *"_ivl_82", 0 0, L_000002d6bdc0cef0;  1 drivers
v000002d6bdb5a020_0 .net *"_ivl_84", 0 0, L_000002d6bdc0cda0;  1 drivers
v000002d6bdb58720_0 .net *"_ivl_86", 0 0, L_000002d6bdc0d190;  1 drivers
v000002d6bdb59d00_0 .net *"_ivl_88", 0 0, L_000002d6bdbbee20;  1 drivers
v000002d6bdb596c0_0 .net *"_ivl_9", 0 0, L_000002d6bdbbac10;  1 drivers
v000002d6bdb58400_0 .net *"_ivl_90", 0 0, L_000002d6bdc0ef90;  1 drivers
v000002d6bdb584a0_0 .net *"_ivl_92", 0 0, L_000002d6bdc0e7b0;  1 drivers
v000002d6bdb59ee0_0 .net *"_ivl_94", 0 0, L_000002d6bdc0f230;  1 drivers
v000002d6bdb58b80_0 .net *"_ivl_96", 0 0, L_000002d6bdc0e820;  1 drivers
v000002d6bdb59a80_0 .net *"_ivl_98", 0 0, L_000002d6bdc0f380;  1 drivers
v000002d6bdb59e40_0 .net "a", 3 0, L_000002d6bdbbb930;  1 drivers
v000002d6bdb59300_0 .net "b", 3 0, L_000002d6bdbbaad0;  1 drivers
v000002d6bdb58c20_0 .net "c1", 0 0, L_000002d6bdc0c6a0;  1 drivers
v000002d6bdb58540_0 .net "c2", 0 0, L_000002d6bdc0c710;  1 drivers
v000002d6bdb5a0c0_0 .net "c3", 0 0, L_000002d6bdc0c8d0;  1 drivers
v000002d6bdb5a2a0_0 .net "cin", 0 0, L_000002d6bdc0d120;  alias, 1 drivers
v000002d6bdb58e00_0 .net "cout", 0 0, L_000002d6bdc0ea50;  alias, 1 drivers
v000002d6bdb58680_0 .net "g0", 0 0, L_000002d6bdc0d0b0;  1 drivers
v000002d6bdb58860_0 .net "g1", 0 0, L_000002d6bdc0cfd0;  1 drivers
v000002d6bdb58fe0_0 .net "g2", 0 0, L_000002d6bdc0d200;  1 drivers
v000002d6bdb59080_0 .net "g3", 0 0, L_000002d6bdc0d3c0;  1 drivers
v000002d6bdb5a7a0_0 .net "p0", 0 0, L_000002d6bdc0c630;  1 drivers
v000002d6bdb59b20_0 .net "p1", 0 0, L_000002d6bdc0ce10;  1 drivers
v000002d6bdb58900_0 .net "p2", 0 0, L_000002d6bdc0cbe0;  1 drivers
v000002d6bdb5b380_0 .net "p3", 0 0, L_000002d6bdc0ca90;  1 drivers
v000002d6bdb5ade0_0 .net "s", 3 0, L_000002d6bdbbba70;  1 drivers
L_000002d6bdbb8550 .part L_000002d6bdbbb930, 0, 1;
L_000002d6bdbb8870 .part L_000002d6bdbbaad0, 0, 1;
L_000002d6bdbb85f0 .part L_000002d6bdbbb930, 1, 1;
L_000002d6bdbbac10 .part L_000002d6bdbbaad0, 1, 1;
L_000002d6bdbbb610 .part L_000002d6bdbbb930, 2, 1;
L_000002d6bdbbbcf0 .part L_000002d6bdbbaad0, 2, 1;
L_000002d6bdbbab70 .part L_000002d6bdbbb930, 3, 1;
L_000002d6bdbbbbb0 .part L_000002d6bdbbaad0, 3, 1;
L_000002d6bdbbbb10 .part L_000002d6bdbbb930, 0, 1;
L_000002d6bdbbbc50 .part L_000002d6bdbbaad0, 0, 1;
L_000002d6bdbbb890 .part L_000002d6bdbbb930, 1, 1;
L_000002d6bdbbb4d0 .part L_000002d6bdbbaad0, 1, 1;
L_000002d6bdbba990 .part L_000002d6bdbbb930, 2, 1;
L_000002d6bdbbaa30 .part L_000002d6bdbbaad0, 2, 1;
L_000002d6bdbba8f0 .part L_000002d6bdbbb930, 3, 1;
L_000002d6bdbbacb0 .part L_000002d6bdbbaad0, 3, 1;
L_000002d6bdbbba70 .concat8 [ 1 1 1 1], L_000002d6bdc0eb30, L_000002d6bdc0f150, L_000002d6bdc0e890, L_000002d6bdc0e900;
    .scope S_000002d6bda765c0;
T_0 ;
    %vpi_call 2 11 "$dumpfile", "16_bit_adder.vcd" {0 0 0};
    %vpi_call 2 12 "$dumpvars", 32'sb00000000000000000000000000000000, S_000002d6bda765c0 {0 0 0};
    %vpi_call 2 13 "$monitor", $time, "a=%h, b=%h, s=%h, sn=%b, ZR=%b, CY=%b, P=%b, V=%b", v000002d6bdb5b920_0, v000002d6bdb5ae80_0, v000002d6bdb5b2e0_0, v000002d6bdb5ad40_0, v000002d6bdb5b9c0_0, v000002d6bdb5ba60_0, v000002d6bdb5aa20_0, v000002d6bdb5b880_0 {0 0 0};
    %delay 5, 0;
    %pushi/vec4 36863, 0, 16;
    %store/vec4 v000002d6bdb5b920_0, 0, 16;
    %pushi/vec4 32768, 0, 16;
    %store/vec4 v000002d6bdb5ae80_0, 0, 16;
    %delay 5, 0;
    %pushi/vec4 65534, 0, 16;
    %store/vec4 v000002d6bdb5b920_0, 0, 16;
    %pushi/vec4 2, 0, 16;
    %store/vec4 v000002d6bdb5ae80_0, 0, 16;
    %delay 5, 0;
    %pushi/vec4 43690, 0, 16;
    %store/vec4 v000002d6bdb5b920_0, 0, 16;
    %pushi/vec4 21845, 0, 16;
    %store/vec4 v000002d6bdb5ae80_0, 0, 16;
    %delay 5, 0;
    %vpi_call 2 17 "$finish" {0 0 0};
    %end;
    .thread T_0;
# The file index is used to find the file name in the following table.
:file_names 5;
    "N/A";
    "<interactive>";
    "16_bit_adderTB.v";
    "./16_bit_adder.v";
    "./16bit_by_4bit.v";
