#! /mingw64/bin/vvp
:ivl_version "12.0 (stable)";
:ivl_delay_selection "TYPICAL";
:vpi_time_precision + 0;
:vpi_module "C:\msys64\mingw64\lib\ivl\system.vpi";
:vpi_module "C:\msys64\mingw64\lib\ivl\vhdl_sys.vpi";
:vpi_module "C:\msys64\mingw64\lib\ivl\vhdl_textio.vpi";
:vpi_module "C:\msys64\mingw64\lib\ivl\v2005_math.vpi";
:vpi_module "C:\msys64\mingw64\lib\ivl\va_math.vpi";
S_000002419f8a71f0 .scope module, "sync_ram_16x16" "sync_ram_16x16" 2 1;
 .timescale 0 0;
    .port_info 0 /INPUT 1 "clk";
    .port_info 1 /INPUT 1 "we";
    .port_info 2 /INPUT 1 "re";
    .port_info 3 /INPUT 4 "addr";
    .port_info 4 /INPUT 16 "din";
    .port_info 5 /OUTPUT 16 "dout";
o000002419f96a9e8 .functor BUFZ 4, C4<zzzz>; HiZ drive
v000002419f8a7740_0 .net "addr", 3 0, o000002419f96a9e8;  0 drivers
o000002419f96aa18 .functor BUFZ 1, C4<z>; HiZ drive
v000002419f9afe60_0 .net "clk", 0 0, o000002419f96aa18;  0 drivers
o000002419f96aa48 .functor BUFZ 16, C4<zzzzzzzzzzzzzzzz>; HiZ drive
v000002419f9aff00_0 .net "din", 15 0, o000002419f96aa48;  0 drivers
v000002419f8a7380_0 .var "dout", 15 0;
v000002419f8a7420 .array "mem", 0 15, 15 0;
o000002419f96aaa8 .functor BUFZ 1, C4<z>; HiZ drive
v000002419f8a74c0_0 .net "re", 0 0, o000002419f96aaa8;  0 drivers
o000002419f96aad8 .functor BUFZ 1, C4<z>; HiZ drive
v000002419f8ab430_0 .net "we", 0 0, o000002419f96aad8;  0 drivers
E_000002419f8ae7b0 .event posedge, v000002419f9afe60_0;
    .scope S_000002419f8a71f0;
T_0 ;
    %wait E_000002419f8ae7b0;
    %load/vec4 v000002419f8ab430_0;
    %flag_set/vec4 8;
    %jmp/0xz  T_0.0, 8;
    %load/vec4 v000002419f9aff00_0;
    %load/vec4 v000002419f8a7740_0;
    %pad/u 6;
    %ix/vec4 3;
    %ix/load 4, 0, 0; Constant delay
    %assign/vec4/a/d v000002419f8a7420, 0, 4;
T_0.0 ;
    %load/vec4 v000002419f8a74c0_0;
    %flag_set/vec4 8;
    %jmp/0xz  T_0.2, 8;
    %load/vec4 v000002419f8a7740_0;
    %pad/u 6;
    %ix/vec4 4;
    %load/vec4a v000002419f8a7420, 4;
    %assign/vec4 v000002419f8a7380_0, 0;
T_0.2 ;
    %jmp T_0;
    .thread T_0;
# The file index is used to find the file name in the following table.
:file_names 3;
    "N/A";
    "<interactive>";
    "16X16_memory.v";
