#! /mingw64/bin/vvp
:ivl_version "12.0 (stable)";
:ivl_delay_selection "TYPICAL";
:vpi_time_precision - 12;
:vpi_module "C:\msys64\mingw64\lib\ivl\system.vpi";
:vpi_module "C:\msys64\mingw64\lib\ivl\vhdl_sys.vpi";
:vpi_module "C:\msys64\mingw64\lib\ivl\vhdl_textio.vpi";
:vpi_module "C:\msys64\mingw64\lib\ivl\v2005_math.vpi";
:vpi_module "C:\msys64\mingw64\lib\ivl\va_math.vpi";
S_000001d582e882e0 .scope module, "tb_sync_ram_16x16" "tb_sync_ram_16x16" 2 4;
 .timescale -9 -12;
v000001d582ed7860_0 .var "addr", 3 0;
v000001d582ed80b0_0 .var "clk", 0 0;
v000001d582f29450_0 .var "din", 15 0;
v000001d582f29130_0 .net "dout", 15 0, v000001d582e8bf20_0;  1 drivers
v000001d582f28f50_0 .var "re", 0 0;
v000001d582f28af0_0 .var "we", 0 0;
S_000001d582ed7f20 .scope module, "uut" "sync_ram_16x16" 2 12, 3 1 0, S_000001d582e882e0;
 .timescale 0 0;
    .port_info 0 /INPUT 1 "clk";
    .port_info 1 /INPUT 1 "we";
    .port_info 2 /INPUT 1 "re";
    .port_info 3 /INPUT 4 "addr";
    .port_info 4 /INPUT 16 "din";
    .port_info 5 /OUTPUT 16 "dout";
v000001d582e8af60_0 .net "addr", 3 0, v000001d582ed7860_0;  1 drivers
v000001d582e87760_0 .net "clk", 0 0, v000001d582ed80b0_0;  1 drivers
v000001d582e874e0_0 .net "din", 15 0, v000001d582f29450_0;  1 drivers
v000001d582e8bf20_0 .var "dout", 15 0;
v000001d582e88470 .array "mem", 0 15, 15 0;
v000001d582ed7720_0 .net "re", 0 0, v000001d582f28f50_0;  1 drivers
v000001d582ed77c0_0 .net "we", 0 0, v000001d582f28af0_0;  1 drivers
E_000001d582e89c90 .event posedge, v000001d582e87760_0;
    .scope S_000001d582ed7f20;
T_0 ;
    %wait E_000001d582e89c90;
    %load/vec4 v000001d582ed77c0_0;
    %flag_set/vec4 8;
    %jmp/0xz  T_0.0, 8;
    %load/vec4 v000001d582e874e0_0;
    %load/vec4 v000001d582e8af60_0;
    %pad/u 6;
    %ix/vec4 3;
    %ix/load 4, 0, 0; Constant delay
    %assign/vec4/a/d v000001d582e88470, 0, 4;
T_0.0 ;
    %load/vec4 v000001d582ed7720_0;
    %flag_set/vec4 8;
    %jmp/0xz  T_0.2, 8;
    %load/vec4 v000001d582e8af60_0;
    %pad/u 6;
    %ix/vec4 4;
    %load/vec4a v000001d582e88470, 4;
    %assign/vec4 v000001d582e8bf20_0, 0;
T_0.2 ;
    %jmp T_0;
    .thread T_0;
    .scope S_000001d582e882e0;
T_1 ;
    %delay 5000, 0;
    %load/vec4 v000001d582ed80b0_0;
    %inv;
    %store/vec4 v000001d582ed80b0_0, 0, 1;
    %jmp T_1;
    .thread T_1;
    .scope S_000001d582e882e0;
T_2 ;
    %vpi_call 2 25 "$display", "---- Starting 16x16 Synchronous RAM Test ----" {0 0 0};
    %pushi/vec4 0, 0, 1;
    %store/vec4 v000001d582ed80b0_0, 0, 1;
    %pushi/vec4 0, 0, 1;
    %store/vec4 v000001d582f28af0_0, 0, 1;
    %pushi/vec4 0, 0, 1;
    %store/vec4 v000001d582f28f50_0, 0, 1;
    %pushi/vec4 0, 0, 4;
    %store/vec4 v000001d582ed7860_0, 0, 4;
    %pushi/vec4 0, 0, 16;
    %store/vec4 v000001d582f29450_0, 0, 16;
    %delay 10000, 0;
    %pushi/vec4 1, 0, 1;
    %store/vec4 v000001d582f28af0_0, 0, 1;
    %pushi/vec4 0, 0, 1;
    %store/vec4 v000001d582f28f50_0, 0, 1;
    %pushi/vec4 0, 0, 4;
    %store/vec4 v000001d582ed7860_0, 0, 4;
    %pushi/vec4 42405, 0, 16;
    %store/vec4 v000001d582f29450_0, 0, 16;
    %delay 10000, 0;
    %pushi/vec4 0, 0, 1;
    %store/vec4 v000001d582f28af0_0, 0, 1;
    %delay 10000, 0;
    %pushi/vec4 1, 0, 1;
    %store/vec4 v000001d582f28af0_0, 0, 1;
    %pushi/vec4 1, 0, 4;
    %store/vec4 v000001d582ed7860_0, 0, 4;
    %pushi/vec4 4660, 0, 16;
    %store/vec4 v000001d582f29450_0, 0, 16;
    %delay 10000, 0;
    %pushi/vec4 0, 0, 1;
    %store/vec4 v000001d582f28af0_0, 0, 1;
    %delay 10000, 0;
    %pushi/vec4 1, 0, 1;
    %store/vec4 v000001d582f28af0_0, 0, 1;
    %pushi/vec4 2, 0, 4;
    %store/vec4 v000001d582ed7860_0, 0, 4;
    %pushi/vec4 65535, 0, 16;
    %store/vec4 v000001d582f29450_0, 0, 16;
    %delay 10000, 0;
    %pushi/vec4 0, 0, 1;
    %store/vec4 v000001d582f28af0_0, 0, 1;
    %delay 10000, 0;
    %pushi/vec4 1, 0, 1;
    %store/vec4 v000001d582f28f50_0, 0, 1;
    %pushi/vec4 0, 0, 4;
    %store/vec4 v000001d582ed7860_0, 0, 4;
    %delay 10000, 0;
    %vpi_call 2 42 "$display", "Read from addr 0: %h (Expected: A5A5)", v000001d582f29130_0 {0 0 0};
    %delay 10000, 0;
    %pushi/vec4 1, 0, 4;
    %store/vec4 v000001d582ed7860_0, 0, 4;
    %delay 10000, 0;
    %vpi_call 2 46 "$display", "Read from addr 1: %h (Expected: 1234)", v000001d582f29130_0 {0 0 0};
    %delay 10000, 0;
    %pushi/vec4 2, 0, 4;
    %store/vec4 v000001d582ed7860_0, 0, 4;
    %delay 10000, 0;
    %vpi_call 2 50 "$display", "Read from addr 2: %h (Expected: FFFF)", v000001d582f29130_0 {0 0 0};
    %delay 10000, 0;
    %pushi/vec4 0, 0, 1;
    %store/vec4 v000001d582f28f50_0, 0, 1;
    %pushi/vec4 1, 0, 1;
    %store/vec4 v000001d582f28af0_0, 0, 1;
    %pushi/vec4 15, 0, 4;
    %store/vec4 v000001d582ed7860_0, 0, 4;
    %pushi/vec4 3855, 0, 16;
    %store/vec4 v000001d582f29450_0, 0, 16;
    %delay 10000, 0;
    %pushi/vec4 0, 0, 1;
    %store/vec4 v000001d582f28af0_0, 0, 1;
    %delay 10000, 0;
    %pushi/vec4 1, 0, 1;
    %store/vec4 v000001d582f28f50_0, 0, 1;
    %pushi/vec4 15, 0, 4;
    %store/vec4 v000001d582ed7860_0, 0, 4;
    %delay 10000, 0;
    %vpi_call 2 58 "$display", "Read from addr 15: %h (Expected: 0F0F)", v000001d582f29130_0 {0 0 0};
    %delay 20000, 0;
    %vpi_call 2 61 "$display", "---- Test Completed ----" {0 0 0};
    %vpi_call 2 62 "$stop" {0 0 0};
    %end;
    .thread T_2;
# The file index is used to find the file name in the following table.
:file_names 4;
    "N/A";
    "<interactive>";
    "16x16_memory_TB.v";
    "./16x16_memory.v";
