#! /mingw64/bin/vvp
:ivl_version "12.0 (stable)";
:ivl_delay_selection "TYPICAL";
:vpi_time_precision + 0;
:vpi_module "C:\msys64\mingw64\lib\ivl\system.vpi";
:vpi_module "C:\msys64\mingw64\lib\ivl\vhdl_sys.vpi";
:vpi_module "C:\msys64\mingw64\lib\ivl\vhdl_textio.vpi";
:vpi_module "C:\msys64\mingw64\lib\ivl\v2005_math.vpi";
:vpi_module "C:\msys64\mingw64\lib\ivl\va_math.vpi";
S_0000020069f6da20 .scope module, "mux_16x1" "mux_16x1" 2 18;
 .timescale 0 0;
    .port_info 0 /INPUT 16 "in";
    .port_info 1 /INPUT 4 "sel";
    .port_info 2 /OUTPUT 1 "out";
o0000020069e6ad48 .functor BUFZ 16, C4<zzzzzzzzzzzzzzzz>; HiZ drive
v0000020069ec51c0_0 .net "in", 15 0, o0000020069e6ad48;  0 drivers
v0000020069ec3f00_0 .net "out", 0 0, L_0000020069ecadb0;  1 drivers
o0000020069e6ad78 .functor BUFZ 4, C4<zzzz>; HiZ drive
v0000020069ec42c0_0 .net "sel", 3 0, o0000020069e6ad78;  0 drivers
v0000020069ec3d20_0 .net "t", 3 0, L_0000020069ec77b0;  1 drivers
L_0000020069ec38c0 .part o0000020069e6ad48, 0, 4;
L_0000020069ec3aa0 .part o0000020069e6ad78, 0, 2;
L_0000020069ec8d90 .part o0000020069e6ad48, 4, 4;
L_0000020069ec8110 .part o0000020069e6ad78, 0, 2;
L_0000020069ec8070 .part o0000020069e6ad48, 8, 4;
L_0000020069ec8750 .part o0000020069e6ad78, 0, 2;
L_0000020069ec7850 .part o0000020069e6ad48, 12, 4;
L_0000020069ec8570 .part o0000020069e6ad78, 0, 2;
L_0000020069ec77b0 .concat8 [ 1 1 1 1], L_0000020069e5f360, L_0000020069ec6680, L_0000020069ec6d80, L_0000020069ec7100;
L_0000020069ec7d50 .part o0000020069e6ad78, 2, 2;
S_0000020069f6dbb0 .scope module, "M0" "mux_4x1" 2 25, 3 16 0, S_0000020069f6da20;
 .timescale 0 0;
    .port_info 0 /INPUT 4 "in";
    .port_info 1 /INPUT 2 "sel";
    .port_info 2 /OUTPUT 1 "out";
v0000020069ebea30_0 .net "in", 3 0, L_0000020069ec38c0;  1 drivers
v0000020069ebead0_0 .net "out", 0 0, L_0000020069e5f360;  1 drivers
v0000020069ebeb70_0 .net "sel", 1 0, L_0000020069ec3aa0;  1 drivers
v0000020069ebe210_0 .net "t", 1 0, L_0000020069ec3640;  1 drivers
L_0000020069ec3be0 .part L_0000020069ec38c0, 0, 2;
L_0000020069ec35a0 .part L_0000020069ec3aa0, 0, 1;
L_0000020069ec4ae0 .part L_0000020069ec38c0, 2, 2;
L_0000020069ec4c20 .part L_0000020069ec3aa0, 0, 1;
L_0000020069ec3640 .concat8 [ 1 1 0 0], L_0000020069e5fbb0, L_0000020069e5f130;
L_0000020069ec3fa0 .part L_0000020069ec3aa0, 1, 1;
S_0000020069e492f0 .scope module, "M0" "mux_2x1" 3 23, 4 17 0, S_0000020069f6dbb0;
 .timescale 0 0;
    .port_info 0 /INPUT 2 "in";
    .port_info 1 /INPUT 1 "sel";
    .port_info 2 /OUTPUT 1 "out";
L_0000020069e5fb40 .functor NOT 1, L_0000020069ec35a0, C4<0>, C4<0>, C4<0>;
L_0000020069e5fc20 .functor AND 1, L_0000020069ec4360, L_0000020069e5fb40, C4<1>, C4<1>;
L_0000020069e5fc90 .functor AND 1, L_0000020069ec44a0, L_0000020069ec35a0, C4<1>, C4<1>;
L_0000020069e5fbb0 .functor OR 1, L_0000020069e5fc20, L_0000020069e5fc90, C4<0>, C4<0>;
v0000020069e618b0_0 .net *"_ivl_1", 0 0, L_0000020069ec4360;  1 drivers
v0000020069e62170_0 .net *"_ivl_3", 0 0, L_0000020069ec44a0;  1 drivers
v0000020069e62c10_0 .net "in", 1 0, L_0000020069ec3be0;  1 drivers
v0000020069e623f0_0 .net "out", 0 0, L_0000020069e5fbb0;  1 drivers
v0000020069e62a30_0 .net "sel", 0 0, L_0000020069ec35a0;  1 drivers
v0000020069e62530_0 .net "t1", 0 0, L_0000020069e5fb40;  1 drivers
v0000020069e62fd0_0 .net "t2", 0 0, L_0000020069e5fc20;  1 drivers
v0000020069e620d0_0 .net "t3", 0 0, L_0000020069e5fc90;  1 drivers
L_0000020069ec4360 .part L_0000020069ec3be0, 0, 1;
L_0000020069ec44a0 .part L_0000020069ec3be0, 1, 1;
S_0000020069e49480 .scope module, "M1" "mux_2x1" 3 24, 4 17 0, S_0000020069f6dbb0;
 .timescale 0 0;
    .port_info 0 /INPUT 2 "in";
    .port_info 1 /INPUT 1 "sel";
    .port_info 2 /OUTPUT 1 "out";
L_0000020069e5ff30 .functor NOT 1, L_0000020069ec4c20, C4<0>, C4<0>, C4<0>;
L_0000020069e5f590 .functor AND 1, L_0000020069ec45e0, L_0000020069e5ff30, C4<1>, C4<1>;
L_0000020069e5fd00 .functor AND 1, L_0000020069ec3960, L_0000020069ec4c20, C4<1>, C4<1>;
L_0000020069e5f130 .functor OR 1, L_0000020069e5f590, L_0000020069e5fd00, C4<0>, C4<0>;
v0000020069e625d0_0 .net *"_ivl_1", 0 0, L_0000020069ec45e0;  1 drivers
v0000020069e619f0_0 .net *"_ivl_3", 0 0, L_0000020069ec3960;  1 drivers
v0000020069e62670_0 .net "in", 1 0, L_0000020069ec4ae0;  1 drivers
v0000020069e62ad0_0 .net "out", 0 0, L_0000020069e5f130;  1 drivers
v0000020069e61a90_0 .net "sel", 0 0, L_0000020069ec4c20;  1 drivers
v0000020069e58eb0_0 .net "t1", 0 0, L_0000020069e5ff30;  1 drivers
v0000020069e59770_0 .net "t2", 0 0, L_0000020069e5f590;  1 drivers
v0000020069e5a030_0 .net "t3", 0 0, L_0000020069e5fd00;  1 drivers
L_0000020069ec45e0 .part L_0000020069ec4ae0, 0, 1;
L_0000020069ec3960 .part L_0000020069ec4ae0, 1, 1;
S_0000020069ebcaf0 .scope module, "M3" "mux_2x1" 3 25, 4 17 0, S_0000020069f6dbb0;
 .timescale 0 0;
    .port_info 0 /INPUT 2 "in";
    .port_info 1 /INPUT 1 "sel";
    .port_info 2 /OUTPUT 1 "out";
L_0000020069e5f0c0 .functor NOT 1, L_0000020069ec3fa0, C4<0>, C4<0>, C4<0>;
L_0000020069e5f1a0 .functor AND 1, L_0000020069ec3e60, L_0000020069e5f0c0, C4<1>, C4<1>;
L_0000020069e5f280 .functor AND 1, L_0000020069ec36e0, L_0000020069ec3fa0, C4<1>, C4<1>;
L_0000020069e5f360 .functor OR 1, L_0000020069e5f1a0, L_0000020069e5f280, C4<0>, C4<0>;
v0000020069e52390_0 .net *"_ivl_1", 0 0, L_0000020069ec3e60;  1 drivers
v0000020069ebe850_0 .net *"_ivl_3", 0 0, L_0000020069ec36e0;  1 drivers
v0000020069ebd3b0_0 .net "in", 1 0, L_0000020069ec3640;  alias, 1 drivers
v0000020069ebdc70_0 .net "out", 0 0, L_0000020069e5f360;  alias, 1 drivers
v0000020069ebd590_0 .net "sel", 0 0, L_0000020069ec3fa0;  1 drivers
v0000020069ebd450_0 .net "t1", 0 0, L_0000020069e5f0c0;  1 drivers
v0000020069ebdf90_0 .net "t2", 0 0, L_0000020069e5f1a0;  1 drivers
v0000020069ebdb30_0 .net "t3", 0 0, L_0000020069e5f280;  1 drivers
L_0000020069ec3e60 .part L_0000020069ec3640, 0, 1;
L_0000020069ec36e0 .part L_0000020069ec3640, 1, 1;
S_0000020069ebec90 .scope module, "M1" "mux_4x1" 2 26, 3 16 0, S_0000020069f6da20;
 .timescale 0 0;
    .port_info 0 /INPUT 4 "in";
    .port_info 1 /INPUT 2 "sel";
    .port_info 2 /OUTPUT 1 "out";
v0000020069ebe0d0_0 .net "in", 3 0, L_0000020069ec8d90;  1 drivers
v0000020069ebceb0_0 .net "out", 0 0, L_0000020069ec6680;  1 drivers
v0000020069ebe3f0_0 .net "sel", 1 0, L_0000020069ec8110;  1 drivers
v0000020069ebd4f0_0 .net "t", 1 0, L_0000020069ec4d60;  1 drivers
L_0000020069ec4720 .part L_0000020069ec8d90, 0, 2;
L_0000020069ec4180 .part L_0000020069ec8110, 0, 1;
L_0000020069ec4860 .part L_0000020069ec8d90, 2, 2;
L_0000020069ec49a0 .part L_0000020069ec8110, 0, 1;
L_0000020069ec4d60 .concat8 [ 1 1 0 0], L_0000020069ec7250, L_0000020069ec71e0;
L_0000020069ec9290 .part L_0000020069ec8110, 1, 1;
S_0000020069ebee20 .scope module, "M0" "mux_2x1" 3 23, 4 17 0, S_0000020069ebec90;
 .timescale 0 0;
    .port_info 0 /INPUT 2 "in";
    .port_info 1 /INPUT 1 "sel";
    .port_info 2 /OUTPUT 1 "out";
L_0000020069e5f3d0 .functor NOT 1, L_0000020069ec4180, C4<0>, C4<0>, C4<0>;
L_0000020069e5f440 .functor AND 1, L_0000020069ec4680, L_0000020069e5f3d0, C4<1>, C4<1>;
L_0000020069ec6760 .functor AND 1, L_0000020069ec4040, L_0000020069ec4180, C4<1>, C4<1>;
L_0000020069ec7250 .functor OR 1, L_0000020069e5f440, L_0000020069ec6760, C4<0>, C4<0>;
v0000020069ebd770_0 .net *"_ivl_1", 0 0, L_0000020069ec4680;  1 drivers
v0000020069ebddb0_0 .net *"_ivl_3", 0 0, L_0000020069ec4040;  1 drivers
v0000020069ebd6d0_0 .net "in", 1 0, L_0000020069ec4720;  1 drivers
v0000020069ebd130_0 .net "out", 0 0, L_0000020069ec7250;  1 drivers
v0000020069ebe7b0_0 .net "sel", 0 0, L_0000020069ec4180;  1 drivers
v0000020069ebdd10_0 .net "t1", 0 0, L_0000020069e5f3d0;  1 drivers
v0000020069ebe170_0 .net "t2", 0 0, L_0000020069e5f440;  1 drivers
v0000020069ebd810_0 .net "t3", 0 0, L_0000020069ec6760;  1 drivers
L_0000020069ec4680 .part L_0000020069ec4720, 0, 1;
L_0000020069ec4040 .part L_0000020069ec4720, 1, 1;
S_0000020069ebefb0 .scope module, "M1" "mux_2x1" 3 24, 4 17 0, S_0000020069ebec90;
 .timescale 0 0;
    .port_info 0 /INPUT 2 "in";
    .port_info 1 /INPUT 1 "sel";
    .port_info 2 /OUTPUT 1 "out";
L_0000020069ec63e0 .functor NOT 1, L_0000020069ec49a0, C4<0>, C4<0>, C4<0>;
L_0000020069ec6ae0 .functor AND 1, L_0000020069ec47c0, L_0000020069ec63e0, C4<1>, C4<1>;
L_0000020069ec6bc0 .functor AND 1, L_0000020069ec4220, L_0000020069ec49a0, C4<1>, C4<1>;
L_0000020069ec71e0 .functor OR 1, L_0000020069ec6ae0, L_0000020069ec6bc0, C4<0>, C4<0>;
v0000020069ebe2b0_0 .net *"_ivl_1", 0 0, L_0000020069ec47c0;  1 drivers
v0000020069ebe8f0_0 .net *"_ivl_3", 0 0, L_0000020069ec4220;  1 drivers
v0000020069ebe990_0 .net "in", 1 0, L_0000020069ec4860;  1 drivers
v0000020069ebd8b0_0 .net "out", 0 0, L_0000020069ec71e0;  1 drivers
v0000020069ebdbd0_0 .net "sel", 0 0, L_0000020069ec49a0;  1 drivers
v0000020069ebe350_0 .net "t1", 0 0, L_0000020069ec63e0;  1 drivers
v0000020069ebd9f0_0 .net "t2", 0 0, L_0000020069ec6ae0;  1 drivers
v0000020069ebd630_0 .net "t3", 0 0, L_0000020069ec6bc0;  1 drivers
L_0000020069ec47c0 .part L_0000020069ec4860, 0, 1;
L_0000020069ec4220 .part L_0000020069ec4860, 1, 1;
S_0000020069ebf140 .scope module, "M3" "mux_2x1" 3 25, 4 17 0, S_0000020069ebec90;
 .timescale 0 0;
    .port_info 0 /INPUT 2 "in";
    .port_info 1 /INPUT 1 "sel";
    .port_info 2 /OUTPUT 1 "out";
L_0000020069ec65a0 .functor NOT 1, L_0000020069ec9290, C4<0>, C4<0>, C4<0>;
L_0000020069ec66f0 .functor AND 1, L_0000020069ec7670, L_0000020069ec65a0, C4<1>, C4<1>;
L_0000020069ec6990 .functor AND 1, L_0000020069ec9150, L_0000020069ec9290, C4<1>, C4<1>;
L_0000020069ec6680 .functor OR 1, L_0000020069ec66f0, L_0000020069ec6990, C4<0>, C4<0>;
v0000020069ebccd0_0 .net *"_ivl_1", 0 0, L_0000020069ec7670;  1 drivers
v0000020069ebcd70_0 .net *"_ivl_3", 0 0, L_0000020069ec9150;  1 drivers
v0000020069ebd950_0 .net "in", 1 0, L_0000020069ec4d60;  alias, 1 drivers
v0000020069ebde50_0 .net "out", 0 0, L_0000020069ec6680;  alias, 1 drivers
v0000020069ebd310_0 .net "sel", 0 0, L_0000020069ec9290;  1 drivers
v0000020069ebda90_0 .net "t1", 0 0, L_0000020069ec65a0;  1 drivers
v0000020069ebe030_0 .net "t2", 0 0, L_0000020069ec66f0;  1 drivers
v0000020069ebce10_0 .net "t3", 0 0, L_0000020069ec6990;  1 drivers
L_0000020069ec7670 .part L_0000020069ec4d60, 0, 1;
L_0000020069ec9150 .part L_0000020069ec4d60, 1, 1;
S_0000020069ebf2d0 .scope module, "M2" "mux_4x1" 2 27, 3 16 0, S_0000020069f6da20;
 .timescale 0 0;
    .port_info 0 /INPUT 4 "in";
    .port_info 1 /INPUT 2 "sel";
    .port_info 2 /OUTPUT 1 "out";
v0000020069ec03b0_0 .net "in", 3 0, L_0000020069ec8070;  1 drivers
v0000020069ebfc30_0 .net "out", 0 0, L_0000020069ec6d80;  1 drivers
v0000020069ec1030_0 .net "sel", 1 0, L_0000020069ec8750;  1 drivers
v0000020069ec0090_0 .net "t", 1 0, L_0000020069ec8610;  1 drivers
L_0000020069ec8c50 .part L_0000020069ec8070, 0, 2;
L_0000020069ec82f0 .part L_0000020069ec8750, 0, 1;
L_0000020069ec7490 .part L_0000020069ec8070, 2, 2;
L_0000020069ec75d0 .part L_0000020069ec8750, 0, 1;
L_0000020069ec8610 .concat8 [ 1 1 0 0], L_0000020069ec67d0, L_0000020069ec6b50;
L_0000020069ec8890 .part L_0000020069ec8750, 1, 1;
S_0000020069ebf460 .scope module, "M0" "mux_2x1" 3 23, 4 17 0, S_0000020069ebf2d0;
 .timescale 0 0;
    .port_info 0 /INPUT 2 "in";
    .port_info 1 /INPUT 1 "sel";
    .port_info 2 /OUTPUT 1 "out";
L_0000020069ec6ed0 .functor NOT 1, L_0000020069ec82f0, C4<0>, C4<0>, C4<0>;
L_0000020069ec7020 .functor AND 1, L_0000020069ec73f0, L_0000020069ec6ed0, C4<1>, C4<1>;
L_0000020069ec6450 .functor AND 1, L_0000020069ec7530, L_0000020069ec82f0, C4<1>, C4<1>;
L_0000020069ec67d0 .functor OR 1, L_0000020069ec7020, L_0000020069ec6450, C4<0>, C4<0>;
v0000020069ebe490_0 .net *"_ivl_1", 0 0, L_0000020069ec73f0;  1 drivers
v0000020069ebdef0_0 .net *"_ivl_3", 0 0, L_0000020069ec7530;  1 drivers
v0000020069ebcf50_0 .net "in", 1 0, L_0000020069ec8c50;  1 drivers
v0000020069ebcff0_0 .net "out", 0 0, L_0000020069ec67d0;  1 drivers
v0000020069ebe5d0_0 .net "sel", 0 0, L_0000020069ec82f0;  1 drivers
v0000020069ebe530_0 .net "t1", 0 0, L_0000020069ec6ed0;  1 drivers
v0000020069ebd090_0 .net "t2", 0 0, L_0000020069ec7020;  1 drivers
v0000020069ebe670_0 .net "t3", 0 0, L_0000020069ec6450;  1 drivers
L_0000020069ec73f0 .part L_0000020069ec8c50, 0, 1;
L_0000020069ec7530 .part L_0000020069ec8c50, 1, 1;
S_0000020069ebf5f0 .scope module, "M1" "mux_2x1" 3 24, 4 17 0, S_0000020069ebf2d0;
 .timescale 0 0;
    .port_info 0 /INPUT 2 "in";
    .port_info 1 /INPUT 1 "sel";
    .port_info 2 /OUTPUT 1 "out";
L_0000020069ec6530 .functor NOT 1, L_0000020069ec75d0, C4<0>, C4<0>, C4<0>;
L_0000020069ec64c0 .functor AND 1, L_0000020069ec8930, L_0000020069ec6530, C4<1>, C4<1>;
L_0000020069ec6a70 .functor AND 1, L_0000020069ec90b0, L_0000020069ec75d0, C4<1>, C4<1>;
L_0000020069ec6b50 .functor OR 1, L_0000020069ec64c0, L_0000020069ec6a70, C4<0>, C4<0>;
v0000020069ebd1d0_0 .net *"_ivl_1", 0 0, L_0000020069ec8930;  1 drivers
v0000020069ebe710_0 .net *"_ivl_3", 0 0, L_0000020069ec90b0;  1 drivers
v0000020069ebd270_0 .net "in", 1 0, L_0000020069ec7490;  1 drivers
v0000020069ec0c70_0 .net "out", 0 0, L_0000020069ec6b50;  1 drivers
v0000020069ec12b0_0 .net "sel", 0 0, L_0000020069ec75d0;  1 drivers
v0000020069ec13f0_0 .net "t1", 0 0, L_0000020069ec6530;  1 drivers
v0000020069ec0e50_0 .net "t2", 0 0, L_0000020069ec64c0;  1 drivers
v0000020069ebf7d0_0 .net "t3", 0 0, L_0000020069ec6a70;  1 drivers
L_0000020069ec8930 .part L_0000020069ec7490, 0, 1;
L_0000020069ec90b0 .part L_0000020069ec7490, 1, 1;
S_0000020069ec1b90 .scope module, "M3" "mux_2x1" 3 25, 4 17 0, S_0000020069ebf2d0;
 .timescale 0 0;
    .port_info 0 /INPUT 2 "in";
    .port_info 1 /INPUT 1 "sel";
    .port_info 2 /OUTPUT 1 "out";
L_0000020069ec6610 .functor NOT 1, L_0000020069ec8890, C4<0>, C4<0>, C4<0>;
L_0000020069ec6c30 .functor AND 1, L_0000020069ec8cf0, L_0000020069ec6610, C4<1>, C4<1>;
L_0000020069ec6a00 .functor AND 1, L_0000020069ec89d0, L_0000020069ec8890, C4<1>, C4<1>;
L_0000020069ec6d80 .functor OR 1, L_0000020069ec6c30, L_0000020069ec6a00, C4<0>, C4<0>;
v0000020069ebfff0_0 .net *"_ivl_1", 0 0, L_0000020069ec8cf0;  1 drivers
v0000020069ebfaf0_0 .net *"_ivl_3", 0 0, L_0000020069ec89d0;  1 drivers
v0000020069ec0590_0 .net "in", 1 0, L_0000020069ec8610;  alias, 1 drivers
v0000020069ebff50_0 .net "out", 0 0, L_0000020069ec6d80;  alias, 1 drivers
v0000020069ec0950_0 .net "sel", 0 0, L_0000020069ec8890;  1 drivers
v0000020069ec0270_0 .net "t1", 0 0, L_0000020069ec6610;  1 drivers
v0000020069ec0310_0 .net "t2", 0 0, L_0000020069ec6c30;  1 drivers
v0000020069ec0d10_0 .net "t3", 0 0, L_0000020069ec6a00;  1 drivers
L_0000020069ec8cf0 .part L_0000020069ec8610, 0, 1;
L_0000020069ec89d0 .part L_0000020069ec8610, 1, 1;
S_0000020069ec1d20 .scope module, "M3" "mux_4x1" 2 28, 3 16 0, S_0000020069f6da20;
 .timescale 0 0;
    .port_info 0 /INPUT 4 "in";
    .port_info 1 /INPUT 2 "sel";
    .port_info 2 /OUTPUT 1 "out";
v0000020069ec0ef0_0 .net "in", 3 0, L_0000020069ec7850;  1 drivers
v0000020069ec0f90_0 .net "out", 0 0, L_0000020069ec7100;  1 drivers
v0000020069ec09f0_0 .net "sel", 1 0, L_0000020069ec8570;  1 drivers
v0000020069ebfd70_0 .net "t", 1 0, L_0000020069ec81b0;  1 drivers
L_0000020069ec78f0 .part L_0000020069ec7850, 0, 2;
L_0000020069ec7cb0 .part L_0000020069ec8570, 0, 1;
L_0000020069ec8b10 .part L_0000020069ec7850, 2, 2;
L_0000020069ec8e30 .part L_0000020069ec8570, 0, 1;
L_0000020069ec81b0 .concat8 [ 1 1 0 0], L_0000020069ec6ca0, L_0000020069ec6df0;
L_0000020069ec8390 .part L_0000020069ec8570, 1, 1;
S_0000020069ec1eb0 .scope module, "M0" "mux_2x1" 3 23, 4 17 0, S_0000020069ec1d20;
 .timescale 0 0;
    .port_info 0 /INPUT 2 "in";
    .port_info 1 /INPUT 1 "sel";
    .port_info 2 /OUTPUT 1 "out";
L_0000020069ec6d10 .functor NOT 1, L_0000020069ec7cb0, C4<0>, C4<0>, C4<0>;
L_0000020069ec6e60 .functor AND 1, L_0000020069ec8430, L_0000020069ec6d10, C4<1>, C4<1>;
L_0000020069ec6840 .functor AND 1, L_0000020069ec7990, L_0000020069ec7cb0, C4<1>, C4<1>;
L_0000020069ec6ca0 .functor OR 1, L_0000020069ec6e60, L_0000020069ec6840, C4<0>, C4<0>;
v0000020069ec15d0_0 .net *"_ivl_1", 0 0, L_0000020069ec8430;  1 drivers
v0000020069ec1490_0 .net *"_ivl_3", 0 0, L_0000020069ec7990;  1 drivers
v0000020069ec0130_0 .net "in", 1 0, L_0000020069ec78f0;  1 drivers
v0000020069ec0810_0 .net "out", 0 0, L_0000020069ec6ca0;  1 drivers
v0000020069ec01d0_0 .net "sel", 0 0, L_0000020069ec7cb0;  1 drivers
v0000020069ec0450_0 .net "t1", 0 0, L_0000020069ec6d10;  1 drivers
v0000020069ec0b30_0 .net "t2", 0 0, L_0000020069ec6e60;  1 drivers
v0000020069ec06d0_0 .net "t3", 0 0, L_0000020069ec6840;  1 drivers
L_0000020069ec8430 .part L_0000020069ec78f0, 0, 1;
L_0000020069ec7990 .part L_0000020069ec78f0, 1, 1;
S_0000020069ec2040 .scope module, "M1" "mux_2x1" 3 24, 4 17 0, S_0000020069ec1d20;
 .timescale 0 0;
    .port_info 0 /INPUT 2 "in";
    .port_info 1 /INPUT 1 "sel";
    .port_info 2 /OUTPUT 1 "out";
L_0000020069ec68b0 .functor NOT 1, L_0000020069ec8e30, C4<0>, C4<0>, C4<0>;
L_0000020069ec6920 .functor AND 1, L_0000020069ec9010, L_0000020069ec68b0, C4<1>, C4<1>;
L_0000020069ec72c0 .functor AND 1, L_0000020069ec8250, L_0000020069ec8e30, C4<1>, C4<1>;
L_0000020069ec6df0 .functor OR 1, L_0000020069ec6920, L_0000020069ec72c0, C4<0>, C4<0>;
v0000020069ec1670_0 .net *"_ivl_1", 0 0, L_0000020069ec9010;  1 drivers
v0000020069ec0db0_0 .net *"_ivl_3", 0 0, L_0000020069ec8250;  1 drivers
v0000020069ec04f0_0 .net "in", 1 0, L_0000020069ec8b10;  1 drivers
v0000020069ebf870_0 .net "out", 0 0, L_0000020069ec6df0;  1 drivers
v0000020069ebf910_0 .net "sel", 0 0, L_0000020069ec8e30;  1 drivers
v0000020069ec10d0_0 .net "t1", 0 0, L_0000020069ec68b0;  1 drivers
v0000020069ec0630_0 .net "t2", 0 0, L_0000020069ec6920;  1 drivers
v0000020069ebf9b0_0 .net "t3", 0 0, L_0000020069ec72c0;  1 drivers
L_0000020069ec9010 .part L_0000020069ec8b10, 0, 1;
L_0000020069ec8250 .part L_0000020069ec8b10, 1, 1;
S_0000020069ec21d0 .scope module, "M3" "mux_2x1" 3 25, 4 17 0, S_0000020069ec1d20;
 .timescale 0 0;
    .port_info 0 /INPUT 2 "in";
    .port_info 1 /INPUT 1 "sel";
    .port_info 2 /OUTPUT 1 "out";
L_0000020069ec6f40 .functor NOT 1, L_0000020069ec8390, C4<0>, C4<0>, C4<0>;
L_0000020069ec6fb0 .functor AND 1, L_0000020069ec8ed0, L_0000020069ec6f40, C4<1>, C4<1>;
L_0000020069ec7090 .functor AND 1, L_0000020069ec7710, L_0000020069ec8390, C4<1>, C4<1>;
L_0000020069ec7100 .functor OR 1, L_0000020069ec6fb0, L_0000020069ec7090, C4<0>, C4<0>;
v0000020069ebfa50_0 .net *"_ivl_1", 0 0, L_0000020069ec8ed0;  1 drivers
v0000020069ec0a90_0 .net *"_ivl_3", 0 0, L_0000020069ec7710;  1 drivers
v0000020069ec0bd0_0 .net "in", 1 0, L_0000020069ec81b0;  alias, 1 drivers
v0000020069ec0770_0 .net "out", 0 0, L_0000020069ec7100;  alias, 1 drivers
v0000020069ec1530_0 .net "sel", 0 0, L_0000020069ec8390;  1 drivers
v0000020069ec08b0_0 .net "t1", 0 0, L_0000020069ec6f40;  1 drivers
v0000020069ebfb90_0 .net "t2", 0 0, L_0000020069ec6fb0;  1 drivers
v0000020069ebfcd0_0 .net "t3", 0 0, L_0000020069ec7090;  1 drivers
L_0000020069ec8ed0 .part L_0000020069ec81b0, 0, 1;
L_0000020069ec7710 .part L_0000020069ec81b0, 1, 1;
S_0000020069ec31c0 .scope module, "M5" "mux_4x1" 2 29, 3 16 0, S_0000020069f6da20;
 .timescale 0 0;
    .port_info 0 /INPUT 4 "in";
    .port_info 1 /INPUT 2 "sel";
    .port_info 2 /OUTPUT 1 "out";
v0000020069ec5080_0 .net "in", 3 0, L_0000020069ec77b0;  alias, 1 drivers
v0000020069ec3a00_0 .net "out", 0 0, L_0000020069ecadb0;  alias, 1 drivers
v0000020069ec3460_0 .net "sel", 1 0, L_0000020069ec7d50;  1 drivers
v0000020069ec3c80_0 .net "t", 1 0, L_0000020069ec8f70;  1 drivers
L_0000020069ec7df0 .part L_0000020069ec77b0, 0, 2;
L_0000020069ec7a30 .part L_0000020069ec7d50, 0, 1;
L_0000020069ec8bb0 .part L_0000020069ec77b0, 2, 2;
L_0000020069ec7ad0 .part L_0000020069ec7d50, 0, 1;
L_0000020069ec8f70 .concat8 [ 1 1 0 0], L_0000020069ecb1a0, L_0000020069eca950;
L_0000020069ec87f0 .part L_0000020069ec7d50, 1, 1;
S_0000020069ec2d10 .scope module, "M0" "mux_2x1" 3 23, 4 17 0, S_0000020069ec31c0;
 .timescale 0 0;
    .port_info 0 /INPUT 2 "in";
    .port_info 1 /INPUT 1 "sel";
    .port_info 2 /OUTPUT 1 "out";
L_0000020069ec7170 .functor NOT 1, L_0000020069ec7a30, C4<0>, C4<0>, C4<0>;
L_0000020069ecae20 .functor AND 1, L_0000020069ec86b0, L_0000020069ec7170, C4<1>, C4<1>;
L_0000020069ecae90 .functor AND 1, L_0000020069ec8a70, L_0000020069ec7a30, C4<1>, C4<1>;
L_0000020069ecb1a0 .functor OR 1, L_0000020069ecae20, L_0000020069ecae90, C4<0>, C4<0>;
v0000020069ebfe10_0 .net *"_ivl_1", 0 0, L_0000020069ec86b0;  1 drivers
v0000020069ec1170_0 .net *"_ivl_3", 0 0, L_0000020069ec8a70;  1 drivers
v0000020069ec1210_0 .net "in", 1 0, L_0000020069ec7df0;  1 drivers
v0000020069ec1350_0 .net "out", 0 0, L_0000020069ecb1a0;  1 drivers
v0000020069ebfeb0_0 .net "sel", 0 0, L_0000020069ec7a30;  1 drivers
v0000020069ec4400_0 .net "t1", 0 0, L_0000020069ec7170;  1 drivers
v0000020069ec4cc0_0 .net "t2", 0 0, L_0000020069ecae20;  1 drivers
v0000020069ec4f40_0 .net "t3", 0 0, L_0000020069ecae90;  1 drivers
L_0000020069ec86b0 .part L_0000020069ec7df0, 0, 1;
L_0000020069ec8a70 .part L_0000020069ec7df0, 1, 1;
S_0000020069ec3030 .scope module, "M1" "mux_2x1" 3 24, 4 17 0, S_0000020069ec31c0;
 .timescale 0 0;
    .port_info 0 /INPUT 2 "in";
    .port_info 1 /INPUT 1 "sel";
    .port_info 2 /OUTPUT 1 "out";
L_0000020069eca8e0 .functor NOT 1, L_0000020069ec7ad0, C4<0>, C4<0>, C4<0>;
L_0000020069ecab80 .functor AND 1, L_0000020069ec84d0, L_0000020069eca8e0, C4<1>, C4<1>;
L_0000020069ecaf00 .functor AND 1, L_0000020069ec91f0, L_0000020069ec7ad0, C4<1>, C4<1>;
L_0000020069eca950 .functor OR 1, L_0000020069ecab80, L_0000020069ecaf00, C4<0>, C4<0>;
v0000020069ec4e00_0 .net *"_ivl_1", 0 0, L_0000020069ec84d0;  1 drivers
v0000020069ec5260_0 .net *"_ivl_3", 0 0, L_0000020069ec91f0;  1 drivers
v0000020069ec3b40_0 .net "in", 1 0, L_0000020069ec8bb0;  1 drivers
v0000020069ec4b80_0 .net "out", 0 0, L_0000020069eca950;  1 drivers
v0000020069ec3820_0 .net "sel", 0 0, L_0000020069ec7ad0;  1 drivers
v0000020069ec3dc0_0 .net "t1", 0 0, L_0000020069eca8e0;  1 drivers
v0000020069ec3780_0 .net "t2", 0 0, L_0000020069ecab80;  1 drivers
v0000020069ec5120_0 .net "t3", 0 0, L_0000020069ecaf00;  1 drivers
L_0000020069ec84d0 .part L_0000020069ec8bb0, 0, 1;
L_0000020069ec91f0 .part L_0000020069ec8bb0, 1, 1;
S_0000020069ec2ea0 .scope module, "M3" "mux_2x1" 3 25, 4 17 0, S_0000020069ec31c0;
 .timescale 0 0;
    .port_info 0 /INPUT 2 "in";
    .port_info 1 /INPUT 1 "sel";
    .port_info 2 /OUTPUT 1 "out";
L_0000020069eca480 .functor NOT 1, L_0000020069ec87f0, C4<0>, C4<0>, C4<0>;
L_0000020069ecac60 .functor AND 1, L_0000020069ec7b70, L_0000020069eca480, C4<1>, C4<1>;
L_0000020069eca5d0 .functor AND 1, L_0000020069ec7c10, L_0000020069ec87f0, C4<1>, C4<1>;
L_0000020069ecadb0 .functor OR 1, L_0000020069ecac60, L_0000020069eca5d0, C4<0>, C4<0>;
v0000020069ec4ea0_0 .net *"_ivl_1", 0 0, L_0000020069ec7b70;  1 drivers
v0000020069ec3500_0 .net *"_ivl_3", 0 0, L_0000020069ec7c10;  1 drivers
v0000020069ec40e0_0 .net "in", 1 0, L_0000020069ec8f70;  alias, 1 drivers
v0000020069ec33c0_0 .net "out", 0 0, L_0000020069ecadb0;  alias, 1 drivers
v0000020069ec4900_0 .net "sel", 0 0, L_0000020069ec87f0;  1 drivers
v0000020069ec4a40_0 .net "t1", 0 0, L_0000020069eca480;  1 drivers
v0000020069ec4540_0 .net "t2", 0 0, L_0000020069ecac60;  1 drivers
v0000020069ec4fe0_0 .net "t3", 0 0, L_0000020069eca5d0;  1 drivers
L_0000020069ec7b70 .part L_0000020069ec8f70, 0, 1;
L_0000020069ec7c10 .part L_0000020069ec8f70, 1, 1;
# The file index is used to find the file name in the following table.
:file_names 5;
    "N/A";
    "<interactive>";
    "mux_16x1by4x1.v";
    "./mux_4x1by2x1.v";
    "./mux_2x1.v";
