#! /mingw64/bin/vvp
:ivl_version "12.0 (stable)";
:ivl_delay_selection "TYPICAL";
:vpi_time_precision + 0;
:vpi_module "C:\msys64\mingw64\lib\ivl\system.vpi";
:vpi_module "C:\msys64\mingw64\lib\ivl\vhdl_sys.vpi";
:vpi_module "C:\msys64\mingw64\lib\ivl\vhdl_textio.vpi";
:vpi_module "C:\msys64\mingw64\lib\ivl\v2005_math.vpi";
:vpi_module "C:\msys64\mingw64\lib\ivl\va_math.vpi";
S_000002743237da20 .scope module, "mux_16x1" "mux_16x1" 2 18;
 .timescale 0 0;
    .port_info 0 /INPUT 16 "in";
    .port_info 1 /INPUT 4 "sel";
    .port_info 2 /OUTPUT 1 "out";
o000002743229ad48 .functor BUFZ 16, C4<zzzzzzzzzzzzzzzz>; HiZ drive
v00000274322f4040_0 .net "in", 15 0, o000002743229ad48;  0 drivers
v00000274322f4a40_0 .net "out", 0 0, L_00000274322fad40;  1 drivers
o000002743229ad78 .functor BUFZ 4, C4<zzzz>; HiZ drive
v00000274322f3960_0 .net "sel", 3 0, o000002743229ad78;  0 drivers
v00000274322f40e0_0 .net "t", 3 0, L_00000274322f8ed0;  1 drivers
L_00000274322f35a0 .part o000002743229ad48, 0, 4;
L_00000274322f3460 .part o000002743229ad78, 0, 2;
L_00000274322f89d0 .part o000002743229ad48, 4, 4;
L_00000274322f8c50 .part o000002743229ad78, 0, 2;
L_00000274322f8b10 .part o000002743229ad48, 8, 4;
L_00000274322f8430 .part o000002743229ad78, 0, 2;
L_00000274322f7710 .part o000002743229ad48, 12, 4;
L_00000274322f78f0 .part o000002743229ad78, 0, 2;
L_00000274322f8ed0 .concat8 [ 1 1 1 1], L_000002743228f3d0, L_00000274322f6ed0, L_00000274322f71e0, L_00000274322f6b50;
L_00000274322f7b70 .part o000002743229ad78, 2, 2;
S_000002743237dbb0 .scope module, "M0" "mux_4x1" 2 25, 3 16 0, S_000002743237da20;
 .timescale 0 0;
    .port_info 0 /INPUT 4 "in";
    .port_info 1 /INPUT 2 "sel";
    .port_info 2 /OUTPUT 1 "out";
v00000274322ed1d0_0 .net "in", 3 0, L_00000274322f35a0;  1 drivers
v00000274322ed6d0_0 .net "out", 0 0, L_000002743228f3d0;  1 drivers
v00000274322edc70_0 .net "sel", 1 0, L_00000274322f3460;  1 drivers
v00000274322ed090_0 .net "t", 1 0, L_00000274322f51c0;  1 drivers
L_00000274322f4220 .part L_00000274322f35a0, 0, 2;
L_00000274322f4540 .part L_00000274322f3460, 0, 1;
L_00000274322f4360 .part L_00000274322f35a0, 2, 2;
L_00000274322f5120 .part L_00000274322f3460, 0, 1;
L_00000274322f51c0 .concat8 [ 1 1 0 0], L_000002743228fad0, L_000002743228ff30;
L_00000274322f33c0 .part L_00000274322f3460, 1, 1;
S_00000274322792f0 .scope module, "M0" "mux_2x1" 3 23, 4 17 0, S_000002743237dbb0;
 .timescale 0 0;
    .port_info 0 /INPUT 2 "in";
    .port_info 1 /INPUT 1 "sel";
    .port_info 2 /OUTPUT 1 "out";
L_000002743228f0c0 .functor NOT 1, L_00000274322f4540, C4<0>, C4<0>, C4<0>;
L_000002743228fbb0 .functor AND 1, L_00000274322f3e60, L_000002743228f0c0, C4<1>, C4<1>;
L_000002743228fa60 .functor AND 1, L_00000274322f4e00, L_00000274322f4540, C4<1>, C4<1>;
L_000002743228fad0 .functor OR 1, L_000002743228fbb0, L_000002743228fa60, C4<0>, C4<0>;
v00000274322918b0_0 .net *"_ivl_1", 0 0, L_00000274322f3e60;  1 drivers
v0000027432291c70_0 .net *"_ivl_3", 0 0, L_00000274322f4e00;  1 drivers
v0000027432291d10_0 .net "in", 1 0, L_00000274322f4220;  1 drivers
v0000027432291db0_0 .net "out", 0 0, L_000002743228fad0;  1 drivers
v0000027432291ef0_0 .net "sel", 0 0, L_00000274322f4540;  1 drivers
v0000027432292530_0 .net "t1", 0 0, L_000002743228f0c0;  1 drivers
v0000027432291f90_0 .net "t2", 0 0, L_000002743228fbb0;  1 drivers
v0000027432292030_0 .net "t3", 0 0, L_000002743228fa60;  1 drivers
L_00000274322f3e60 .part L_00000274322f4220, 0, 1;
L_00000274322f4e00 .part L_00000274322f4220, 1, 1;
S_0000027432279480 .scope module, "M1" "mux_2x1" 3 24, 4 17 0, S_000002743237dbb0;
 .timescale 0 0;
    .port_info 0 /INPUT 2 "in";
    .port_info 1 /INPUT 1 "sel";
    .port_info 2 /OUTPUT 1 "out";
L_000002743228fb40 .functor NOT 1, L_00000274322f5120, C4<0>, C4<0>, C4<0>;
L_000002743228fe50 .functor AND 1, L_00000274322f4b80, L_000002743228fb40, C4<1>, C4<1>;
L_000002743228fec0 .functor AND 1, L_00000274322f5080, L_00000274322f5120, C4<1>, C4<1>;
L_000002743228ff30 .functor OR 1, L_000002743228fe50, L_000002743228fec0, C4<0>, C4<0>;
v0000027432292210_0 .net *"_ivl_1", 0 0, L_00000274322f4b80;  1 drivers
v00000274322922b0_0 .net *"_ivl_3", 0 0, L_00000274322f5080;  1 drivers
v00000274322925d0_0 .net "in", 1 0, L_00000274322f4360;  1 drivers
v0000027432292670_0 .net "out", 0 0, L_000002743228ff30;  1 drivers
v0000027432292710_0 .net "sel", 0 0, L_00000274322f5120;  1 drivers
v000002743228a670_0 .net "t1", 0 0, L_000002743228fb40;  1 drivers
v0000027432288eb0_0 .net "t2", 0 0, L_000002743228fe50;  1 drivers
v0000027432289450_0 .net "t3", 0 0, L_000002743228fec0;  1 drivers
L_00000274322f4b80 .part L_00000274322f4360, 0, 1;
L_00000274322f5080 .part L_00000274322f4360, 1, 1;
S_00000274322ecaf0 .scope module, "M3" "mux_2x1" 3 25, 4 17 0, S_000002743237dbb0;
 .timescale 0 0;
    .port_info 0 /INPUT 2 "in";
    .port_info 1 /INPUT 1 "sel";
    .port_info 2 /OUTPUT 1 "out";
L_000002743228ffa0 .functor NOT 1, L_00000274322f33c0, C4<0>, C4<0>, C4<0>;
L_000002743228f130 .functor AND 1, L_00000274322f47c0, L_000002743228ffa0, C4<1>, C4<1>;
L_000002743228f360 .functor AND 1, L_00000274322f5260, L_00000274322f33c0, C4<1>, C4<1>;
L_000002743228f3d0 .functor OR 1, L_000002743228f130, L_000002743228f360, C4<0>, C4<0>;
v0000027432281fd0_0 .net *"_ivl_1", 0 0, L_00000274322f47c0;  1 drivers
v00000274322ed950_0 .net *"_ivl_3", 0 0, L_00000274322f5260;  1 drivers
v00000274322ee710_0 .net "in", 1 0, L_00000274322f51c0;  alias, 1 drivers
v00000274322ee490_0 .net "out", 0 0, L_000002743228f3d0;  alias, 1 drivers
v00000274322eda90_0 .net "sel", 0 0, L_00000274322f33c0;  1 drivers
v00000274322ee850_0 .net "t1", 0 0, L_000002743228ffa0;  1 drivers
v00000274322ed130_0 .net "t2", 0 0, L_000002743228f130;  1 drivers
v00000274322ecf50_0 .net "t3", 0 0, L_000002743228f360;  1 drivers
L_00000274322f47c0 .part L_00000274322f51c0, 0, 1;
L_00000274322f5260 .part L_00000274322f51c0, 1, 1;
S_00000274322eec90 .scope module, "M1" "mux_4x1" 2 26, 3 16 0, S_000002743237da20;
 .timescale 0 0;
    .port_info 0 /INPUT 4 "in";
    .port_info 1 /INPUT 2 "sel";
    .port_info 2 /OUTPUT 1 "out";
v00000274322ee8f0_0 .net "in", 3 0, L_00000274322f89d0;  1 drivers
v00000274322eead0_0 .net "out", 0 0, L_00000274322f6ed0;  1 drivers
v00000274322edbd0_0 .net "sel", 1 0, L_00000274322f8c50;  1 drivers
v00000274322ed310_0 .net "t", 1 0, L_00000274322f42c0;  1 drivers
L_00000274322f3c80 .part L_00000274322f89d0, 0, 2;
L_00000274322f3640 .part L_00000274322f8c50, 0, 1;
L_00000274322f3dc0 .part L_00000274322f89d0, 2, 2;
L_00000274322f38c0 .part L_00000274322f8c50, 0, 1;
L_00000274322f42c0 .concat8 [ 1 1 0 0], L_00000274322f6530, L_00000274322f63e0;
L_00000274322f9290 .part L_00000274322f8c50, 1, 1;
S_00000274322eee20 .scope module, "M0" "mux_2x1" 3 23, 4 17 0, S_00000274322eec90;
 .timescale 0 0;
    .port_info 0 /INPUT 2 "in";
    .port_info 1 /INPUT 1 "sel";
    .port_info 2 /OUTPUT 1 "out";
L_000002743228f440 .functor NOT 1, L_00000274322f3640, C4<0>, C4<0>, C4<0>;
L_000002743228f4b0 .functor AND 1, L_00000274322f4860, L_000002743228f440, C4<1>, C4<1>;
L_00000274322f6fb0 .functor AND 1, L_00000274322f3500, L_00000274322f3640, C4<1>, C4<1>;
L_00000274322f6530 .functor OR 1, L_000002743228f4b0, L_00000274322f6fb0, C4<0>, C4<0>;
v00000274322ee2b0_0 .net *"_ivl_1", 0 0, L_00000274322f4860;  1 drivers
v00000274322ee5d0_0 .net *"_ivl_3", 0 0, L_00000274322f3500;  1 drivers
v00000274322ee030_0 .net "in", 1 0, L_00000274322f3c80;  1 drivers
v00000274322ee0d0_0 .net "out", 0 0, L_00000274322f6530;  1 drivers
v00000274322ee210_0 .net "sel", 0 0, L_00000274322f3640;  1 drivers
v00000274322edb30_0 .net "t1", 0 0, L_000002743228f440;  1 drivers
v00000274322eeb70_0 .net "t2", 0 0, L_000002743228f4b0;  1 drivers
v00000274322ed450_0 .net "t3", 0 0, L_00000274322f6fb0;  1 drivers
L_00000274322f4860 .part L_00000274322f3c80, 0, 1;
L_00000274322f3500 .part L_00000274322f3c80, 1, 1;
S_00000274322eefb0 .scope module, "M1" "mux_2x1" 3 24, 4 17 0, S_00000274322eec90;
 .timescale 0 0;
    .port_info 0 /INPUT 2 "in";
    .port_info 1 /INPUT 1 "sel";
    .port_info 2 /OUTPUT 1 "out";
L_00000274322f6f40 .functor NOT 1, L_00000274322f38c0, C4<0>, C4<0>, C4<0>;
L_00000274322f7020 .functor AND 1, L_00000274322f36e0, L_00000274322f6f40, C4<1>, C4<1>;
L_00000274322f7090 .functor AND 1, L_00000274322f3780, L_00000274322f38c0, C4<1>, C4<1>;
L_00000274322f63e0 .functor OR 1, L_00000274322f7020, L_00000274322f7090, C4<0>, C4<0>;
v00000274322eddb0_0 .net *"_ivl_1", 0 0, L_00000274322f36e0;  1 drivers
v00000274322ee7b0_0 .net *"_ivl_3", 0 0, L_00000274322f3780;  1 drivers
v00000274322ee990_0 .net "in", 1 0, L_00000274322f3dc0;  1 drivers
v00000274322ed810_0 .net "out", 0 0, L_00000274322f63e0;  1 drivers
v00000274322ed270_0 .net "sel", 0 0, L_00000274322f38c0;  1 drivers
v00000274322ee170_0 .net "t1", 0 0, L_00000274322f6f40;  1 drivers
v00000274322ee350_0 .net "t2", 0 0, L_00000274322f7020;  1 drivers
v00000274322edd10_0 .net "t3", 0 0, L_00000274322f7090;  1 drivers
L_00000274322f36e0 .part L_00000274322f3dc0, 0, 1;
L_00000274322f3780 .part L_00000274322f3dc0, 1, 1;
S_00000274322ef140 .scope module, "M3" "mux_2x1" 3 25, 4 17 0, S_00000274322eec90;
 .timescale 0 0;
    .port_info 0 /INPUT 2 "in";
    .port_info 1 /INPUT 1 "sel";
    .port_info 2 /OUTPUT 1 "out";
L_00000274322f6610 .functor NOT 1, L_00000274322f9290, C4<0>, C4<0>, C4<0>;
L_00000274322f6d80 .functor AND 1, L_00000274322f7990, L_00000274322f6610, C4<1>, C4<1>;
L_00000274322f6990 .functor AND 1, L_00000274322f8390, L_00000274322f9290, C4<1>, C4<1>;
L_00000274322f6ed0 .functor OR 1, L_00000274322f6d80, L_00000274322f6990, C4<0>, C4<0>;
v00000274322ecff0_0 .net *"_ivl_1", 0 0, L_00000274322f7990;  1 drivers
v00000274322eea30_0 .net *"_ivl_3", 0 0, L_00000274322f8390;  1 drivers
v00000274322ee3f0_0 .net "in", 1 0, L_00000274322f42c0;  alias, 1 drivers
v00000274322ee530_0 .net "out", 0 0, L_00000274322f6ed0;  alias, 1 drivers
v00000274322ece10_0 .net "sel", 0 0, L_00000274322f9290;  1 drivers
v00000274322ee670_0 .net "t1", 0 0, L_00000274322f6610;  1 drivers
v00000274322ed770_0 .net "t2", 0 0, L_00000274322f6d80;  1 drivers
v00000274322ede50_0 .net "t3", 0 0, L_00000274322f6990;  1 drivers
L_00000274322f7990 .part L_00000274322f42c0, 0, 1;
L_00000274322f8390 .part L_00000274322f42c0, 1, 1;
S_00000274322ef2d0 .scope module, "M2" "mux_4x1" 2 27, 3 16 0, S_000002743237da20;
 .timescale 0 0;
    .port_info 0 /INPUT 4 "in";
    .port_info 1 /INPUT 2 "sel";
    .port_info 2 /OUTPUT 1 "out";
v00000274322f0db0_0 .net "in", 3 0, L_00000274322f8b10;  1 drivers
v00000274322f01d0_0 .net "out", 0 0, L_00000274322f71e0;  1 drivers
v00000274322f0e50_0 .net "sel", 1 0, L_00000274322f8430;  1 drivers
v00000274322f0c70_0 .net "t", 1 0, L_00000274322f8750;  1 drivers
L_00000274322f7d50 .part L_00000274322f8b10, 0, 2;
L_00000274322f86b0 .part L_00000274322f8430, 0, 1;
L_00000274322f7850 .part L_00000274322f8b10, 2, 2;
L_00000274322f7fd0 .part L_00000274322f8430, 0, 1;
L_00000274322f8750 .concat8 [ 1 1 0 0], L_00000274322f6ca0, L_00000274322f6d10;
L_00000274322f87f0 .part L_00000274322f8430, 1, 1;
S_00000274322ef460 .scope module, "M0" "mux_2x1" 3 23, 4 17 0, S_00000274322ef2d0;
 .timescale 0 0;
    .port_info 0 /INPUT 2 "in";
    .port_info 1 /INPUT 1 "sel";
    .port_info 2 /OUTPUT 1 "out";
L_00000274322f7100 .functor NOT 1, L_00000274322f86b0, C4<0>, C4<0>, C4<0>;
L_00000274322f6680 .functor AND 1, L_00000274322f8bb0, L_00000274322f7100, C4<1>, C4<1>;
L_00000274322f6450 .functor AND 1, L_00000274322f8a70, L_00000274322f86b0, C4<1>, C4<1>;
L_00000274322f6ca0 .functor OR 1, L_00000274322f6680, L_00000274322f6450, C4<0>, C4<0>;
v00000274322eccd0_0 .net *"_ivl_1", 0 0, L_00000274322f8bb0;  1 drivers
v00000274322edef0_0 .net *"_ivl_3", 0 0, L_00000274322f8a70;  1 drivers
v00000274322ecd70_0 .net "in", 1 0, L_00000274322f7d50;  1 drivers
v00000274322ed3b0_0 .net "out", 0 0, L_00000274322f6ca0;  1 drivers
v00000274322ed4f0_0 .net "sel", 0 0, L_00000274322f86b0;  1 drivers
v00000274322ed9f0_0 .net "t1", 0 0, L_00000274322f7100;  1 drivers
v00000274322ed590_0 .net "t2", 0 0, L_00000274322f6680;  1 drivers
v00000274322ed8b0_0 .net "t3", 0 0, L_00000274322f6450;  1 drivers
L_00000274322f8bb0 .part L_00000274322f7d50, 0, 1;
L_00000274322f8a70 .part L_00000274322f7d50, 1, 1;
S_00000274322ef5f0 .scope module, "M1" "mux_2x1" 3 24, 4 17 0, S_00000274322ef2d0;
 .timescale 0 0;
    .port_info 0 /INPUT 2 "in";
    .port_info 1 /INPUT 1 "sel";
    .port_info 2 /OUTPUT 1 "out";
L_00000274322f6e60 .functor NOT 1, L_00000274322f7fd0, C4<0>, C4<0>, C4<0>;
L_00000274322f6ae0 .functor AND 1, L_00000274322f8890, L_00000274322f6e60, C4<1>, C4<1>;
L_00000274322f6920 .functor AND 1, L_00000274322f8cf0, L_00000274322f7fd0, C4<1>, C4<1>;
L_00000274322f6d10 .functor OR 1, L_00000274322f6ae0, L_00000274322f6920, C4<0>, C4<0>;
v00000274322eceb0_0 .net *"_ivl_1", 0 0, L_00000274322f8890;  1 drivers
v00000274322ed630_0 .net *"_ivl_3", 0 0, L_00000274322f8cf0;  1 drivers
v00000274322edf90_0 .net "in", 1 0, L_00000274322f7850;  1 drivers
v00000274322f1170_0 .net "out", 0 0, L_00000274322f6d10;  1 drivers
v00000274322f0a90_0 .net "sel", 0 0, L_00000274322f7fd0;  1 drivers
v00000274322ef7d0_0 .net "t1", 0 0, L_00000274322f6e60;  1 drivers
v00000274322ef9b0_0 .net "t2", 0 0, L_00000274322f6ae0;  1 drivers
v00000274322f1030_0 .net "t3", 0 0, L_00000274322f6920;  1 drivers
L_00000274322f8890 .part L_00000274322f7850, 0, 1;
L_00000274322f8cf0 .part L_00000274322f7850, 1, 1;
S_00000274322f1b90 .scope module, "M3" "mux_2x1" 3 25, 4 17 0, S_00000274322ef2d0;
 .timescale 0 0;
    .port_info 0 /INPUT 2 "in";
    .port_info 1 /INPUT 1 "sel";
    .port_info 2 /OUTPUT 1 "out";
L_00000274322f6df0 .functor NOT 1, L_00000274322f87f0, C4<0>, C4<0>, C4<0>;
L_00000274322f6a00 .functor AND 1, L_00000274322f8d90, L_00000274322f6df0, C4<1>, C4<1>;
L_00000274322f7170 .functor AND 1, L_00000274322f9150, L_00000274322f87f0, C4<1>, C4<1>;
L_00000274322f71e0 .functor OR 1, L_00000274322f6a00, L_00000274322f7170, C4<0>, C4<0>;
v00000274322f0b30_0 .net *"_ivl_1", 0 0, L_00000274322f8d90;  1 drivers
v00000274322f08b0_0 .net *"_ivl_3", 0 0, L_00000274322f9150;  1 drivers
v00000274322efaf0_0 .net "in", 1 0, L_00000274322f8750;  alias, 1 drivers
v00000274322f12b0_0 .net "out", 0 0, L_00000274322f71e0;  alias, 1 drivers
v00000274322f0f90_0 .net "sel", 0 0, L_00000274322f87f0;  1 drivers
v00000274322f0590_0 .net "t1", 0 0, L_00000274322f6df0;  1 drivers
v00000274322f0d10_0 .net "t2", 0 0, L_00000274322f6a00;  1 drivers
v00000274322efe10_0 .net "t3", 0 0, L_00000274322f7170;  1 drivers
L_00000274322f8d90 .part L_00000274322f8750, 0, 1;
L_00000274322f9150 .part L_00000274322f8750, 1, 1;
S_00000274322f1d20 .scope module, "M3" "mux_4x1" 2 28, 3 16 0, S_000002743237da20;
 .timescale 0 0;
    .port_info 0 /INPUT 4 "in";
    .port_info 1 /INPUT 2 "sel";
    .port_info 2 /OUTPUT 1 "out";
v00000274322efc30_0 .net "in", 3 0, L_00000274322f7710;  1 drivers
v00000274322efd70_0 .net "out", 0 0, L_00000274322f6b50;  1 drivers
v00000274322f03b0_0 .net "sel", 1 0, L_00000274322f78f0;  1 drivers
v00000274322efff0_0 .net "t", 1 0, L_00000274322f7670;  1 drivers
L_00000274322f7df0 .part L_00000274322f7710, 0, 2;
L_00000274322f82f0 .part L_00000274322f78f0, 0, 1;
L_00000274322f8930 .part L_00000274322f7710, 2, 2;
L_00000274322f7e90 .part L_00000274322f78f0, 0, 1;
L_00000274322f7670 .concat8 [ 1 1 0 0], L_00000274322f67d0, L_00000274322f66f0;
L_00000274322f8070 .part L_00000274322f78f0, 1, 1;
S_00000274322f1eb0 .scope module, "M0" "mux_2x1" 3 23, 4 17 0, S_00000274322f1d20;
 .timescale 0 0;
    .port_info 0 /INPUT 2 "in";
    .port_info 1 /INPUT 1 "sel";
    .port_info 2 /OUTPUT 1 "out";
L_00000274322f7250 .functor NOT 1, L_00000274322f82f0, C4<0>, C4<0>, C4<0>;
L_00000274322f72c0 .functor AND 1, L_00000274322f8e30, L_00000274322f7250, C4<1>, C4<1>;
L_00000274322f6bc0 .functor AND 1, L_00000274322f7a30, L_00000274322f82f0, C4<1>, C4<1>;
L_00000274322f67d0 .functor OR 1, L_00000274322f72c0, L_00000274322f6bc0, C4<0>, C4<0>;
v00000274322ef870_0 .net *"_ivl_1", 0 0, L_00000274322f8e30;  1 drivers
v00000274322f1530_0 .net *"_ivl_3", 0 0, L_00000274322f7a30;  1 drivers
v00000274322f0950_0 .net "in", 1 0, L_00000274322f7df0;  1 drivers
v00000274322f0630_0 .net "out", 0 0, L_00000274322f67d0;  1 drivers
v00000274322efcd0_0 .net "sel", 0 0, L_00000274322f82f0;  1 drivers
v00000274322f1490_0 .net "t1", 0 0, L_00000274322f7250;  1 drivers
v00000274322f0bd0_0 .net "t2", 0 0, L_00000274322f72c0;  1 drivers
v00000274322f1670_0 .net "t3", 0 0, L_00000274322f6bc0;  1 drivers
L_00000274322f8e30 .part L_00000274322f7df0, 0, 1;
L_00000274322f7a30 .part L_00000274322f7df0, 1, 1;
S_00000274322f2040 .scope module, "M1" "mux_2x1" 3 24, 4 17 0, S_00000274322f1d20;
 .timescale 0 0;
    .port_info 0 /INPUT 2 "in";
    .port_info 1 /INPUT 1 "sel";
    .port_info 2 /OUTPUT 1 "out";
L_00000274322f64c0 .functor NOT 1, L_00000274322f7e90, C4<0>, C4<0>, C4<0>;
L_00000274322f65a0 .functor AND 1, L_00000274322f8570, L_00000274322f64c0, C4<1>, C4<1>;
L_00000274322f6840 .functor AND 1, L_00000274322f7f30, L_00000274322f7e90, C4<1>, C4<1>;
L_00000274322f66f0 .functor OR 1, L_00000274322f65a0, L_00000274322f6840, C4<0>, C4<0>;
v00000274322f0270_0 .net *"_ivl_1", 0 0, L_00000274322f8570;  1 drivers
v00000274322f0ef0_0 .net *"_ivl_3", 0 0, L_00000274322f7f30;  1 drivers
v00000274322f10d0_0 .net "in", 1 0, L_00000274322f8930;  1 drivers
v00000274322f1210_0 .net "out", 0 0, L_00000274322f66f0;  1 drivers
v00000274322f0810_0 .net "sel", 0 0, L_00000274322f7e90;  1 drivers
v00000274322ef910_0 .net "t1", 0 0, L_00000274322f64c0;  1 drivers
v00000274322f0310_0 .net "t2", 0 0, L_00000274322f65a0;  1 drivers
v00000274322f1350_0 .net "t3", 0 0, L_00000274322f6840;  1 drivers
L_00000274322f8570 .part L_00000274322f8930, 0, 1;
L_00000274322f7f30 .part L_00000274322f8930, 1, 1;
S_00000274322f21d0 .scope module, "M3" "mux_2x1" 3 25, 4 17 0, S_00000274322f1d20;
 .timescale 0 0;
    .port_info 0 /INPUT 2 "in";
    .port_info 1 /INPUT 1 "sel";
    .port_info 2 /OUTPUT 1 "out";
L_00000274322f6760 .functor NOT 1, L_00000274322f8070, C4<0>, C4<0>, C4<0>;
L_00000274322f68b0 .functor AND 1, L_00000274322f7530, L_00000274322f6760, C4<1>, C4<1>;
L_00000274322f6a70 .functor AND 1, L_00000274322f73f0, L_00000274322f8070, C4<1>, C4<1>;
L_00000274322f6b50 .functor OR 1, L_00000274322f68b0, L_00000274322f6a70, C4<0>, C4<0>;
v00000274322f13f0_0 .net *"_ivl_1", 0 0, L_00000274322f7530;  1 drivers
v00000274322f06d0_0 .net *"_ivl_3", 0 0, L_00000274322f73f0;  1 drivers
v00000274322f0450_0 .net "in", 1 0, L_00000274322f7670;  alias, 1 drivers
v00000274322f09f0_0 .net "out", 0 0, L_00000274322f6b50;  alias, 1 drivers
v00000274322f15d0_0 .net "sel", 0 0, L_00000274322f8070;  1 drivers
v00000274322f0770_0 .net "t1", 0 0, L_00000274322f6760;  1 drivers
v00000274322efb90_0 .net "t2", 0 0, L_00000274322f68b0;  1 drivers
v00000274322efa50_0 .net "t3", 0 0, L_00000274322f6a70;  1 drivers
L_00000274322f7530 .part L_00000274322f7670, 0, 1;
L_00000274322f73f0 .part L_00000274322f7670, 1, 1;
S_00000274322f3030 .scope module, "M5" "mux_4x1" 2 29, 3 16 0, S_000002743237da20;
 .timescale 0 0;
    .port_info 0 /INPUT 4 "in";
    .port_info 1 /INPUT 2 "sel";
    .port_info 2 /OUTPUT 1 "out";
v00000274322f4180_0 .net "in", 3 0, L_00000274322f8ed0;  alias, 1 drivers
v00000274322f3be0_0 .net "out", 0 0, L_00000274322fad40;  alias, 1 drivers
v00000274322f4900_0 .net "sel", 1 0, L_00000274322f7b70;  1 drivers
v00000274322f4d60_0 .net "t", 1 0, L_00000274322f90b0;  1 drivers
L_00000274322f84d0 .part L_00000274322f8ed0, 0, 2;
L_00000274322f8f70 .part L_00000274322f7b70, 0, 1;
L_00000274322f8610 .part L_00000274322f8ed0, 2, 2;
L_00000274322f75d0 .part L_00000274322f7b70, 0, 1;
L_00000274322f90b0 .concat8 [ 1 1 0 0], L_00000274322fa640, L_00000274322faf70;
L_00000274322f7ad0 .part L_00000274322f7b70, 1, 1;
S_00000274322f23b0 .scope module, "M0" "mux_2x1" 3 23, 4 17 0, S_00000274322f3030;
 .timescale 0 0;
    .port_info 0 /INPUT 2 "in";
    .port_info 1 /INPUT 1 "sel";
    .port_info 2 /OUTPUT 1 "out";
L_00000274322f6c30 .functor NOT 1, L_00000274322f8f70, C4<0>, C4<0>, C4<0>;
L_00000274322fb280 .functor AND 1, L_00000274322f9010, L_00000274322f6c30, C4<1>, C4<1>;
L_00000274322faf00 .functor AND 1, L_00000274322f8110, L_00000274322f8f70, C4<1>, C4<1>;
L_00000274322fa640 .functor OR 1, L_00000274322fb280, L_00000274322faf00, C4<0>, C4<0>;
v00000274322efeb0_0 .net *"_ivl_1", 0 0, L_00000274322f9010;  1 drivers
v00000274322eff50_0 .net *"_ivl_3", 0 0, L_00000274322f8110;  1 drivers
v00000274322f0090_0 .net "in", 1 0, L_00000274322f84d0;  1 drivers
v00000274322f0130_0 .net "out", 0 0, L_00000274322fa640;  1 drivers
v00000274322f04f0_0 .net "sel", 0 0, L_00000274322f8f70;  1 drivers
v00000274322f3b40_0 .net "t1", 0 0, L_00000274322f6c30;  1 drivers
v00000274322f4ea0_0 .net "t2", 0 0, L_00000274322fb280;  1 drivers
v00000274322f3a00_0 .net "t3", 0 0, L_00000274322faf00;  1 drivers
L_00000274322f9010 .part L_00000274322f84d0, 0, 1;
L_00000274322f8110 .part L_00000274322f84d0, 1, 1;
S_00000274322f2ea0 .scope module, "M1" "mux_2x1" 3 24, 4 17 0, S_00000274322f3030;
 .timescale 0 0;
    .port_info 0 /INPUT 2 "in";
    .port_info 1 /INPUT 1 "sel";
    .port_info 2 /OUTPUT 1 "out";
L_00000274322faa30 .functor NOT 1, L_00000274322f75d0, C4<0>, C4<0>, C4<0>;
L_00000274322fae90 .functor AND 1, L_00000274322f7490, L_00000274322faa30, C4<1>, C4<1>;
L_00000274322fa5d0 .functor AND 1, L_00000274322f77b0, L_00000274322f75d0, C4<1>, C4<1>;
L_00000274322faf70 .functor OR 1, L_00000274322fae90, L_00000274322fa5d0, C4<0>, C4<0>;
v00000274322f3f00_0 .net *"_ivl_1", 0 0, L_00000274322f7490;  1 drivers
v00000274322f3fa0_0 .net *"_ivl_3", 0 0, L_00000274322f77b0;  1 drivers
v00000274322f3820_0 .net "in", 1 0, L_00000274322f8610;  1 drivers
v00000274322f4c20_0 .net "out", 0 0, L_00000274322faf70;  1 drivers
v00000274322f4680_0 .net "sel", 0 0, L_00000274322f75d0;  1 drivers
v00000274322f4fe0_0 .net "t1", 0 0, L_00000274322faa30;  1 drivers
v00000274322f49a0_0 .net "t2", 0 0, L_00000274322fae90;  1 drivers
v00000274322f4400_0 .net "t3", 0 0, L_00000274322fa5d0;  1 drivers
L_00000274322f7490 .part L_00000274322f8610, 0, 1;
L_00000274322f77b0 .part L_00000274322f8610, 1, 1;
S_00000274322f26d0 .scope module, "M3" "mux_2x1" 3 25, 4 17 0, S_00000274322f3030;
 .timescale 0 0;
    .port_info 0 /INPUT 2 "in";
    .port_info 1 /INPUT 1 "sel";
    .port_info 2 /OUTPUT 1 "out";
L_00000274322fa870 .functor NOT 1, L_00000274322f7ad0, C4<0>, C4<0>, C4<0>;
L_00000274322fadb0 .functor AND 1, L_00000274322f91f0, L_00000274322fa870, C4<1>, C4<1>;
L_00000274322fa790 .functor AND 1, L_00000274322f8250, L_00000274322f7ad0, C4<1>, C4<1>;
L_00000274322fad40 .functor OR 1, L_00000274322fadb0, L_00000274322fa790, C4<0>, C4<0>;
v00000274322f4720_0 .net *"_ivl_1", 0 0, L_00000274322f91f0;  1 drivers
v00000274322f4f40_0 .net *"_ivl_3", 0 0, L_00000274322f8250;  1 drivers
v00000274322f45e0_0 .net "in", 1 0, L_00000274322f90b0;  alias, 1 drivers
v00000274322f3d20_0 .net "out", 0 0, L_00000274322fad40;  alias, 1 drivers
v00000274322f4cc0_0 .net "sel", 0 0, L_00000274322f7ad0;  1 drivers
v00000274322f3aa0_0 .net "t1", 0 0, L_00000274322fa870;  1 drivers
v00000274322f4ae0_0 .net "t2", 0 0, L_00000274322fadb0;  1 drivers
v00000274322f44a0_0 .net "t3", 0 0, L_00000274322fa790;  1 drivers
L_00000274322f91f0 .part L_00000274322f90b0, 0, 1;
L_00000274322f8250 .part L_00000274322f90b0, 1, 1;
# The file index is used to find the file name in the following table.
:file_names 5;
    "N/A";
    "<interactive>";
    "mux_16x1.v";
    "./mux_4x1.v";
    "./mux_2x1.v";
