#! /mingw64/bin/vvp
:ivl_version "12.0 (stable)";
:ivl_delay_selection "TYPICAL";
:vpi_time_precision + 0;
:vpi_module "C:\msys64\mingw64\lib\ivl\system.vpi";
:vpi_module "C:\msys64\mingw64\lib\ivl\vhdl_sys.vpi";
:vpi_module "C:\msys64\mingw64\lib\ivl\vhdl_textio.vpi";
:vpi_module "C:\msys64\mingw64\lib\ivl\v2005_math.vpi";
:vpi_module "C:\msys64\mingw64\lib\ivl\va_math.vpi";
S_000001926f766fd0 .scope module, "mux_2x1" "mux_2x1" 2 17;
 .timescale 0 0;
    .port_info 0 /INPUT 2 "in";
    .port_info 1 /INPUT 1 "sel";
    .port_info 2 /OUTPUT 1 "out";
o000001926f7a79a8 .functor BUFZ 1, C4<z>; HiZ drive
L_000001926f7673e0 .functor NOT 1, o000001926f7a79a8, C4<0>, C4<0>, C4<0>;
L_000001926f767900 .functor AND 1, L_000001926f76beb0, L_000001926f7673e0, C4<1>, C4<1>;
L_000001926f76bf50 .functor AND 1, L_000001926f7fa210, o000001926f7a79a8, C4<1>, C4<1>;
L_000001926f767790 .functor OR 1, L_000001926f767900, L_000001926f76bf50, C4<0>, C4<0>;
v000001926f767160_0 .net *"_ivl_1", 0 0, L_000001926f76beb0;  1 drivers
v000001926f767200_0 .net *"_ivl_3", 0 0, L_000001926f7fa210;  1 drivers
o000001926f7a7948 .functor BUFZ 2, C4<zz>; HiZ drive
v000001926f7672a0_0 .net "in", 1 0, o000001926f7a7948;  0 drivers
v000001926f767340_0 .net "out", 0 0, L_000001926f767790;  1 drivers
v000001926f76bc30_0 .net "sel", 0 0, o000001926f7a79a8;  0 drivers
v000001926f76bcd0_0 .net "t1", 0 0, L_000001926f7673e0;  1 drivers
v000001926f76bd70_0 .net "t2", 0 0, L_000001926f767900;  1 drivers
v000001926f76be10_0 .net "t3", 0 0, L_000001926f76bf50;  1 drivers
L_000001926f76beb0 .part o000001926f7a7948, 0, 1;
L_000001926f7fa210 .part o000001926f7a7948, 1, 1;
# The file index is used to find the file name in the following table.
:file_names 3;
    "N/A";
    "<interactive>";
    "mux_2x1.v";
