#! /mingw64/bin/vvp
:ivl_version "12.0 (stable)";
:ivl_delay_selection "TYPICAL";
:vpi_time_precision + 0;
:vpi_module "C:\msys64\mingw64\lib\ivl\system.vpi";
:vpi_module "C:\msys64\mingw64\lib\ivl\vhdl_sys.vpi";
:vpi_module "C:\msys64\mingw64\lib\ivl\vhdl_textio.vpi";
:vpi_module "C:\msys64\mingw64\lib\ivl\v2005_math.vpi";
:vpi_module "C:\msys64\mingw64\lib\ivl\va_math.vpi";
S_000001b4be4c9250 .scope module, "mux_16x1_test" "mux_16x1_test" 2 2;
 .timescale 0 0;
v000001b4be525eb0_0 .var "A", 15 0;
v000001b4be526090_0 .net "F", 0 0, L_000001b4be52d220;  1 drivers
v000001b4be5264f0_0 .var "S", 3 0;
S_000001b4be4aa040 .scope module, "M" "mux_16x1" 2 6, 3 18 0, S_000001b4be4c9250;
 .timescale 0 0;
    .port_info 0 /INPUT 16 "in";
    .port_info 1 /INPUT 4 "sel";
    .port_info 2 /OUTPUT 1 "out";
v000001b4be5278f0_0 .net "in", 15 0, v000001b4be525eb0_0;  1 drivers
v000001b4be5277b0_0 .net "out", 0 0, L_000001b4be52d220;  alias, 1 drivers
v000001b4be527c10_0 .net "sel", 3 0, v000001b4be5264f0_0;  1 drivers
v000001b4be525e10_0 .net "t", 3 0, L_000001b4be52a520;  1 drivers
L_000001b4be527210 .part v000001b4be525eb0_0, 0, 4;
L_000001b4be526770 .part v000001b4be5264f0_0, 0, 2;
L_000001b4be52b1a0 .part v000001b4be525eb0_0, 4, 4;
L_000001b4be52a160 .part v000001b4be5264f0_0, 0, 2;
L_000001b4be52b560 .part v000001b4be525eb0_0, 8, 4;
L_000001b4be52a200 .part v000001b4be5264f0_0, 0, 2;
L_000001b4be52a340 .part v000001b4be525eb0_0, 12, 4;
L_000001b4be52b7e0 .part v000001b4be5264f0_0, 0, 2;
L_000001b4be52a520 .concat8 [ 1 1 1 1], L_000001b4be5289c0, L_000001b4be5288e0, L_000001b4be528720, L_000001b4be52cff0;
L_000001b4be52f4c0 .part v000001b4be5264f0_0, 2, 2;
S_000001b4be4aa1d0 .scope module, "M0" "mux_4x1" 3 25, 4 16 0, S_000001b4be4aa040;
 .timescale 0 0;
    .port_info 0 /INPUT 4 "in";
    .port_info 1 /INPUT 2 "sel";
    .port_info 2 /OUTPUT 1 "out";
v000001b4be520a20_0 .net "in", 3 0, L_000001b4be527210;  1 drivers
v000001b4be5207a0_0 .net "out", 0 0, L_000001b4be5289c0;  1 drivers
v000001b4be520c00_0 .net "sel", 1 0, L_000001b4be526770;  1 drivers
v000001b4be521240_0 .net "t", 1 0, L_000001b4be526db0;  1 drivers
L_000001b4be526130 .part L_000001b4be527210, 0, 2;
L_000001b4be527850 .part L_000001b4be526770, 0, 1;
L_000001b4be526310 .part L_000001b4be527210, 2, 2;
L_000001b4be527350 .part L_000001b4be526770, 0, 1;
L_000001b4be526db0 .concat8 [ 1 1 0 0], L_000001b4be528870, L_000001b4be527e60;
L_000001b4be5266d0 .part L_000001b4be526770, 1, 1;
S_000001b4be4765c0 .scope module, "M0" "mux_2x1" 4 23, 5 17 0, S_000001b4be4aa1d0;
 .timescale 0 0;
    .port_info 0 /INPUT 2 "in";
    .port_info 1 /INPUT 1 "sel";
    .port_info 2 /OUTPUT 1 "out";
L_000001b4be4bd830 .functor NOT 1, L_000001b4be527850, C4<0>, C4<0>, C4<0>;
L_000001b4be4bd980 .functor AND 1, L_000001b4be526810, L_000001b4be4bd830, C4<1>, C4<1>;
L_000001b4be528bf0 .functor AND 1, L_000001b4be525ff0, L_000001b4be527850, C4<1>, C4<1>;
L_000001b4be528870 .functor OR 1, L_000001b4be4bd980, L_000001b4be528bf0, C4<0>, C4<0>;
v000001b4be4c3490_0 .net *"_ivl_1", 0 0, L_000001b4be526810;  1 drivers
v000001b4be4c4250_0 .net *"_ivl_3", 0 0, L_000001b4be525ff0;  1 drivers
v000001b4be4c3170_0 .net "in", 1 0, L_000001b4be526130;  1 drivers
v000001b4be4c3a30_0 .net "out", 0 0, L_000001b4be528870;  1 drivers
v000001b4be4c35d0_0 .net "sel", 0 0, L_000001b4be527850;  1 drivers
v000001b4be4c3710_0 .net "t1", 0 0, L_000001b4be4bd830;  1 drivers
v000001b4be4c3df0_0 .net "t2", 0 0, L_000001b4be4bd980;  1 drivers
v000001b4be4c37b0_0 .net "t3", 0 0, L_000001b4be528bf0;  1 drivers
L_000001b4be526810 .part L_000001b4be526130, 0, 1;
L_000001b4be525ff0 .part L_000001b4be526130, 1, 1;
S_000001b4be476750 .scope module, "M1" "mux_2x1" 4 24, 5 17 0, S_000001b4be4aa1d0;
 .timescale 0 0;
    .port_info 0 /INPUT 2 "in";
    .port_info 1 /INPUT 1 "sel";
    .port_info 2 /OUTPUT 1 "out";
L_000001b4be528c60 .functor NOT 1, L_000001b4be527350, C4<0>, C4<0>, C4<0>;
L_000001b4be5284f0 .functor AND 1, L_000001b4be527530, L_000001b4be528c60, C4<1>, C4<1>;
L_000001b4be528950 .functor AND 1, L_000001b4be5261d0, L_000001b4be527350, C4<1>, C4<1>;
L_000001b4be527e60 .functor OR 1, L_000001b4be5284f0, L_000001b4be528950, C4<0>, C4<0>;
v000001b4be4c3e90_0 .net *"_ivl_1", 0 0, L_000001b4be527530;  1 drivers
v000001b4be4b5e30_0 .net *"_ivl_3", 0 0, L_000001b4be5261d0;  1 drivers
v000001b4be4b5f70_0 .net "in", 1 0, L_000001b4be526310;  1 drivers
v000001b4be4ba800_0 .net "out", 0 0, L_000001b4be527e60;  1 drivers
v000001b4be4bada0_0 .net "sel", 0 0, L_000001b4be527350;  1 drivers
v000001b4be520200_0 .net "t1", 0 0, L_000001b4be528c60;  1 drivers
v000001b4be51fda0_0 .net "t2", 0 0, L_000001b4be5284f0;  1 drivers
v000001b4be520480_0 .net "t3", 0 0, L_000001b4be528950;  1 drivers
L_000001b4be527530 .part L_000001b4be526310, 0, 1;
L_000001b4be5261d0 .part L_000001b4be526310, 1, 1;
S_000001b4be521a40 .scope module, "M3" "mux_2x1" 4 25, 5 17 0, S_000001b4be4aa1d0;
 .timescale 0 0;
    .port_info 0 /INPUT 2 "in";
    .port_info 1 /INPUT 1 "sel";
    .port_info 2 /OUTPUT 1 "out";
L_000001b4be528790 .functor NOT 1, L_000001b4be5266d0, C4<0>, C4<0>, C4<0>;
L_000001b4be528330 .functor AND 1, L_000001b4be526590, L_000001b4be528790, C4<1>, C4<1>;
L_000001b4be5281e0 .functor AND 1, L_000001b4be526630, L_000001b4be5266d0, C4<1>, C4<1>;
L_000001b4be5289c0 .functor OR 1, L_000001b4be528330, L_000001b4be5281e0, C4<0>, C4<0>;
v000001b4be521560_0 .net *"_ivl_1", 0 0, L_000001b4be526590;  1 drivers
v000001b4be5217e0_0 .net *"_ivl_3", 0 0, L_000001b4be526630;  1 drivers
v000001b4be520f20_0 .net "in", 1 0, L_000001b4be526db0;  alias, 1 drivers
v000001b4be521880_0 .net "out", 0 0, L_000001b4be5289c0;  alias, 1 drivers
v000001b4be5216a0_0 .net "sel", 0 0, L_000001b4be5266d0;  1 drivers
v000001b4be520520_0 .net "t1", 0 0, L_000001b4be528790;  1 drivers
v000001b4be51fe40_0 .net "t2", 0 0, L_000001b4be528330;  1 drivers
v000001b4be5202a0_0 .net "t3", 0 0, L_000001b4be5281e0;  1 drivers
L_000001b4be526590 .part L_000001b4be526db0, 0, 1;
L_000001b4be526630 .part L_000001b4be526db0, 1, 1;
S_000001b4be521bd0 .scope module, "M1" "mux_4x1" 3 26, 4 16 0, S_000001b4be4aa040;
 .timescale 0 0;
    .port_info 0 /INPUT 4 "in";
    .port_info 1 /INPUT 2 "sel";
    .port_info 2 /OUTPUT 1 "out";
v000001b4be51ff80_0 .net "in", 3 0, L_000001b4be52b1a0;  1 drivers
v000001b4be5208e0_0 .net "out", 0 0, L_000001b4be5288e0;  1 drivers
v000001b4be520980_0 .net "sel", 1 0, L_000001b4be52a160;  1 drivers
v000001b4be520e80_0 .net "t", 1 0, L_000001b4be529e40;  1 drivers
L_000001b4be52aca0 .part L_000001b4be52b1a0, 0, 2;
L_000001b4be52bba0 .part L_000001b4be52a160, 0, 1;
L_000001b4be52b880 .part L_000001b4be52b1a0, 2, 2;
L_000001b4be52a700 .part L_000001b4be52a160, 0, 1;
L_000001b4be529e40 .concat8 [ 1 1 0 0], L_000001b4be527ed0, L_000001b4be528b80;
L_000001b4be52bc40 .part L_000001b4be52a160, 1, 1;
S_000001b4be521d60 .scope module, "M0" "mux_2x1" 4 23, 5 17 0, S_000001b4be521bd0;
 .timescale 0 0;
    .port_info 0 /INPUT 2 "in";
    .port_info 1 /INPUT 1 "sel";
    .port_info 2 /OUTPUT 1 "out";
L_000001b4be528480 .functor NOT 1, L_000001b4be52bba0, C4<0>, C4<0>, C4<0>;
L_000001b4be528100 .functor AND 1, L_000001b4be5272b0, L_000001b4be528480, C4<1>, C4<1>;
L_000001b4be528a30 .functor AND 1, L_000001b4be527490, L_000001b4be52bba0, C4<1>, C4<1>;
L_000001b4be527ed0 .functor OR 1, L_000001b4be528100, L_000001b4be528a30, C4<0>, C4<0>;
v000001b4be520840_0 .net *"_ivl_1", 0 0, L_000001b4be5272b0;  1 drivers
v000001b4be521060_0 .net *"_ivl_3", 0 0, L_000001b4be527490;  1 drivers
v000001b4be5203e0_0 .net "in", 1 0, L_000001b4be52aca0;  1 drivers
v000001b4be521600_0 .net "out", 0 0, L_000001b4be527ed0;  1 drivers
v000001b4be51fc60_0 .net "sel", 0 0, L_000001b4be52bba0;  1 drivers
v000001b4be521920_0 .net "t1", 0 0, L_000001b4be528480;  1 drivers
v000001b4be520020_0 .net "t2", 0 0, L_000001b4be528100;  1 drivers
v000001b4be521100_0 .net "t3", 0 0, L_000001b4be528a30;  1 drivers
L_000001b4be5272b0 .part L_000001b4be52aca0, 0, 1;
L_000001b4be527490 .part L_000001b4be52aca0, 1, 1;
S_000001b4be521ef0 .scope module, "M1" "mux_2x1" 4 24, 5 17 0, S_000001b4be521bd0;
 .timescale 0 0;
    .port_info 0 /INPUT 2 "in";
    .port_info 1 /INPUT 1 "sel";
    .port_info 2 /OUTPUT 1 "out";
L_000001b4be527df0 .functor NOT 1, L_000001b4be52a700, C4<0>, C4<0>, C4<0>;
L_000001b4be528800 .functor AND 1, L_000001b4be52ba60, L_000001b4be527df0, C4<1>, C4<1>;
L_000001b4be5286b0 .functor AND 1, L_000001b4be52b9c0, L_000001b4be52a700, C4<1>, C4<1>;
L_000001b4be528b80 .functor OR 1, L_000001b4be528800, L_000001b4be5286b0, C4<0>, C4<0>;
v000001b4be521740_0 .net *"_ivl_1", 0 0, L_000001b4be52ba60;  1 drivers
v000001b4be520ac0_0 .net *"_ivl_3", 0 0, L_000001b4be52b9c0;  1 drivers
v000001b4be520b60_0 .net "in", 1 0, L_000001b4be52b880;  1 drivers
v000001b4be520700_0 .net "out", 0 0, L_000001b4be528b80;  1 drivers
v000001b4be51fa80_0 .net "sel", 0 0, L_000001b4be52a700;  1 drivers
v000001b4be521380_0 .net "t1", 0 0, L_000001b4be527df0;  1 drivers
v000001b4be521420_0 .net "t2", 0 0, L_000001b4be528800;  1 drivers
v000001b4be51fd00_0 .net "t3", 0 0, L_000001b4be5286b0;  1 drivers
L_000001b4be52ba60 .part L_000001b4be52b880, 0, 1;
L_000001b4be52b9c0 .part L_000001b4be52b880, 1, 1;
S_000001b4be522080 .scope module, "M3" "mux_2x1" 4 25, 5 17 0, S_000001b4be521bd0;
 .timescale 0 0;
    .port_info 0 /INPUT 2 "in";
    .port_info 1 /INPUT 1 "sel";
    .port_info 2 /OUTPUT 1 "out";
L_000001b4be527d80 .functor NOT 1, L_000001b4be52bc40, C4<0>, C4<0>, C4<0>;
L_000001b4be528410 .functor AND 1, L_000001b4be52bb00, L_000001b4be527d80, C4<1>, C4<1>;
L_000001b4be5282c0 .functor AND 1, L_000001b4be529da0, L_000001b4be52bc40, C4<1>, C4<1>;
L_000001b4be5288e0 .functor OR 1, L_000001b4be528410, L_000001b4be5282c0, C4<0>, C4<0>;
v000001b4be5211a0_0 .net *"_ivl_1", 0 0, L_000001b4be52bb00;  1 drivers
v000001b4be51fee0_0 .net *"_ivl_3", 0 0, L_000001b4be529da0;  1 drivers
v000001b4be520fc0_0 .net "in", 1 0, L_000001b4be529e40;  alias, 1 drivers
v000001b4be51fb20_0 .net "out", 0 0, L_000001b4be5288e0;  alias, 1 drivers
v000001b4be520ca0_0 .net "sel", 0 0, L_000001b4be52bc40;  1 drivers
v000001b4be5212e0_0 .net "t1", 0 0, L_000001b4be527d80;  1 drivers
v000001b4be520d40_0 .net "t2", 0 0, L_000001b4be528410;  1 drivers
v000001b4be520de0_0 .net "t3", 0 0, L_000001b4be5282c0;  1 drivers
L_000001b4be52bb00 .part L_000001b4be529e40, 0, 1;
L_000001b4be529da0 .part L_000001b4be529e40, 1, 1;
S_000001b4be522210 .scope module, "M2" "mux_4x1" 3 27, 4 16 0, S_000001b4be4aa040;
 .timescale 0 0;
    .port_info 0 /INPUT 4 "in";
    .port_info 1 /INPUT 2 "sel";
    .port_info 2 /OUTPUT 1 "out";
v000001b4be524060_0 .net "in", 3 0, L_000001b4be52b560;  1 drivers
v000001b4be522580_0 .net "out", 0 0, L_000001b4be528720;  1 drivers
v000001b4be522e40_0 .net "sel", 1 0, L_000001b4be52a200;  1 drivers
v000001b4be5241a0_0 .net "t", 1 0, L_000001b4be52a020;  1 drivers
L_000001b4be52a7a0 .part L_000001b4be52b560, 0, 2;
L_000001b4be52a3e0 .part L_000001b4be52a200, 0, 1;
L_000001b4be52b240 .part L_000001b4be52b560, 2, 2;
L_000001b4be52aa20 .part L_000001b4be52a200, 0, 1;
L_000001b4be52a020 .concat8 [ 1 1 0 0], L_000001b4be528b10, L_000001b4be528560;
L_000001b4be52a0c0 .part L_000001b4be52a200, 1, 1;
S_000001b4be5223a0 .scope module, "M0" "mux_2x1" 4 23, 5 17 0, S_000001b4be522210;
 .timescale 0 0;
    .port_info 0 /INPUT 2 "in";
    .port_info 1 /INPUT 1 "sel";
    .port_info 2 /OUTPUT 1 "out";
L_000001b4be528250 .functor NOT 1, L_000001b4be52a3e0, C4<0>, C4<0>, C4<0>;
L_000001b4be528170 .functor AND 1, L_000001b4be52ad40, L_000001b4be528250, C4<1>, C4<1>;
L_000001b4be528aa0 .functor AND 1, L_000001b4be529ee0, L_000001b4be52a3e0, C4<1>, C4<1>;
L_000001b4be528b10 .functor OR 1, L_000001b4be528170, L_000001b4be528aa0, C4<0>, C4<0>;
v000001b4be5205c0_0 .net *"_ivl_1", 0 0, L_000001b4be52ad40;  1 drivers
v000001b4be520340_0 .net *"_ivl_3", 0 0, L_000001b4be529ee0;  1 drivers
v000001b4be5214c0_0 .net "in", 1 0, L_000001b4be52a7a0;  1 drivers
v000001b4be520660_0 .net "out", 0 0, L_000001b4be528b10;  1 drivers
v000001b4be51fbc0_0 .net "sel", 0 0, L_000001b4be52a3e0;  1 drivers
v000001b4be5200c0_0 .net "t1", 0 0, L_000001b4be528250;  1 drivers
v000001b4be520160_0 .net "t2", 0 0, L_000001b4be528170;  1 drivers
v000001b4be523980_0 .net "t3", 0 0, L_000001b4be528aa0;  1 drivers
L_000001b4be52ad40 .part L_000001b4be52a7a0, 0, 1;
L_000001b4be529ee0 .part L_000001b4be52a7a0, 1, 1;
S_000001b4be524540 .scope module, "M1" "mux_2x1" 4 24, 5 17 0, S_000001b4be522210;
 .timescale 0 0;
    .port_info 0 /INPUT 2 "in";
    .port_info 1 /INPUT 1 "sel";
    .port_info 2 /OUTPUT 1 "out";
L_000001b4be5283a0 .functor NOT 1, L_000001b4be52aa20, C4<0>, C4<0>, C4<0>;
L_000001b4be527f40 .functor AND 1, L_000001b4be529f80, L_000001b4be5283a0, C4<1>, C4<1>;
L_000001b4be527fb0 .functor AND 1, L_000001b4be52ade0, L_000001b4be52aa20, C4<1>, C4<1>;
L_000001b4be528560 .functor OR 1, L_000001b4be527f40, L_000001b4be527fb0, C4<0>, C4<0>;
v000001b4be523840_0 .net *"_ivl_1", 0 0, L_000001b4be529f80;  1 drivers
v000001b4be522bc0_0 .net *"_ivl_3", 0 0, L_000001b4be52ade0;  1 drivers
v000001b4be5242e0_0 .net "in", 1 0, L_000001b4be52b240;  1 drivers
v000001b4be524100_0 .net "out", 0 0, L_000001b4be528560;  1 drivers
v000001b4be522c60_0 .net "sel", 0 0, L_000001b4be52aa20;  1 drivers
v000001b4be523f20_0 .net "t1", 0 0, L_000001b4be5283a0;  1 drivers
v000001b4be522940_0 .net "t2", 0 0, L_000001b4be527f40;  1 drivers
v000001b4be523700_0 .net "t3", 0 0, L_000001b4be527fb0;  1 drivers
L_000001b4be529f80 .part L_000001b4be52b240, 0, 1;
L_000001b4be52ade0 .part L_000001b4be52b240, 1, 1;
S_000001b4be5246d0 .scope module, "M3" "mux_2x1" 4 25, 5 17 0, S_000001b4be522210;
 .timescale 0 0;
    .port_info 0 /INPUT 2 "in";
    .port_info 1 /INPUT 1 "sel";
    .port_info 2 /OUTPUT 1 "out";
L_000001b4be5285d0 .functor NOT 1, L_000001b4be52a0c0, C4<0>, C4<0>, C4<0>;
L_000001b4be528020 .functor AND 1, L_000001b4be52b4c0, L_000001b4be5285d0, C4<1>, C4<1>;
L_000001b4be528640 .functor AND 1, L_000001b4be52a660, L_000001b4be52a0c0, C4<1>, C4<1>;
L_000001b4be528720 .functor OR 1, L_000001b4be528020, L_000001b4be528640, C4<0>, C4<0>;
v000001b4be5229e0_0 .net *"_ivl_1", 0 0, L_000001b4be52b4c0;  1 drivers
v000001b4be524380_0 .net *"_ivl_3", 0 0, L_000001b4be52a660;  1 drivers
v000001b4be523b60_0 .net "in", 1 0, L_000001b4be52a020;  alias, 1 drivers
v000001b4be523c00_0 .net "out", 0 0, L_000001b4be528720;  alias, 1 drivers
v000001b4be522da0_0 .net "sel", 0 0, L_000001b4be52a0c0;  1 drivers
v000001b4be522a80_0 .net "t1", 0 0, L_000001b4be5285d0;  1 drivers
v000001b4be523fc0_0 .net "t2", 0 0, L_000001b4be528020;  1 drivers
v000001b4be523d40_0 .net "t3", 0 0, L_000001b4be528640;  1 drivers
L_000001b4be52b4c0 .part L_000001b4be52a020, 0, 1;
L_000001b4be52a660 .part L_000001b4be52a020, 1, 1;
S_000001b4be524860 .scope module, "M3" "mux_4x1" 3 28, 4 16 0, S_000001b4be4aa040;
 .timescale 0 0;
    .port_info 0 /INPUT 4 "in";
    .port_info 1 /INPUT 2 "sel";
    .port_info 2 /OUTPUT 1 "out";
v000001b4be523480_0 .net "in", 3 0, L_000001b4be52a340;  1 drivers
v000001b4be523520_0 .net "out", 0 0, L_000001b4be52cff0;  1 drivers
v000001b4be5235c0_0 .net "sel", 1 0, L_000001b4be52b7e0;  1 drivers
v000001b4be523660_0 .net "t", 1 0, L_000001b4be52b920;  1 drivers
L_000001b4be52ae80 .part L_000001b4be52a340, 0, 2;
L_000001b4be52af20 .part L_000001b4be52b7e0, 0, 1;
L_000001b4be52afc0 .part L_000001b4be52a340, 2, 2;
L_000001b4be52a480 .part L_000001b4be52b7e0, 0, 1;
L_000001b4be52b920 .concat8 [ 1 1 0 0], L_000001b4be52cea0, L_000001b4be52d6f0;
L_000001b4be52a2a0 .part L_000001b4be52b7e0, 1, 1;
S_000001b4be5249f0 .scope module, "M0" "mux_2x1" 4 23, 5 17 0, S_000001b4be524860;
 .timescale 0 0;
    .port_info 0 /INPUT 2 "in";
    .port_info 1 /INPUT 1 "sel";
    .port_info 2 /OUTPUT 1 "out";
L_000001b4be528090 .functor NOT 1, L_000001b4be52af20, C4<0>, C4<0>, C4<0>;
L_000001b4be52d8b0 .functor AND 1, L_000001b4be52a840, L_000001b4be528090, C4<1>, C4<1>;
L_000001b4be52d370 .functor AND 1, L_000001b4be52b2e0, L_000001b4be52af20, C4<1>, C4<1>;
L_000001b4be52cea0 .functor OR 1, L_000001b4be52d8b0, L_000001b4be52d370, C4<0>, C4<0>;
v000001b4be5237a0_0 .net *"_ivl_1", 0 0, L_000001b4be52a840;  1 drivers
v000001b4be523ca0_0 .net *"_ivl_3", 0 0, L_000001b4be52b2e0;  1 drivers
v000001b4be522b20_0 .net "in", 1 0, L_000001b4be52ae80;  1 drivers
v000001b4be523020_0 .net "out", 0 0, L_000001b4be52cea0;  1 drivers
v000001b4be523ac0_0 .net "sel", 0 0, L_000001b4be52af20;  1 drivers
v000001b4be5226c0_0 .net "t1", 0 0, L_000001b4be528090;  1 drivers
v000001b4be5233e0_0 .net "t2", 0 0, L_000001b4be52d8b0;  1 drivers
v000001b4be523a20_0 .net "t3", 0 0, L_000001b4be52d370;  1 drivers
L_000001b4be52a840 .part L_000001b4be52ae80, 0, 1;
L_000001b4be52b2e0 .part L_000001b4be52ae80, 1, 1;
S_000001b4be524b80 .scope module, "M1" "mux_2x1" 4 24, 5 17 0, S_000001b4be524860;
 .timescale 0 0;
    .port_info 0 /INPUT 2 "in";
    .port_info 1 /INPUT 1 "sel";
    .port_info 2 /OUTPUT 1 "out";
L_000001b4be52da70 .functor NOT 1, L_000001b4be52a480, C4<0>, C4<0>, C4<0>;
L_000001b4be52cf80 .functor AND 1, L_000001b4be52a5c0, L_000001b4be52da70, C4<1>, C4<1>;
L_000001b4be52d1b0 .functor AND 1, L_000001b4be52b060, L_000001b4be52a480, C4<1>, C4<1>;
L_000001b4be52d6f0 .functor OR 1, L_000001b4be52cf80, L_000001b4be52d1b0, C4<0>, C4<0>;
v000001b4be523200_0 .net *"_ivl_1", 0 0, L_000001b4be52a5c0;  1 drivers
v000001b4be5232a0_0 .net *"_ivl_3", 0 0, L_000001b4be52b060;  1 drivers
v000001b4be524240_0 .net "in", 1 0, L_000001b4be52afc0;  1 drivers
v000001b4be523de0_0 .net "out", 0 0, L_000001b4be52d6f0;  1 drivers
v000001b4be5230c0_0 .net "sel", 0 0, L_000001b4be52a480;  1 drivers
v000001b4be523160_0 .net "t1", 0 0, L_000001b4be52da70;  1 drivers
v000001b4be524420_0 .net "t2", 0 0, L_000001b4be52cf80;  1 drivers
v000001b4be522620_0 .net "t3", 0 0, L_000001b4be52d1b0;  1 drivers
L_000001b4be52a5c0 .part L_000001b4be52afc0, 0, 1;
L_000001b4be52b060 .part L_000001b4be52afc0, 1, 1;
S_000001b4be525210 .scope module, "M3" "mux_2x1" 4 25, 5 17 0, S_000001b4be524860;
 .timescale 0 0;
    .port_info 0 /INPUT 2 "in";
    .port_info 1 /INPUT 1 "sel";
    .port_info 2 /OUTPUT 1 "out";
L_000001b4be52d840 .functor NOT 1, L_000001b4be52a2a0, C4<0>, C4<0>, C4<0>;
L_000001b4be52d140 .functor AND 1, L_000001b4be52b600, L_000001b4be52d840, C4<1>, C4<1>;
L_000001b4be52cdc0 .functor AND 1, L_000001b4be52a980, L_000001b4be52a2a0, C4<1>, C4<1>;
L_000001b4be52cff0 .functor OR 1, L_000001b4be52d140, L_000001b4be52cdc0, C4<0>, C4<0>;
v000001b4be522760_0 .net *"_ivl_1", 0 0, L_000001b4be52b600;  1 drivers
v000001b4be522800_0 .net *"_ivl_3", 0 0, L_000001b4be52a980;  1 drivers
v000001b4be522ee0_0 .net "in", 1 0, L_000001b4be52b920;  alias, 1 drivers
v000001b4be522d00_0 .net "out", 0 0, L_000001b4be52cff0;  alias, 1 drivers
v000001b4be523340_0 .net "sel", 0 0, L_000001b4be52a2a0;  1 drivers
v000001b4be523e80_0 .net "t1", 0 0, L_000001b4be52d840;  1 drivers
v000001b4be5228a0_0 .net "t2", 0 0, L_000001b4be52d140;  1 drivers
v000001b4be522f80_0 .net "t3", 0 0, L_000001b4be52cdc0;  1 drivers
L_000001b4be52b600 .part L_000001b4be52b920, 0, 1;
L_000001b4be52a980 .part L_000001b4be52b920, 1, 1;
S_000001b4be524d60 .scope module, "M5" "mux_4x1" 3 29, 4 16 0, S_000001b4be4aa040;
 .timescale 0 0;
    .port_info 0 /INPUT 4 "in";
    .port_info 1 /INPUT 2 "sel";
    .port_info 2 /OUTPUT 1 "out";
v000001b4be526ef0_0 .net "in", 3 0, L_000001b4be52a520;  alias, 1 drivers
v000001b4be526c70_0 .net "out", 0 0, L_000001b4be52d220;  alias, 1 drivers
v000001b4be526d10_0 .net "sel", 1 0, L_000001b4be52f4c0;  1 drivers
v000001b4be527030_0 .net "t", 1 0, L_000001b4be52b6a0;  1 drivers
L_000001b4be52aac0 .part L_000001b4be52a520, 0, 2;
L_000001b4be52ab60 .part L_000001b4be52f4c0, 0, 1;
L_000001b4be52b380 .part L_000001b4be52a520, 2, 2;
L_000001b4be52b420 .part L_000001b4be52f4c0, 0, 1;
L_000001b4be52b6a0 .concat8 [ 1 1 0 0], L_000001b4be52d060, L_000001b4be52d5a0;
L_000001b4be530320 .part L_000001b4be52f4c0, 1, 1;
S_000001b4be524ef0 .scope module, "M0" "mux_2x1" 4 23, 5 17 0, S_000001b4be524d60;
 .timescale 0 0;
    .port_info 0 /INPUT 2 "in";
    .port_info 1 /INPUT 1 "sel";
    .port_info 2 /OUTPUT 1 "out";
L_000001b4be52d7d0 .functor NOT 1, L_000001b4be52ab60, C4<0>, C4<0>, C4<0>;
L_000001b4be52db50 .functor AND 1, L_000001b4be52a8e0, L_000001b4be52d7d0, C4<1>, C4<1>;
L_000001b4be52d920 .functor AND 1, L_000001b4be52b100, L_000001b4be52ab60, C4<1>, C4<1>;
L_000001b4be52d060 .functor OR 1, L_000001b4be52db50, L_000001b4be52d920, C4<0>, C4<0>;
v000001b4be5238e0_0 .net *"_ivl_1", 0 0, L_000001b4be52a8e0;  1 drivers
v000001b4be5275d0_0 .net *"_ivl_3", 0 0, L_000001b4be52b100;  1 drivers
v000001b4be527990_0 .net "in", 1 0, L_000001b4be52aac0;  1 drivers
v000001b4be527a30_0 .net "out", 0 0, L_000001b4be52d060;  1 drivers
v000001b4be527170_0 .net "sel", 0 0, L_000001b4be52ab60;  1 drivers
v000001b4be5270d0_0 .net "t1", 0 0, L_000001b4be52d7d0;  1 drivers
v000001b4be526450_0 .net "t2", 0 0, L_000001b4be52db50;  1 drivers
v000001b4be525d70_0 .net "t3", 0 0, L_000001b4be52d920;  1 drivers
L_000001b4be52a8e0 .part L_000001b4be52aac0, 0, 1;
L_000001b4be52b100 .part L_000001b4be52aac0, 1, 1;
S_000001b4be525b70 .scope module, "M1" "mux_2x1" 4 24, 5 17 0, S_000001b4be524d60;
 .timescale 0 0;
    .port_info 0 /INPUT 2 "in";
    .port_info 1 /INPUT 1 "sel";
    .port_info 2 /OUTPUT 1 "out";
L_000001b4be52d0d0 .functor NOT 1, L_000001b4be52b420, C4<0>, C4<0>, C4<0>;
L_000001b4be52dae0 .functor AND 1, L_000001b4be52b740, L_000001b4be52d0d0, C4<1>, C4<1>;
L_000001b4be52d530 .functor AND 1, L_000001b4be52ac00, L_000001b4be52b420, C4<1>, C4<1>;
L_000001b4be52d5a0 .functor OR 1, L_000001b4be52dae0, L_000001b4be52d530, C4<0>, C4<0>;
v000001b4be527b70_0 .net *"_ivl_1", 0 0, L_000001b4be52b740;  1 drivers
v000001b4be527ad0_0 .net *"_ivl_3", 0 0, L_000001b4be52ac00;  1 drivers
v000001b4be526950_0 .net "in", 1 0, L_000001b4be52b380;  1 drivers
v000001b4be5263b0_0 .net "out", 0 0, L_000001b4be52d5a0;  1 drivers
v000001b4be5273f0_0 .net "sel", 0 0, L_000001b4be52b420;  1 drivers
v000001b4be526bd0_0 .net "t1", 0 0, L_000001b4be52d0d0;  1 drivers
v000001b4be527710_0 .net "t2", 0 0, L_000001b4be52dae0;  1 drivers
v000001b4be526f90_0 .net "t3", 0 0, L_000001b4be52d530;  1 drivers
L_000001b4be52b740 .part L_000001b4be52b380, 0, 1;
L_000001b4be52ac00 .part L_000001b4be52b380, 1, 1;
S_000001b4be525080 .scope module, "M3" "mux_2x1" 4 25, 5 17 0, S_000001b4be524d60;
 .timescale 0 0;
    .port_info 0 /INPUT 2 "in";
    .port_info 1 /INPUT 1 "sel";
    .port_info 2 /OUTPUT 1 "out";
L_000001b4be52d990 .functor NOT 1, L_000001b4be530320, C4<0>, C4<0>, C4<0>;
L_000001b4be52dbc0 .functor AND 1, L_000001b4be52f7e0, L_000001b4be52d990, C4<1>, C4<1>;
L_000001b4be52da00 .functor AND 1, L_000001b4be530a00, L_000001b4be530320, C4<1>, C4<1>;
L_000001b4be52d220 .functor OR 1, L_000001b4be52dbc0, L_000001b4be52da00, C4<0>, C4<0>;
v000001b4be5269f0_0 .net *"_ivl_1", 0 0, L_000001b4be52f7e0;  1 drivers
v000001b4be526a90_0 .net *"_ivl_3", 0 0, L_000001b4be530a00;  1 drivers
v000001b4be526270_0 .net "in", 1 0, L_000001b4be52b6a0;  alias, 1 drivers
v000001b4be527670_0 .net "out", 0 0, L_000001b4be52d220;  alias, 1 drivers
v000001b4be525f50_0 .net "sel", 0 0, L_000001b4be530320;  1 drivers
v000001b4be526e50_0 .net "t1", 0 0, L_000001b4be52d990;  1 drivers
v000001b4be5268b0_0 .net "t2", 0 0, L_000001b4be52dbc0;  1 drivers
v000001b4be526b30_0 .net "t3", 0 0, L_000001b4be52da00;  1 drivers
L_000001b4be52f7e0 .part L_000001b4be52b6a0, 0, 1;
L_000001b4be530a00 .part L_000001b4be52b6a0, 1, 1;
    .scope S_000001b4be4c9250;
T_0 ;
    %vpi_call 2 9 "$dumpfile", "mux_16x1by4x1.vcd" {0 0 0};
    %vpi_call 2 10 "$dumpvars", 32'sb00000000000000000000000000000000, S_000001b4be4c9250 {0 0 0};
    %vpi_call 2 11 "$monitor", $time, "A=%h, S=%h, F=%b", v000001b4be525eb0_0, v000001b4be5264f0_0, v000001b4be526090_0 {0 0 0};
    %delay 5, 0;
    %pushi/vec4 16300, 0, 16;
    %store/vec4 v000001b4be525eb0_0, 0, 16;
    %pushi/vec4 10, 0, 4;
    %store/vec4 v000001b4be5264f0_0, 0, 4;
    %delay 5, 0;
    %pushi/vec4 1, 0, 4;
    %store/vec4 v000001b4be5264f0_0, 0, 4;
    %delay 5, 0;
    %pushi/vec4 12, 0, 4;
    %store/vec4 v000001b4be5264f0_0, 0, 4;
    %delay 5, 0;
    %pushi/vec4 5, 0, 4;
    %store/vec4 v000001b4be5264f0_0, 0, 4;
    %delay 5, 0;
    %pushi/vec4 3, 0, 4;
    %store/vec4 v000001b4be5264f0_0, 0, 4;
    %delay 5, 0;
    %pushi/vec4 11, 0, 4;
    %store/vec4 v000001b4be5264f0_0, 0, 4;
    %delay 5, 0;
    %pushi/vec4 14, 0, 4;
    %store/vec4 v000001b4be5264f0_0, 0, 4;
    %delay 5, 0;
    %vpi_call 2 19 "$finish" {0 0 0};
    %end;
    .thread T_0;
# The file index is used to find the file name in the following table.
:file_names 6;
    "N/A";
    "<interactive>";
    "mux_16x1TB.v";
    "./mux_16x1by4x1.v";
    "./mux_4x1by2x1.v";
    "./mux_2x1.v";
