#! /mingw64/bin/vvp
:ivl_version "12.0 (stable)";
:ivl_delay_selection "TYPICAL";
:vpi_time_precision + 0;
:vpi_module "C:\msys64\mingw64\lib\ivl\system.vpi";
:vpi_module "C:\msys64\mingw64\lib\ivl\vhdl_sys.vpi";
:vpi_module "C:\msys64\mingw64\lib\ivl\vhdl_textio.vpi";
:vpi_module "C:\msys64\mingw64\lib\ivl\v2005_math.vpi";
:vpi_module "C:\msys64\mingw64\lib\ivl\va_math.vpi";
S_000001dfc25ca760 .scope module, "mux_16x1_test" "mux_16x1_test" 2 2;
 .timescale 0 0;
v000001dfc2625ec0_0 .var "A", 15 0;
v000001dfc26254c0_0 .net "F", 0 0, L_000001dfc262bed0;  1 drivers
v000001dfc2625740_0 .var "S", 3 0;
S_000001dfc255d8e0 .scope module, "M" "mux_16x1" 2 6, 3 18 0, S_000001dfc25ca760;
 .timescale 0 0;
    .port_info 0 /INPUT 16 "in";
    .port_info 1 /INPUT 4 "sel";
    .port_info 2 /OUTPUT 1 "out";
v000001dfc26263c0_0 .net "in", 15 0, v000001dfc2625ec0_0;  1 drivers
v000001dfc26265a0_0 .net "out", 0 0, L_000001dfc262bed0;  alias, 1 drivers
v000001dfc2625420_0 .net "sel", 3 0, v000001dfc2625740_0;  1 drivers
v000001dfc2624fc0_0 .net "t", 3 0, L_000001dfc2629ef0;  1 drivers
L_000001dfc2625a60 .part v000001dfc2625ec0_0, 0, 4;
L_000001dfc26259c0 .part v000001dfc2625740_0, 0, 2;
L_000001dfc2629d10 .part v000001dfc2625ec0_0, 4, 4;
L_000001dfc2629db0 .part v000001dfc2625740_0, 0, 2;
L_000001dfc262a670 .part v000001dfc2625ec0_0, 8, 4;
L_000001dfc262a2b0 .part v000001dfc2625740_0, 0, 2;
L_000001dfc2629e50 .part v000001dfc2625ec0_0, 12, 4;
L_000001dfc2629630 .part v000001dfc2625740_0, 0, 2;
L_000001dfc2629ef0 .concat8 [ 1 1 1 1], L_000001dfc2626fe0, L_000001dfc2627210, L_000001dfc2627520, L_000001dfc262bf40;
L_000001dfc262f430 .part v000001dfc2625740_0, 2, 2;
S_000001dfc255da70 .scope module, "M0" "mux_4x1" 3 25, 4 16 0, S_000001dfc255d8e0;
 .timescale 0 0;
    .port_info 0 /INPUT 4 "in";
    .port_info 1 /INPUT 2 "sel";
    .port_info 2 /OUTPUT 1 "out";
v000001dfc261f2c0_0 .net "in", 3 0, L_000001dfc2625a60;  1 drivers
v000001dfc261fae0_0 .net "out", 0 0, L_000001dfc2626fe0;  1 drivers
v000001dfc261fe00_0 .net "sel", 1 0, L_000001dfc26259c0;  1 drivers
v000001dfc261fb80_0 .net "t", 1 0, L_000001dfc2625600;  1 drivers
L_000001dfc2625880 .part L_000001dfc2625a60, 0, 2;
L_000001dfc2625560 .part L_000001dfc26259c0, 0, 1;
L_000001dfc26257e0 .part L_000001dfc2625a60, 2, 2;
L_000001dfc26268c0 .part L_000001dfc26259c0, 0, 1;
L_000001dfc2625600 .concat8 [ 1 1 0 0], L_000001dfc25bf5c0, L_000001dfc26276e0;
L_000001dfc2625c40 .part L_000001dfc26259c0, 1, 1;
S_000001dfc25ad080 .scope module, "M0" "mux_2x1" 4 23, 5 17 0, S_000001dfc255da70;
 .timescale 0 0;
    .port_info 0 /INPUT 2 "in";
    .port_info 1 /INPUT 1 "sel";
    .port_info 2 /OUTPUT 1 "out";
L_000001dfc25bebb0 .functor NOT 1, L_000001dfc2625560, C4<0>, C4<0>, C4<0>;
L_000001dfc25bf550 .functor AND 1, L_000001dfc2625060, L_000001dfc25bebb0, C4<1>, C4<1>;
L_000001dfc25bf6a0 .functor AND 1, L_000001dfc26256a0, L_000001dfc2625560, C4<1>, C4<1>;
L_000001dfc25bf5c0 .functor OR 1, L_000001dfc25bf550, L_000001dfc25bf6a0, C4<0>, C4<0>;
v000001dfc25c18d0_0 .net *"_ivl_1", 0 0, L_000001dfc2625060;  1 drivers
v000001dfc25c15b0_0 .net *"_ivl_3", 0 0, L_000001dfc26256a0;  1 drivers
v000001dfc25c1dd0_0 .net "in", 1 0, L_000001dfc2625880;  1 drivers
v000001dfc25c2690_0 .net "out", 0 0, L_000001dfc25bf5c0;  1 drivers
v000001dfc25c1e70_0 .net "sel", 0 0, L_000001dfc2625560;  1 drivers
v000001dfc25c1970_0 .net "t1", 0 0, L_000001dfc25bebb0;  1 drivers
v000001dfc25c1a10_0 .net "t2", 0 0, L_000001dfc25bf550;  1 drivers
v000001dfc25c1ab0_0 .net "t3", 0 0, L_000001dfc25bf6a0;  1 drivers
L_000001dfc2625060 .part L_000001dfc2625880, 0, 1;
L_000001dfc26256a0 .part L_000001dfc2625880, 1, 1;
S_000001dfc25ad210 .scope module, "M1" "mux_2x1" 4 24, 5 17 0, S_000001dfc255da70;
 .timescale 0 0;
    .port_info 0 /INPUT 2 "in";
    .port_info 1 /INPUT 1 "sel";
    .port_info 2 /OUTPUT 1 "out";
L_000001dfc25bf630 .functor NOT 1, L_000001dfc26268c0, C4<0>, C4<0>, C4<0>;
L_000001dfc25bf710 .functor AND 1, L_000001dfc2626000, L_000001dfc25bf630, C4<1>, C4<1>;
L_000001dfc2627d00 .functor AND 1, L_000001dfc2626140, L_000001dfc26268c0, C4<1>, C4<1>;
L_000001dfc26276e0 .functor OR 1, L_000001dfc25bf710, L_000001dfc2627d00, C4<0>, C4<0>;
v000001dfc25c22d0_0 .net *"_ivl_1", 0 0, L_000001dfc2626000;  1 drivers
v000001dfc25b4df0_0 .net *"_ivl_3", 0 0, L_000001dfc2626140;  1 drivers
v000001dfc25b4f30_0 .net "in", 1 0, L_000001dfc26257e0;  1 drivers
v000001dfc25b9560_0 .net "out", 0 0, L_000001dfc26276e0;  1 drivers
v000001dfc25b9ec0_0 .net "sel", 0 0, L_000001dfc26268c0;  1 drivers
v000001dfc26209e0_0 .net "t1", 0 0, L_000001dfc25bf630;  1 drivers
v000001dfc261f220_0 .net "t2", 0 0, L_000001dfc25bf710;  1 drivers
v000001dfc261f860_0 .net "t3", 0 0, L_000001dfc2627d00;  1 drivers
L_000001dfc2626000 .part L_000001dfc26257e0, 0, 1;
L_000001dfc2626140 .part L_000001dfc26257e0, 1, 1;
S_000001dfc2620ce0 .scope module, "M3" "mux_2x1" 4 25, 5 17 0, S_000001dfc255da70;
 .timescale 0 0;
    .port_info 0 /INPUT 2 "in";
    .port_info 1 /INPUT 1 "sel";
    .port_info 2 /OUTPUT 1 "out";
L_000001dfc2627bb0 .functor NOT 1, L_000001dfc2625c40, C4<0>, C4<0>, C4<0>;
L_000001dfc2627ad0 .functor AND 1, L_000001dfc2626820, L_000001dfc2627bb0, C4<1>, C4<1>;
L_000001dfc2626f00 .functor AND 1, L_000001dfc2625920, L_000001dfc2625c40, C4<1>, C4<1>;
L_000001dfc2626fe0 .functor OR 1, L_000001dfc2627ad0, L_000001dfc2626f00, C4<0>, C4<0>;
v000001dfc261ff40_0 .net *"_ivl_1", 0 0, L_000001dfc2626820;  1 drivers
v000001dfc261fa40_0 .net *"_ivl_3", 0 0, L_000001dfc2625920;  1 drivers
v000001dfc261f040_0 .net "in", 1 0, L_000001dfc2625600;  alias, 1 drivers
v000001dfc2620bc0_0 .net "out", 0 0, L_000001dfc2626fe0;  alias, 1 drivers
v000001dfc2620b20_0 .net "sel", 0 0, L_000001dfc2625c40;  1 drivers
v000001dfc2620940_0 .net "t1", 0 0, L_000001dfc2627bb0;  1 drivers
v000001dfc261fcc0_0 .net "t2", 0 0, L_000001dfc2627ad0;  1 drivers
v000001dfc261fd60_0 .net "t3", 0 0, L_000001dfc2626f00;  1 drivers
L_000001dfc2626820 .part L_000001dfc2625600, 0, 1;
L_000001dfc2625920 .part L_000001dfc2625600, 1, 1;
S_000001dfc2620e70 .scope module, "M1" "mux_4x1" 3 26, 4 16 0, S_000001dfc255d8e0;
 .timescale 0 0;
    .port_info 0 /INPUT 4 "in";
    .port_info 1 /INPUT 2 "sel";
    .port_info 2 /OUTPUT 1 "out";
v000001dfc26201c0_0 .net "in", 3 0, L_000001dfc2629d10;  1 drivers
v000001dfc2620260_0 .net "out", 0 0, L_000001dfc2627210;  1 drivers
v000001dfc261f5e0_0 .net "sel", 1 0, L_000001dfc2629db0;  1 drivers
v000001dfc2620300_0 .net "t", 1 0, L_000001dfc262a530;  1 drivers
L_000001dfc262a490 .part L_000001dfc2629d10, 0, 2;
L_000001dfc2629b30 .part L_000001dfc2629db0, 0, 1;
L_000001dfc26293b0 .part L_000001dfc2629d10, 2, 2;
L_000001dfc2629c70 .part L_000001dfc2629db0, 0, 1;
L_000001dfc262a530 .concat8 [ 1 1 0 0], L_000001dfc2627d70, L_000001dfc2627830;
L_000001dfc2629770 .part L_000001dfc2629db0, 1, 1;
S_000001dfc2621000 .scope module, "M0" "mux_2x1" 4 23, 5 17 0, S_000001dfc2620e70;
 .timescale 0 0;
    .port_info 0 /INPUT 2 "in";
    .port_info 1 /INPUT 1 "sel";
    .port_info 2 /OUTPUT 1 "out";
L_000001dfc26274b0 .functor NOT 1, L_000001dfc2629b30, C4<0>, C4<0>, C4<0>;
L_000001dfc26278a0 .functor AND 1, L_000001dfc2626780, L_000001dfc26274b0, C4<1>, C4<1>;
L_000001dfc26272f0 .functor AND 1, L_000001dfc2626a00, L_000001dfc2629b30, C4<1>, C4<1>;
L_000001dfc2627d70 .functor OR 1, L_000001dfc26278a0, L_000001dfc26272f0, C4<0>, C4<0>;
v000001dfc261fc20_0 .net *"_ivl_1", 0 0, L_000001dfc2626780;  1 drivers
v000001dfc261fea0_0 .net *"_ivl_3", 0 0, L_000001dfc2626a00;  1 drivers
v000001dfc2620580_0 .net "in", 1 0, L_000001dfc262a490;  1 drivers
v000001dfc261f360_0 .net "out", 0 0, L_000001dfc2627d70;  1 drivers
v000001dfc261f400_0 .net "sel", 0 0, L_000001dfc2629b30;  1 drivers
v000001dfc261f900_0 .net "t1", 0 0, L_000001dfc26274b0;  1 drivers
v000001dfc261ffe0_0 .net "t2", 0 0, L_000001dfc26278a0;  1 drivers
v000001dfc261ed20_0 .net "t3", 0 0, L_000001dfc26272f0;  1 drivers
L_000001dfc2626780 .part L_000001dfc262a490, 0, 1;
L_000001dfc2626a00 .part L_000001dfc262a490, 1, 1;
S_000001dfc2621190 .scope module, "M1" "mux_2x1" 4 24, 5 17 0, S_000001dfc2620e70;
 .timescale 0 0;
    .port_info 0 /INPUT 2 "in";
    .port_info 1 /INPUT 1 "sel";
    .port_info 2 /OUTPUT 1 "out";
L_000001dfc2627c20 .functor NOT 1, L_000001dfc2629c70, C4<0>, C4<0>, C4<0>;
L_000001dfc2626f70 .functor AND 1, L_000001dfc262aad0, L_000001dfc2627c20, C4<1>, C4<1>;
L_000001dfc2627750 .functor AND 1, L_000001dfc2629bd0, L_000001dfc2629c70, C4<1>, C4<1>;
L_000001dfc2627830 .functor OR 1, L_000001dfc2626f70, L_000001dfc2627750, C4<0>, C4<0>;
v000001dfc2620a80_0 .net *"_ivl_1", 0 0, L_000001dfc262aad0;  1 drivers
v000001dfc261f4a0_0 .net *"_ivl_3", 0 0, L_000001dfc2629bd0;  1 drivers
v000001dfc261f0e0_0 .net "in", 1 0, L_000001dfc26293b0;  1 drivers
v000001dfc26208a0_0 .net "out", 0 0, L_000001dfc2627830;  1 drivers
v000001dfc261f540_0 .net "sel", 0 0, L_000001dfc2629c70;  1 drivers
v000001dfc261ee60_0 .net "t1", 0 0, L_000001dfc2627c20;  1 drivers
v000001dfc2620620_0 .net "t2", 0 0, L_000001dfc2626f70;  1 drivers
v000001dfc2620080_0 .net "t3", 0 0, L_000001dfc2627750;  1 drivers
L_000001dfc262aad0 .part L_000001dfc26293b0, 0, 1;
L_000001dfc2629bd0 .part L_000001dfc26293b0, 1, 1;
S_000001dfc2621320 .scope module, "M3" "mux_2x1" 4 25, 5 17 0, S_000001dfc2620e70;
 .timescale 0 0;
    .port_info 0 /INPUT 2 "in";
    .port_info 1 /INPUT 1 "sel";
    .port_info 2 /OUTPUT 1 "out";
L_000001dfc2627050 .functor NOT 1, L_000001dfc2629770, C4<0>, C4<0>, C4<0>;
L_000001dfc2626e90 .functor AND 1, L_000001dfc262ab70, L_000001dfc2627050, C4<1>, C4<1>;
L_000001dfc2627360 .functor AND 1, L_000001dfc2629810, L_000001dfc2629770, C4<1>, C4<1>;
L_000001dfc2627210 .functor OR 1, L_000001dfc2626e90, L_000001dfc2627360, C4<0>, C4<0>;
v000001dfc261edc0_0 .net *"_ivl_1", 0 0, L_000001dfc262ab70;  1 drivers
v000001dfc26204e0_0 .net *"_ivl_3", 0 0, L_000001dfc2629810;  1 drivers
v000001dfc261efa0_0 .net "in", 1 0, L_000001dfc262a530;  alias, 1 drivers
v000001dfc261ef00_0 .net "out", 0 0, L_000001dfc2627210;  alias, 1 drivers
v000001dfc26206c0_0 .net "sel", 0 0, L_000001dfc2629770;  1 drivers
v000001dfc2620120_0 .net "t1", 0 0, L_000001dfc2627050;  1 drivers
v000001dfc261f180_0 .net "t2", 0 0, L_000001dfc2626e90;  1 drivers
v000001dfc261f9a0_0 .net "t3", 0 0, L_000001dfc2627360;  1 drivers
L_000001dfc262ab70 .part L_000001dfc262a530, 0, 1;
L_000001dfc2629810 .part L_000001dfc262a530, 1, 1;
S_000001dfc26214b0 .scope module, "M2" "mux_4x1" 3 27, 4 16 0, S_000001dfc255d8e0;
 .timescale 0 0;
    .port_info 0 /INPUT 4 "in";
    .port_info 1 /INPUT 2 "sel";
    .port_info 2 /OUTPUT 1 "out";
v000001dfc2622900_0 .net "in", 3 0, L_000001dfc262a670;  1 drivers
v000001dfc2623300_0 .net "out", 0 0, L_000001dfc2627520;  1 drivers
v000001dfc2622180_0 .net "sel", 1 0, L_000001dfc262a2b0;  1 drivers
v000001dfc2621a00_0 .net "t", 1 0, L_000001dfc262a210;  1 drivers
L_000001dfc262a5d0 .part L_000001dfc262a670, 0, 2;
L_000001dfc262ac10 .part L_000001dfc262a2b0, 0, 1;
L_000001dfc26298b0 .part L_000001dfc262a670, 2, 2;
L_000001dfc2629590 .part L_000001dfc262a2b0, 0, 1;
L_000001dfc262a210 .concat8 [ 1 1 0 0], L_000001dfc26270c0, L_000001dfc26271a0;
L_000001dfc262a8f0 .part L_000001dfc262a2b0, 1, 1;
S_000001dfc2621640 .scope module, "M0" "mux_2x1" 4 23, 5 17 0, S_000001dfc26214b0;
 .timescale 0 0;
    .port_info 0 /INPUT 2 "in";
    .port_info 1 /INPUT 1 "sel";
    .port_info 2 /OUTPUT 1 "out";
L_000001dfc26273d0 .functor NOT 1, L_000001dfc262ac10, C4<0>, C4<0>, C4<0>;
L_000001dfc2627910 .functor AND 1, L_000001dfc262a350, L_000001dfc26273d0, C4<1>, C4<1>;
L_000001dfc2627c90 .functor AND 1, L_000001dfc26294f0, L_000001dfc262ac10, C4<1>, C4<1>;
L_000001dfc26270c0 .functor OR 1, L_000001dfc2627910, L_000001dfc2627c90, C4<0>, C4<0>;
v000001dfc2620760_0 .net *"_ivl_1", 0 0, L_000001dfc262a350;  1 drivers
v000001dfc261f680_0 .net *"_ivl_3", 0 0, L_000001dfc26294f0;  1 drivers
v000001dfc26203a0_0 .net "in", 1 0, L_000001dfc262a5d0;  1 drivers
v000001dfc261f720_0 .net "out", 0 0, L_000001dfc26270c0;  1 drivers
v000001dfc2620440_0 .net "sel", 0 0, L_000001dfc262ac10;  1 drivers
v000001dfc261f7c0_0 .net "t1", 0 0, L_000001dfc26273d0;  1 drivers
v000001dfc2620800_0 .net "t2", 0 0, L_000001dfc2627910;  1 drivers
v000001dfc26233a0_0 .net "t3", 0 0, L_000001dfc2627c90;  1 drivers
L_000001dfc262a350 .part L_000001dfc262a5d0, 0, 1;
L_000001dfc26294f0 .part L_000001dfc262a5d0, 1, 1;
S_000001dfc26237e0 .scope module, "M1" "mux_2x1" 4 24, 5 17 0, S_000001dfc26214b0;
 .timescale 0 0;
    .port_info 0 /INPUT 2 "in";
    .port_info 1 /INPUT 1 "sel";
    .port_info 2 /OUTPUT 1 "out";
L_000001dfc2627b40 .functor NOT 1, L_000001dfc2629590, C4<0>, C4<0>, C4<0>;
L_000001dfc2627130 .functor AND 1, L_000001dfc2629450, L_000001dfc2627b40, C4<1>, C4<1>;
L_000001dfc26277c0 .functor AND 1, L_000001dfc262a990, L_000001dfc2629590, C4<1>, C4<1>;
L_000001dfc26271a0 .functor OR 1, L_000001dfc2627130, L_000001dfc26277c0, C4<0>, C4<0>;
v000001dfc2623440_0 .net *"_ivl_1", 0 0, L_000001dfc2629450;  1 drivers
v000001dfc2622860_0 .net *"_ivl_3", 0 0, L_000001dfc262a990;  1 drivers
v000001dfc2622cc0_0 .net "in", 1 0, L_000001dfc26298b0;  1 drivers
v000001dfc26229a0_0 .net "out", 0 0, L_000001dfc26271a0;  1 drivers
v000001dfc2622e00_0 .net "sel", 0 0, L_000001dfc2629590;  1 drivers
v000001dfc2621aa0_0 .net "t1", 0 0, L_000001dfc2627b40;  1 drivers
v000001dfc26218c0_0 .net "t2", 0 0, L_000001dfc2627130;  1 drivers
v000001dfc2622ea0_0 .net "t3", 0 0, L_000001dfc26277c0;  1 drivers
L_000001dfc2629450 .part L_000001dfc26298b0, 0, 1;
L_000001dfc262a990 .part L_000001dfc26298b0, 1, 1;
S_000001dfc2623970 .scope module, "M3" "mux_2x1" 4 25, 5 17 0, S_000001dfc26214b0;
 .timescale 0 0;
    .port_info 0 /INPUT 2 "in";
    .port_info 1 /INPUT 1 "sel";
    .port_info 2 /OUTPUT 1 "out";
L_000001dfc2627280 .functor NOT 1, L_000001dfc262a8f0, C4<0>, C4<0>, C4<0>;
L_000001dfc2627600 .functor AND 1, L_000001dfc262acb0, L_000001dfc2627280, C4<1>, C4<1>;
L_000001dfc2627440 .functor AND 1, L_000001dfc262ad50, L_000001dfc262a8f0, C4<1>, C4<1>;
L_000001dfc2627520 .functor OR 1, L_000001dfc2627600, L_000001dfc2627440, C4<0>, C4<0>;
v000001dfc2622d60_0 .net *"_ivl_1", 0 0, L_000001dfc262acb0;  1 drivers
v000001dfc2621d20_0 .net *"_ivl_3", 0 0, L_000001dfc262ad50;  1 drivers
v000001dfc26227c0_0 .net "in", 1 0, L_000001dfc262a210;  alias, 1 drivers
v000001dfc26220e0_0 .net "out", 0 0, L_000001dfc2627520;  alias, 1 drivers
v000001dfc2623080_0 .net "sel", 0 0, L_000001dfc262a8f0;  1 drivers
v000001dfc26234e0_0 .net "t1", 0 0, L_000001dfc2627280;  1 drivers
v000001dfc2622f40_0 .net "t2", 0 0, L_000001dfc2627600;  1 drivers
v000001dfc2622360_0 .net "t3", 0 0, L_000001dfc2627440;  1 drivers
L_000001dfc262acb0 .part L_000001dfc262a210, 0, 1;
L_000001dfc262ad50 .part L_000001dfc262a210, 1, 1;
S_000001dfc2623b00 .scope module, "M3" "mux_4x1" 3 28, 4 16 0, S_000001dfc255d8e0;
 .timescale 0 0;
    .port_info 0 /INPUT 4 "in";
    .port_info 1 /INPUT 2 "sel";
    .port_info 2 /OUTPUT 1 "out";
v000001dfc2623260_0 .net "in", 3 0, L_000001dfc2629e50;  1 drivers
v000001dfc2622680_0 .net "out", 0 0, L_000001dfc262bf40;  1 drivers
v000001dfc2622720_0 .net "sel", 1 0, L_000001dfc2629630;  1 drivers
v000001dfc2622b80_0 .net "t", 1 0, L_000001dfc2628f50;  1 drivers
L_000001dfc262a7b0 .part L_000001dfc2629e50, 0, 2;
L_000001dfc262a850 .part L_000001dfc2629630, 0, 1;
L_000001dfc2628eb0 .part L_000001dfc2629e50, 2, 2;
L_000001dfc262aa30 .part L_000001dfc2629630, 0, 1;
L_000001dfc2628f50 .concat8 [ 1 1 0 0], L_000001dfc26279f0, L_000001dfc262c9c0;
L_000001dfc2629270 .part L_000001dfc2629630, 1, 1;
S_000001dfc2623c90 .scope module, "M0" "mux_2x1" 4 23, 5 17 0, S_000001dfc2623b00;
 .timescale 0 0;
    .port_info 0 /INPUT 2 "in";
    .port_info 1 /INPUT 1 "sel";
    .port_info 2 /OUTPUT 1 "out";
L_000001dfc2627590 .functor NOT 1, L_000001dfc262a850, C4<0>, C4<0>, C4<0>;
L_000001dfc2627670 .functor AND 1, L_000001dfc262a0d0, L_000001dfc2627590, C4<1>, C4<1>;
L_000001dfc2627980 .functor AND 1, L_000001dfc262a710, L_000001dfc262a850, C4<1>, C4<1>;
L_000001dfc26279f0 .functor OR 1, L_000001dfc2627670, L_000001dfc2627980, C4<0>, C4<0>;
v000001dfc2622fe0_0 .net *"_ivl_1", 0 0, L_000001dfc262a0d0;  1 drivers
v000001dfc2622a40_0 .net *"_ivl_3", 0 0, L_000001dfc262a710;  1 drivers
v000001dfc2622ae0_0 .net "in", 1 0, L_000001dfc262a7b0;  1 drivers
v000001dfc2621dc0_0 .net "out", 0 0, L_000001dfc26279f0;  1 drivers
v000001dfc2621c80_0 .net "sel", 0 0, L_000001dfc262a850;  1 drivers
v000001dfc2622220_0 .net "t1", 0 0, L_000001dfc2627590;  1 drivers
v000001dfc2621b40_0 .net "t2", 0 0, L_000001dfc2627670;  1 drivers
v000001dfc26222c0_0 .net "t3", 0 0, L_000001dfc2627980;  1 drivers
L_000001dfc262a0d0 .part L_000001dfc262a7b0, 0, 1;
L_000001dfc262a710 .part L_000001dfc262a7b0, 1, 1;
S_000001dfc2624000 .scope module, "M1" "mux_2x1" 4 24, 5 17 0, S_000001dfc2623b00;
 .timescale 0 0;
    .port_info 0 /INPUT 2 "in";
    .port_info 1 /INPUT 1 "sel";
    .port_info 2 /OUTPUT 1 "out";
L_000001dfc2627a60 .functor NOT 1, L_000001dfc262aa30, C4<0>, C4<0>, C4<0>;
L_000001dfc262c5d0 .functor AND 1, L_000001dfc262a170, L_000001dfc2627a60, C4<1>, C4<1>;
L_000001dfc262c020 .functor AND 1, L_000001dfc2629130, L_000001dfc262aa30, C4<1>, C4<1>;
L_000001dfc262c9c0 .functor OR 1, L_000001dfc262c5d0, L_000001dfc262c020, C4<0>, C4<0>;
v000001dfc2621be0_0 .net *"_ivl_1", 0 0, L_000001dfc262a170;  1 drivers
v000001dfc2621e60_0 .net *"_ivl_3", 0 0, L_000001dfc2629130;  1 drivers
v000001dfc2621960_0 .net "in", 1 0, L_000001dfc2628eb0;  1 drivers
v000001dfc2621fa0_0 .net "out", 0 0, L_000001dfc262c9c0;  1 drivers
v000001dfc2623580_0 .net "sel", 0 0, L_000001dfc262aa30;  1 drivers
v000001dfc2621f00_0 .net "t1", 0 0, L_000001dfc2627a60;  1 drivers
v000001dfc2623120_0 .net "t2", 0 0, L_000001dfc262c5d0;  1 drivers
v000001dfc2622400_0 .net "t3", 0 0, L_000001dfc262c020;  1 drivers
L_000001dfc262a170 .part L_000001dfc2628eb0, 0, 1;
L_000001dfc2629130 .part L_000001dfc2628eb0, 1, 1;
S_000001dfc2624190 .scope module, "M3" "mux_2x1" 4 25, 5 17 0, S_000001dfc2623b00;
 .timescale 0 0;
    .port_info 0 /INPUT 2 "in";
    .port_info 1 /INPUT 1 "sel";
    .port_info 2 /OUTPUT 1 "out";
L_000001dfc262c640 .functor NOT 1, L_000001dfc2629270, C4<0>, C4<0>, C4<0>;
L_000001dfc262c090 .functor AND 1, L_000001dfc2628ff0, L_000001dfc262c640, C4<1>, C4<1>;
L_000001dfc262caa0 .functor AND 1, L_000001dfc262a030, L_000001dfc2629270, C4<1>, C4<1>;
L_000001dfc262bf40 .functor OR 1, L_000001dfc262c090, L_000001dfc262caa0, C4<0>, C4<0>;
v000001dfc26224a0_0 .net *"_ivl_1", 0 0, L_000001dfc2628ff0;  1 drivers
v000001dfc26231c0_0 .net *"_ivl_3", 0 0, L_000001dfc262a030;  1 drivers
v000001dfc26236c0_0 .net "in", 1 0, L_000001dfc2628f50;  alias, 1 drivers
v000001dfc2622040_0 .net "out", 0 0, L_000001dfc262bf40;  alias, 1 drivers
v000001dfc2622540_0 .net "sel", 0 0, L_000001dfc2629270;  1 drivers
v000001dfc26225e0_0 .net "t1", 0 0, L_000001dfc262c640;  1 drivers
v000001dfc2623620_0 .net "t2", 0 0, L_000001dfc262c090;  1 drivers
v000001dfc2621820_0 .net "t3", 0 0, L_000001dfc262caa0;  1 drivers
L_000001dfc2628ff0 .part L_000001dfc2628f50, 0, 1;
L_000001dfc262a030 .part L_000001dfc2628f50, 1, 1;
S_000001dfc26247d0 .scope module, "M5" "mux_4x1" 3 29, 4 16 0, S_000001dfc255d8e0;
 .timescale 0 0;
    .port_info 0 /INPUT 4 "in";
    .port_info 1 /INPUT 2 "sel";
    .port_info 2 /OUTPUT 1 "out";
v000001dfc2626d20_0 .net "in", 3 0, L_000001dfc2629ef0;  alias, 1 drivers
v000001dfc2624e80_0 .net "out", 0 0, L_000001dfc262bed0;  alias, 1 drivers
v000001dfc2624f20_0 .net "sel", 1 0, L_000001dfc262f430;  1 drivers
v000001dfc2626280_0 .net "t", 1 0, L_000001dfc2629f90;  1 drivers
L_000001dfc26291d0 .part L_000001dfc2629ef0, 0, 2;
L_000001dfc2629310 .part L_000001dfc262f430, 0, 1;
L_000001dfc26299f0 .part L_000001dfc2629ef0, 2, 2;
L_000001dfc2629a90 .part L_000001dfc262f430, 0, 1;
L_000001dfc2629f90 .concat8 [ 1 1 0 0], L_000001dfc262cb80, L_000001dfc262c4f0;
L_000001dfc262efd0 .part L_000001dfc262f430, 1, 1;
S_000001dfc2624af0 .scope module, "M0" "mux_2x1" 4 23, 5 17 0, S_000001dfc26247d0;
 .timescale 0 0;
    .port_info 0 /INPUT 2 "in";
    .port_info 1 /INPUT 1 "sel";
    .port_info 2 /OUTPUT 1 "out";
L_000001dfc262ccd0 .functor NOT 1, L_000001dfc2629310, C4<0>, C4<0>, C4<0>;
L_000001dfc262c560 .functor AND 1, L_000001dfc262a3f0, L_000001dfc262ccd0, C4<1>, C4<1>;
L_000001dfc262c170 .functor AND 1, L_000001dfc2629090, L_000001dfc2629310, C4<1>, C4<1>;
L_000001dfc262cb80 .functor OR 1, L_000001dfc262c560, L_000001dfc262c170, C4<0>, C4<0>;
v000001dfc2622c20_0 .net *"_ivl_1", 0 0, L_000001dfc262a3f0;  1 drivers
v000001dfc2626500_0 .net *"_ivl_3", 0 0, L_000001dfc2629090;  1 drivers
v000001dfc2625100_0 .net "in", 1 0, L_000001dfc26291d0;  1 drivers
v000001dfc2626aa0_0 .net "out", 0 0, L_000001dfc262cb80;  1 drivers
v000001dfc2625e20_0 .net "sel", 0 0, L_000001dfc2629310;  1 drivers
v000001dfc2626640_0 .net "t1", 0 0, L_000001dfc262ccd0;  1 drivers
v000001dfc2626b40_0 .net "t2", 0 0, L_000001dfc262c560;  1 drivers
v000001dfc26260a0_0 .net "t3", 0 0, L_000001dfc262c170;  1 drivers
L_000001dfc262a3f0 .part L_000001dfc26291d0, 0, 1;
L_000001dfc2629090 .part L_000001dfc26291d0, 1, 1;
S_000001dfc2624320 .scope module, "M1" "mux_2x1" 4 24, 5 17 0, S_000001dfc26247d0;
 .timescale 0 0;
    .port_info 0 /INPUT 2 "in";
    .port_info 1 /INPUT 1 "sel";
    .port_info 2 /OUTPUT 1 "out";
L_000001dfc262ca30 .functor NOT 1, L_000001dfc2629a90, C4<0>, C4<0>, C4<0>;
L_000001dfc262c1e0 .functor AND 1, L_000001dfc26296d0, L_000001dfc262ca30, C4<1>, C4<1>;
L_000001dfc262c100 .functor AND 1, L_000001dfc2629950, L_000001dfc2629a90, C4<1>, C4<1>;
L_000001dfc262c4f0 .functor OR 1, L_000001dfc262c1e0, L_000001dfc262c100, C4<0>, C4<0>;
v000001dfc26251a0_0 .net *"_ivl_1", 0 0, L_000001dfc26296d0;  1 drivers
v000001dfc26266e0_0 .net *"_ivl_3", 0 0, L_000001dfc2629950;  1 drivers
v000001dfc2625b00_0 .net "in", 1 0, L_000001dfc26299f0;  1 drivers
v000001dfc2626be0_0 .net "out", 0 0, L_000001dfc262c4f0;  1 drivers
v000001dfc2625ce0_0 .net "sel", 0 0, L_000001dfc2629a90;  1 drivers
v000001dfc2625240_0 .net "t1", 0 0, L_000001dfc262ca30;  1 drivers
v000001dfc26252e0_0 .net "t2", 0 0, L_000001dfc262c1e0;  1 drivers
v000001dfc2626960_0 .net "t3", 0 0, L_000001dfc262c100;  1 drivers
L_000001dfc26296d0 .part L_000001dfc26299f0, 0, 1;
L_000001dfc2629950 .part L_000001dfc26299f0, 1, 1;
S_000001dfc26244b0 .scope module, "M3" "mux_2x1" 4 25, 5 17 0, S_000001dfc26247d0;
 .timescale 0 0;
    .port_info 0 /INPUT 2 "in";
    .port_info 1 /INPUT 1 "sel";
    .port_info 2 /OUTPUT 1 "out";
L_000001dfc262c3a0 .functor NOT 1, L_000001dfc262efd0, C4<0>, C4<0>, C4<0>;
L_000001dfc262cc60 .functor AND 1, L_000001dfc262e3f0, L_000001dfc262c3a0, C4<1>, C4<1>;
L_000001dfc262cbf0 .functor AND 1, L_000001dfc262fb10, L_000001dfc262efd0, C4<1>, C4<1>;
L_000001dfc262bed0 .functor OR 1, L_000001dfc262cc60, L_000001dfc262cbf0, C4<0>, C4<0>;
v000001dfc2625d80_0 .net *"_ivl_1", 0 0, L_000001dfc262e3f0;  1 drivers
v000001dfc2626320_0 .net *"_ivl_3", 0 0, L_000001dfc262fb10;  1 drivers
v000001dfc2626c80_0 .net "in", 1 0, L_000001dfc2629f90;  alias, 1 drivers
v000001dfc2626460_0 .net "out", 0 0, L_000001dfc262bed0;  alias, 1 drivers
v000001dfc2625f60_0 .net "sel", 0 0, L_000001dfc262efd0;  1 drivers
v000001dfc2625380_0 .net "t1", 0 0, L_000001dfc262c3a0;  1 drivers
v000001dfc2625ba0_0 .net "t2", 0 0, L_000001dfc262cc60;  1 drivers
v000001dfc26261e0_0 .net "t3", 0 0, L_000001dfc262cbf0;  1 drivers
L_000001dfc262e3f0 .part L_000001dfc2629f90, 0, 1;
L_000001dfc262fb10 .part L_000001dfc2629f90, 1, 1;
    .scope S_000001dfc25ca760;
T_0 ;
    %vpi_call 2 9 "$dumpfile", "mux_16x1.vcd" {0 0 0};
    %vpi_call 2 10 "$dumpvars", 32'sb00000000000000000000000000000000, S_000001dfc25ca760 {0 0 0};
    %vpi_call 2 11 "$monitor", $time, "A=%h, S=%h, Y=%b", v000001dfc2625ec0_0, v000001dfc2625740_0, v000001dfc26254c0_0 {0 0 0};
    %delay 5, 0;
    %pushi/vec4 16300, 0, 16;
    %store/vec4 v000001dfc2625ec0_0, 0, 16;
    %pushi/vec4 10, 0, 4;
    %store/vec4 v000001dfc2625740_0, 0, 4;
    %delay 5, 0;
    %pushi/vec4 1, 0, 4;
    %store/vec4 v000001dfc2625740_0, 0, 4;
    %delay 5, 0;
    %pushi/vec4 12, 0, 4;
    %store/vec4 v000001dfc2625740_0, 0, 4;
    %delay 5, 0;
    %pushi/vec4 5, 0, 4;
    %store/vec4 v000001dfc2625740_0, 0, 4;
    %delay 5, 0;
    %vpi_call 2 16 "$finish" {0 0 0};
    %end;
    .thread T_0;
# The file index is used to find the file name in the following table.
:file_names 6;
    "N/A";
    "<interactive>";
    "mux_16x1TB2.v";
    "./mux_16x1.v";
    "./mux_4x1.v";
    "./mux_2x1.v";
